# Conditions read from  CMS_CONDITIONS  via FrontierProd 
DEBUG 2015-11-09 19:06:28,786: 	 Executing command: 'submit'
DEBUG 2015-11-09 19:06:28,787: 	 Found CRAB cache file /afs/cern.ch/user/r/rkunnawa/.crab3
DEBUG 2015-11-09 19:06:29,078: 	 Checking credentials
DEBUG 2015-11-09 19:06:29,079: 	 Found proxy file /tmp/x509up_u47972
DEBUG 2015-11-09 19:06:29,079: 	 Getting proxy life time left
DEBUG 2015-11-09 19:06:32,114: 	 Executing : 
 command : voms-proxy-info -file /tmp/x509up_u47972 -timeleft
 output : 85920

 error: 
 retcode : 0
DEBUG 2015-11-09 19:06:33,265: 	 Executing : 
 command : voms-proxy-info -file /tmp/x509up_u47972 -actimeleft
 output : 85918

 error: 
 retcode : 0
DEBUG 2015-11-09 19:06:33,266: 	 Proxy valid for 23:52:00 hours
INFO 2015-11-09 19:06:33,266: 	 Will use CRAB configuration file crabConfig.py
DEBUG 2015-11-09 19:06:33,266: 	 Loading CRAB configuration file.
DEBUG 2015-11-09 19:06:33,271: 	 Will use CRAB PrivateMC plugin (i.e. will run a MC generation job type).
DEBUG 2015-11-09 19:06:33,910: 	 Executing : 
 command : openssl x509 -in ~/.globus/usercert.pem -subject -noout
 output : subject= /DC=ch/DC=cern/OU=Organic Units/OU=Users/CN=rkunnawa/CN=748357/CN=Raghav Kunnawalkam Elayavalli

 error: WARNING: can't open config file: /build/dmwmbld/srv/state/dmwmbld/builds/comp_gcc481/w/tmp/BUILDROOT/ef35842be28ecca6d10195ea8182a5ac/build/dmwmbld/srv/state/dmwmbld/builds/comp_gcc481/w/slc6_amd64_gcc481/external/openssl/1.0.1p/ssl/openssl.cnf

 retcode : 0
DEBUG 2015-11-09 19:06:33,910: 	 Checking credentials
DEBUG 2015-11-09 19:06:33,910: 	 Found proxy file /tmp/x509up_u47972
DEBUG 2015-11-09 19:06:33,910: 	 Getting proxy life time left
DEBUG 2015-11-09 19:06:35,051: 	 Executing : 
 command : voms-proxy-info -file /tmp/x509up_u47972 -timeleft
 output : 85918

 error: 
 retcode : 0
DEBUG 2015-11-09 19:06:36,183: 	 Executing : 
 command : voms-proxy-info -file /tmp/x509up_u47972 -actimeleft
 output : 85915

 error: 
 retcode : 0
DEBUG 2015-11-09 19:06:36,184: 	 Proxy valid for 23:51:58 hours
DEBUG 2015-11-09 19:06:37,623: 	 Executing : 
 command : env X509_USER_PROXY=/tmp/x509up_u47972 voms-proxy-info -fqan
 output : /cms/Role=NULL/Capability=NULL
/cms/uscms/Role=NULL/Capability=NULL

 error: 
 retcode : 0
DEBUG 2015-11-09 19:06:38,138: 	 Registering user credentials for server /DC=ch/DC=cern/OU=computers/CN=vocms(045|052|021|031|0118|0118a|0119).cern.ch
DEBUG 2015-11-09 19:06:38,260: 	 Executing : 
 command : openssl x509 -in ~/.globus/usercert.pem -subject -noout
 output : subject= /DC=ch/DC=cern/OU=Organic Units/OU=Users/CN=rkunnawa/CN=748357/CN=Raghav Kunnawalkam Elayavalli

 error: WARNING: can't open config file: /build/dmwmbld/srv/state/dmwmbld/builds/comp_gcc481/w/tmp/BUILDROOT/ef35842be28ecca6d10195ea8182a5ac/build/dmwmbld/srv/state/dmwmbld/builds/comp_gcc481/w/slc6_amd64_gcc481/external/openssl/1.0.1p/ssl/openssl.cnf

 retcode : 0
DEBUG 2015-11-09 19:06:38,260: 	 Getting myproxy life time left for myproxy.cern.ch
DEBUG 2015-11-09 19:06:38,260: 	 Calculating hash of /DC=ch/DC=cern/OU=Organic Units/OU=Users/CN=rkunnawa/CN=748357/CN=Raghav Kunnawalkam Elayavalli_cmsweb.cern.ch for credential name
DEBUG 2015-11-09 19:06:39,819: 	 Executing : 
 command : myproxy-info -l f177240e44e51f49e4026efe0693b4e2b9fc52c9 -s myproxy.cern.ch
 output : username: f177240e44e51f49e4026efe0693b4e2b9fc52c9
owner: /DC=ch/DC=cern/OU=Organic Units/OU=Users/CN=rkunnawa/CN=748357/CN=Raghav Kunnawalkam Elayavalli
  renewal policy: /DC=ch/DC=cern/OU=computers/CN=vocms(045|052|021|031|0118|0118a|0119).cern.ch
  trusted retrieval policy: /DC=ch/DC=cern/OU=computers/CN=vocms(045|052|021|031|0118|0118a|0119).cern.ch
  timeleft: 429:54:52  (17.9 days)

 error: 
 retcode : 0
DEBUG 2015-11-09 19:06:39,820: 	 Myproxy is valid: 1547692
DEBUG 2015-11-09 19:06:39,820: 	 Command use: submit
DEBUG 2015-11-09 19:06:39,820: 	 Options use: ['-c', 'crabConfig.py']
DEBUG 2015-11-09 19:06:40,206: 	 CRABClient version: 3.3.1511
DEBUG 2015-11-09 19:06:40,206: 	 Instance is prod
DEBUG 2015-11-09 19:06:40,206: 	 Server base url is cmsweb.cern.ch
DEBUG 2015-11-09 19:06:40,206: 	 Command url /crabserver/prod/workflow
DEBUG 2015-11-09 19:06:40,207: 	 Started submission
DEBUG 2015-11-09 19:06:40,207: 	 Working on /afs/cern.ch/work/r/rkunnawa/Run2_Production/CMSSW_7_5_4/src/PP/0T/QCD_Pt_0T_5p02TeV_TuneCUETP8M1_cfi_GEN_SIM_80/crab_20151109_190633
DEBUG 2015-11-09 19:06:42,395: 	 Loading required information from the environment
DEBUG 2015-11-09 19:06:42,395: 	 Found CMSSW_7_5_4 for slc6_amd64_gcc491 with base /afs/cern.ch/work/r/rkunnawa/Run2_Production/CMSSW_7_5_4
DEBUG 2015-11-09 19:06:42,485: 	 UNIQUE NAME: tarUUID 917f25e0-fbfd-4751-908e-d496b63926bd 
DEBUG 2015-11-09 19:06:42,486: 	 self.config: from WMCore.Configuration import Configuration
config = Configuration()
config.section_('General')
config.General.transferOutputs = True
config.section_('JobType')
config.JobType.psetName = 'QCD_Pt_0T_5p02TeV_TuneCUETP8M1_cfi_GEN_SIM_80.py'
config.JobType.pluginName = 'PrivateMC'
config.JobType.inputFiles = ['rssLimit']
config.JobType.outputFiles = ['step1.root']
config.section_('Data')
config.Data.outputDatasetTag = 'Pythia8_Dijet_0T_pthat80_pp_TuneCUETP8M1_5020GeV_PrivMC'
config.Data.totalUnits = 60000
config.Data.unitsPerJob = 100
config.Data.splitting = 'EventBased'
config.Data.outputPrimaryDataset = 'PYTHIA_QCD_0T_TuneCUETP8M1_cfi_GEN_SIM_5020GeV'
config.Data.publication = True
config.section_('User')
config.section_('Site')
config.Site.whitelist = ['T2_US_MIT']
config.Site.storageSite = 'T2_US_MIT'

DEBUG 2015-11-09 19:06:42,486: 	 self.config.JobType.psetName: QCD_Pt_0T_5p02TeV_TuneCUETP8M1_cfi_GEN_SIM_80.py
INFO 2015-11-09 19:06:42,487: 	 Importing CMSSW configuration QCD_Pt_0T_5p02TeV_TuneCUETP8M1_cfi_GEN_SIM_80.py
INFO 2015-11-09 19:06:49,685: 	 Finished importing CMSSW configuration QCD_Pt_0T_5p02TeV_TuneCUETP8M1_cfi_GEN_SIM_80.py
DEBUG 2015-11-09 19:06:49,685: 	 Writing CMSSW configuration to /afs/cern.ch/work/r/rkunnawa/Run2_Production/CMSSW_7_5_4/src/PP/0T/QCD_Pt_0T_5p02TeV_TuneCUETP8M1_cfi_GEN_SIM_80/crab_20151109_190633/inputs/PSet.py
DEBUG 2015-11-09 19:06:50,589: 	 The following EDM output files will be collected: ['step1.root']
DEBUG 2015-11-09 19:06:50,589: 	 The following TFile output files will be collected: []
DEBUG 2015-11-09 19:06:50,589: 	 The following user output files will be collected: []
DEBUG 2015-11-09 19:06:50,589: 	 Loading required information from the environment
DEBUG 2015-11-09 19:06:50,589: 	 Found CMSSW_7_5_4 for slc6_amd64_gcc491 with base /afs/cern.ch/work/r/rkunnawa/Run2_Production/CMSSW_7_5_4
DEBUG 2015-11-09 19:06:50,589: 	 Making tarball in /afs/cern.ch/work/r/rkunnawa/Run2_Production/CMSSW_7_5_4/src/PP/0T/QCD_Pt_0T_5p02TeV_TuneCUETP8M1_cfi_GEN_SIM_80/crab_20151109_190633/inputs/917f25e0-fbfd-4751-908e-d496b63926bddefault.tgz
DEBUG 2015-11-09 19:06:50,594: 	 Checking directory /afs/cern.ch/work/r/rkunnawa/Run2_Production/CMSSW_7_5_4/lib
DEBUG 2015-11-09 19:06:50,594: 	 Adding directory /afs/cern.ch/work/r/rkunnawa/Run2_Production/CMSSW_7_5_4/lib to tarball
DEBUG 2015-11-09 19:06:50,620: 	 Checking directory /afs/cern.ch/work/r/rkunnawa/Run2_Production/CMSSW_7_5_4/biglib
DEBUG 2015-11-09 19:06:50,620: 	 Adding directory /afs/cern.ch/work/r/rkunnawa/Run2_Production/CMSSW_7_5_4/biglib to tarball
DEBUG 2015-11-09 19:06:50,627: 	 Checking directory /afs/cern.ch/work/r/rkunnawa/Run2_Production/CMSSW_7_5_4/module
DEBUG 2015-11-09 19:06:50,644: 	 Adding file rssLimit to tarball
DEBUG 2015-11-09 19:06:50,804: 	 Uploading archive /afs/cern.ch/work/r/rkunnawa/Run2_Production/CMSSW_7_5_4/src/PP/0T/QCD_Pt_0T_5p02TeV_TuneCUETP8M1_cfi_GEN_SIM_80/crab_20151109_190633/inputs/917f25e0-fbfd-4751-908e-d496b63926bddefault.tgz to the CRAB cache. Using URI https://cmsweb.cern.ch/crabcache
DEBUG 2015-11-09 19:06:51,371: 	 Result uploading input files: 2db7040212aa958e3d3d2558a7f3af1788cf28b33ddf65a01abcbce06e04f893.tar.gz 
INFO 2015-11-09 19:06:51,371: 	 Sending the request to the server
DEBUG 2015-11-09 19:06:51,383: 	 Submitting {'maxjobruntime': 1250, 'adduserfiles': ['rssLimit'], 'ignorelocality': 0, 'savelogsflag': 0, 'useparent': 0, 'asyncdest': 'T2_US_MIT', 'algoargs': 100, 'cachefilename': '2db7040212aa958e3d3d2558a7f3af1788cf28b33ddf65a01abcbce06e04f893.tar.gz', 'numcores': 1, 'addoutputfiles': [], 'generator': 'pythia', 'maxmemory': 2000, 'publishdbsurl': 'https://cmsweb.cern.ch/dbs/prod/phys03/DBSWriter', 'priority': 10, 'jobsw': 'CMSSW_7_5_4', 'edmoutfiles': ['step1.root'], 'userfiles': [], 'primarydataset': 'PYTHIA_QCD_0T_TuneCUETP8M1_cfi_GEN_SIM_5020GeV', 'inputdata': '', 'dryrun': 0, 'workflow': 'crab_20151109_190633', 'sitewhitelist': ['T2_US_MIT'], 'nonprodsw': 0, 'tfileoutfiles': [], 'oneEventMode': 0, 'cacheurl': 'https://cmsweb.cern.ch/crabcache', 'saveoutput': 1, 'publication': 1, 'jobarch': 'slc6_amd64_gcc491', 'totalunits': 60000, 'splitalgo': 'EventBased', 'nonvaliddata': 0, 'dbsurl': 'https://cmsweb.cern.ch/dbs/prod/global/DBSReader', 'publishgroupname': 0, 'jobtype': 'PrivateMC', 'publishname2': 'Pythia8_Dijet_0T_pthat80_pp_TuneCUETP8M1_5020GeV_PrivMC'} 
DEBUG 2015-11-09 19:06:51,384: 	 Encoded submit request: maxjobruntime=1250&ignorelocality=0&savelogsflag=0&useparent=0&asyncdest=T2_US_MIT&algoargs=100&cachefilename=2db7040212aa958e3d3d2558a7f3af1788cf28b33ddf65a01abcbce06e04f893.tar.gz&numcores=1&generator=pythia&maxmemory=2000&publishdbsurl=https%3A%2F%2Fcmsweb.cern.ch%2Fdbs%2Fprod%2Fphys03%2FDBSWriter&priority=10&jobsw=CMSSW_7_5_4&primarydataset=PYTHIA_QCD_0T_TuneCUETP8M1_cfi_GEN_SIM_5020GeV&inputdata=&dryrun=0&workflow=crab_20151109_190633&nonprodsw=0&oneEventMode=0&cacheurl=https%3A%2F%2Fcmsweb.cern.ch%2Fcrabcache&saveoutput=1&publication=1&jobarch=slc6_amd64_gcc491&totalunits=60000&splitalgo=EventBased&nonvaliddata=0&dbsurl=https%3A%2F%2Fcmsweb.cern.ch%2Fdbs%2Fprod%2Fglobal%2FDBSReader&publishgroupname=0&jobtype=PrivateMC&publishname2=Pythia8_Dijet_0T_pthat80_pp_TuneCUETP8M1_5020GeV_PrivMC&adduserfiles=rssLimit&sitewhitelist=T2_US_MIT&edmoutfiles=step1.root
DEBUG 2015-11-09 19:06:52,706: 	 Result: {'result': [{'RequestName': '151109_180652:rkunnawa_crab_20151109_190633'}]}
INFO 2015-11-09 19:06:52,717: 	 Success: Your task has been delivered to the CRAB3 server.
INFO 2015-11-09 19:06:52,718: 	 Task name: 151109_180652:rkunnawa_crab_20151109_190633
INFO 2015-11-09 19:06:52,718: 	 Please use 'crab status' to check how the submission process proceeds.
DEBUG 2015-11-09 19:06:52,718: 	 About to return
INFO 2015-11-09 19:06:52,731: 	 Log file is /afs/cern.ch/work/r/rkunnawa/Run2_Production/CMSSW_7_5_4/src/PP/0T/QCD_Pt_0T_5p02TeV_TuneCUETP8M1_cfi_GEN_SIM_80/crab_20151109_190633/crab.log
