# Conditions read from  CMS_CONDITIONS  via FrontierProd 
DEBUG 2015-11-09 19:07:22,948: 	 Executing command: 'submit'
DEBUG 2015-11-09 19:07:22,948: 	 Found CRAB cache file /afs/cern.ch/user/r/rkunnawa/.crab3
DEBUG 2015-11-09 19:07:22,961: 	 Checking credentials
DEBUG 2015-11-09 19:07:22,962: 	 Found proxy file /tmp/x509up_u47972
DEBUG 2015-11-09 19:07:22,962: 	 Getting proxy life time left
DEBUG 2015-11-09 19:07:24,088: 	 Executing : 
 command : voms-proxy-info -file /tmp/x509up_u47972 -timeleft
 output : 85868

 error: 
 retcode : 0
DEBUG 2015-11-09 19:07:25,760: 	 Executing : 
 command : voms-proxy-info -file /tmp/x509up_u47972 -actimeleft
 output : 85866

 error: 
 retcode : 0
DEBUG 2015-11-09 19:07:25,760: 	 Proxy valid for 23:51:08 hours
INFO 2015-11-09 19:07:25,760: 	 Will use CRAB configuration file crabConfig.py
DEBUG 2015-11-09 19:07:25,761: 	 Loading CRAB configuration file.
DEBUG 2015-11-09 19:07:25,770: 	 Will use CRAB PrivateMC plugin (i.e. will run a MC generation job type).
DEBUG 2015-11-09 19:07:26,169: 	 Executing : 
 command : openssl x509 -in ~/.globus/usercert.pem -subject -noout
 output : subject= /DC=ch/DC=cern/OU=Organic Units/OU=Users/CN=rkunnawa/CN=748357/CN=Raghav Kunnawalkam Elayavalli

 error: WARNING: can't open config file: /build/dmwmbld/srv/state/dmwmbld/builds/comp_gcc481/w/tmp/BUILDROOT/ef35842be28ecca6d10195ea8182a5ac/build/dmwmbld/srv/state/dmwmbld/builds/comp_gcc481/w/slc6_amd64_gcc481/external/openssl/1.0.1p/ssl/openssl.cnf

 retcode : 0
DEBUG 2015-11-09 19:07:26,169: 	 Checking credentials
DEBUG 2015-11-09 19:07:26,169: 	 Found proxy file /tmp/x509up_u47972
DEBUG 2015-11-09 19:07:26,169: 	 Getting proxy life time left
DEBUG 2015-11-09 19:07:27,291: 	 Executing : 
 command : voms-proxy-info -file /tmp/x509up_u47972 -timeleft
 output : 85865

 error: 
 retcode : 0
DEBUG 2015-11-09 19:07:28,324: 	 Executing : 
 command : voms-proxy-info -file /tmp/x509up_u47972 -actimeleft
 output : 85863

 error: 
 retcode : 0
DEBUG 2015-11-09 19:07:28,325: 	 Proxy valid for 23:51:05 hours
DEBUG 2015-11-09 19:07:29,460: 	 Executing : 
 command : env X509_USER_PROXY=/tmp/x509up_u47972 voms-proxy-info -fqan
 output : /cms/Role=NULL/Capability=NULL
/cms/uscms/Role=NULL/Capability=NULL

 error: 
 retcode : 0
DEBUG 2015-11-09 19:07:36,095: 	 Registering user credentials for server /DC=ch/DC=cern/OU=computers/CN=vocms(045|052|021|031|0118|0118a|0119).cern.ch
DEBUG 2015-11-09 19:07:36,890: 	 Executing : 
 command : openssl x509 -in ~/.globus/usercert.pem -subject -noout
 output : subject= /DC=ch/DC=cern/OU=Organic Units/OU=Users/CN=rkunnawa/CN=748357/CN=Raghav Kunnawalkam Elayavalli

 error: WARNING: can't open config file: /build/dmwmbld/srv/state/dmwmbld/builds/comp_gcc481/w/tmp/BUILDROOT/ef35842be28ecca6d10195ea8182a5ac/build/dmwmbld/srv/state/dmwmbld/builds/comp_gcc481/w/slc6_amd64_gcc481/external/openssl/1.0.1p/ssl/openssl.cnf

 retcode : 0
DEBUG 2015-11-09 19:07:36,890: 	 Getting myproxy life time left for myproxy.cern.ch
DEBUG 2015-11-09 19:07:36,890: 	 Calculating hash of /DC=ch/DC=cern/OU=Organic Units/OU=Users/CN=rkunnawa/CN=748357/CN=Raghav Kunnawalkam Elayavalli_cmsweb.cern.ch for credential name
DEBUG 2015-11-09 19:07:37,303: 	 Executing : 
 command : myproxy-info -l f177240e44e51f49e4026efe0693b4e2b9fc52c9 -s myproxy.cern.ch
 output : username: f177240e44e51f49e4026efe0693b4e2b9fc52c9
owner: /DC=ch/DC=cern/OU=Organic Units/OU=Users/CN=rkunnawa/CN=748357/CN=Raghav Kunnawalkam Elayavalli
  renewal policy: /DC=ch/DC=cern/OU=computers/CN=vocms(045|052|021|031|0118|0118a|0119).cern.ch
  trusted retrieval policy: /DC=ch/DC=cern/OU=computers/CN=vocms(045|052|021|031|0118|0118a|0119).cern.ch
  timeleft: 429:53:54  (17.9 days)

 error: 
 retcode : 0
DEBUG 2015-11-09 19:07:37,304: 	 Myproxy is valid: 1547634
DEBUG 2015-11-09 19:07:37,305: 	 Command use: submit
DEBUG 2015-11-09 19:07:37,305: 	 Options use: ['-c', 'crabConfig.py']
DEBUG 2015-11-09 19:07:37,701: 	 CRABClient version: 3.3.1511
DEBUG 2015-11-09 19:07:37,701: 	 Instance is prod
DEBUG 2015-11-09 19:07:37,702: 	 Server base url is cmsweb.cern.ch
DEBUG 2015-11-09 19:07:37,702: 	 Command url /crabserver/prod/workflow
DEBUG 2015-11-09 19:07:37,702: 	 Started submission
DEBUG 2015-11-09 19:07:37,702: 	 Working on /afs/cern.ch/work/r/rkunnawa/Run2_Production/CMSSW_7_5_4/src/PP/0T/QCD_Pt_0T_5p02TeV_TuneCUETP8M1_cfi_GEN_SIM_170/crab_20151109_190725
DEBUG 2015-11-09 19:07:38,197: 	 Loading required information from the environment
DEBUG 2015-11-09 19:07:38,197: 	 Found CMSSW_7_5_4 for slc6_amd64_gcc491 with base /afs/cern.ch/work/r/rkunnawa/Run2_Production/CMSSW_7_5_4
DEBUG 2015-11-09 19:07:38,346: 	 UNIQUE NAME: tarUUID 02a90ce8-32d3-46d1-bcec-28af43f33834 
DEBUG 2015-11-09 19:07:38,347: 	 self.config: from WMCore.Configuration import Configuration
config = Configuration()
config.section_('General')
config.General.transferOutputs = True
config.section_('JobType')
config.JobType.psetName = 'QCD_Pt_0T_5p02TeV_TuneCUETP8M1_cfi_GEN_SIM_170.py'
config.JobType.pluginName = 'PrivateMC'
config.JobType.inputFiles = ['rssLimit']
config.JobType.outputFiles = ['step1.root']
config.section_('Data')
config.Data.outputDatasetTag = 'Pythia8_Dijet_0T_pthat170_pp_TuneCUETP8M1_5020GeV_PrivMC'
config.Data.totalUnits = 60000
config.Data.unitsPerJob = 100
config.Data.splitting = 'EventBased'
config.Data.outputPrimaryDataset = 'PYTHIA_QCD_0T_TuneCUETP8M1_cfi_GEN_SIM_5020GeV'
config.Data.publication = True
config.section_('User')
config.section_('Site')
config.Site.whitelist = ['T2_US_MIT']
config.Site.storageSite = 'T2_US_MIT'

DEBUG 2015-11-09 19:07:38,347: 	 self.config.JobType.psetName: QCD_Pt_0T_5p02TeV_TuneCUETP8M1_cfi_GEN_SIM_170.py
INFO 2015-11-09 19:07:38,347: 	 Importing CMSSW configuration QCD_Pt_0T_5p02TeV_TuneCUETP8M1_cfi_GEN_SIM_170.py
INFO 2015-11-09 19:07:40,704: 	 Finished importing CMSSW configuration QCD_Pt_0T_5p02TeV_TuneCUETP8M1_cfi_GEN_SIM_170.py
DEBUG 2015-11-09 19:07:40,704: 	 Writing CMSSW configuration to /afs/cern.ch/work/r/rkunnawa/Run2_Production/CMSSW_7_5_4/src/PP/0T/QCD_Pt_0T_5p02TeV_TuneCUETP8M1_cfi_GEN_SIM_170/crab_20151109_190725/inputs/PSet.py
DEBUG 2015-11-09 19:07:41,310: 	 The following EDM output files will be collected: ['step1.root']
DEBUG 2015-11-09 19:07:41,310: 	 The following TFile output files will be collected: []
DEBUG 2015-11-09 19:07:41,310: 	 The following user output files will be collected: []
DEBUG 2015-11-09 19:07:41,310: 	 Loading required information from the environment
DEBUG 2015-11-09 19:07:41,310: 	 Found CMSSW_7_5_4 for slc6_amd64_gcc491 with base /afs/cern.ch/work/r/rkunnawa/Run2_Production/CMSSW_7_5_4
DEBUG 2015-11-09 19:07:41,310: 	 Making tarball in /afs/cern.ch/work/r/rkunnawa/Run2_Production/CMSSW_7_5_4/src/PP/0T/QCD_Pt_0T_5p02TeV_TuneCUETP8M1_cfi_GEN_SIM_170/crab_20151109_190725/inputs/02a90ce8-32d3-46d1-bcec-28af43f33834default.tgz
DEBUG 2015-11-09 19:07:41,314: 	 Checking directory /afs/cern.ch/work/r/rkunnawa/Run2_Production/CMSSW_7_5_4/lib
DEBUG 2015-11-09 19:07:41,314: 	 Adding directory /afs/cern.ch/work/r/rkunnawa/Run2_Production/CMSSW_7_5_4/lib to tarball
DEBUG 2015-11-09 19:07:41,323: 	 Checking directory /afs/cern.ch/work/r/rkunnawa/Run2_Production/CMSSW_7_5_4/biglib
DEBUG 2015-11-09 19:07:41,323: 	 Adding directory /afs/cern.ch/work/r/rkunnawa/Run2_Production/CMSSW_7_5_4/biglib to tarball
DEBUG 2015-11-09 19:07:41,324: 	 Checking directory /afs/cern.ch/work/r/rkunnawa/Run2_Production/CMSSW_7_5_4/module
DEBUG 2015-11-09 19:07:41,340: 	 Adding file rssLimit to tarball
DEBUG 2015-11-09 19:07:41,471: 	 Uploading archive /afs/cern.ch/work/r/rkunnawa/Run2_Production/CMSSW_7_5_4/src/PP/0T/QCD_Pt_0T_5p02TeV_TuneCUETP8M1_cfi_GEN_SIM_170/crab_20151109_190725/inputs/02a90ce8-32d3-46d1-bcec-28af43f33834default.tgz to the CRAB cache. Using URI https://cmsweb.cern.ch/crabcache
DEBUG 2015-11-09 19:07:42,106: 	 Result uploading input files: 0de7e4ad35e7f9a043c64a6ddbd6445d4b3146d3bb43691924c182ff9675753c.tar.gz 
INFO 2015-11-09 19:07:42,106: 	 Sending the request to the server
DEBUG 2015-11-09 19:07:42,106: 	 Submitting {'maxjobruntime': 1250, 'adduserfiles': ['rssLimit'], 'ignorelocality': 0, 'savelogsflag': 0, 'useparent': 0, 'asyncdest': 'T2_US_MIT', 'algoargs': 100, 'cachefilename': '0de7e4ad35e7f9a043c64a6ddbd6445d4b3146d3bb43691924c182ff9675753c.tar.gz', 'numcores': 1, 'addoutputfiles': [], 'generator': 'pythia', 'maxmemory': 2000, 'publishdbsurl': 'https://cmsweb.cern.ch/dbs/prod/phys03/DBSWriter', 'priority': 10, 'jobsw': 'CMSSW_7_5_4', 'edmoutfiles': ['step1.root'], 'userfiles': [], 'primarydataset': 'PYTHIA_QCD_0T_TuneCUETP8M1_cfi_GEN_SIM_5020GeV', 'inputdata': '', 'dryrun': 0, 'workflow': 'crab_20151109_190725', 'sitewhitelist': ['T2_US_MIT'], 'nonprodsw': 0, 'tfileoutfiles': [], 'oneEventMode': 0, 'cacheurl': 'https://cmsweb.cern.ch/crabcache', 'saveoutput': 1, 'publication': 1, 'jobarch': 'slc6_amd64_gcc491', 'totalunits': 60000, 'splitalgo': 'EventBased', 'nonvaliddata': 0, 'dbsurl': 'https://cmsweb.cern.ch/dbs/prod/global/DBSReader', 'publishgroupname': 0, 'jobtype': 'PrivateMC', 'publishname2': 'Pythia8_Dijet_0T_pthat170_pp_TuneCUETP8M1_5020GeV_PrivMC'} 
DEBUG 2015-11-09 19:07:42,106: 	 Encoded submit request: maxjobruntime=1250&ignorelocality=0&savelogsflag=0&useparent=0&asyncdest=T2_US_MIT&algoargs=100&cachefilename=0de7e4ad35e7f9a043c64a6ddbd6445d4b3146d3bb43691924c182ff9675753c.tar.gz&numcores=1&generator=pythia&maxmemory=2000&publishdbsurl=https%3A%2F%2Fcmsweb.cern.ch%2Fdbs%2Fprod%2Fphys03%2FDBSWriter&priority=10&jobsw=CMSSW_7_5_4&primarydataset=PYTHIA_QCD_0T_TuneCUETP8M1_cfi_GEN_SIM_5020GeV&inputdata=&dryrun=0&workflow=crab_20151109_190725&nonprodsw=0&oneEventMode=0&cacheurl=https%3A%2F%2Fcmsweb.cern.ch%2Fcrabcache&saveoutput=1&publication=1&jobarch=slc6_amd64_gcc491&totalunits=60000&splitalgo=EventBased&nonvaliddata=0&dbsurl=https%3A%2F%2Fcmsweb.cern.ch%2Fdbs%2Fprod%2Fglobal%2FDBSReader&publishgroupname=0&jobtype=PrivateMC&publishname2=Pythia8_Dijet_0T_pthat170_pp_TuneCUETP8M1_5020GeV_PrivMC&adduserfiles=rssLimit&sitewhitelist=T2_US_MIT&edmoutfiles=step1.root
DEBUG 2015-11-09 19:07:43,371: 	 Result: {'result': [{'RequestName': '151109_180743:rkunnawa_crab_20151109_190725'}]}
INFO 2015-11-09 19:07:43,383: 	 Success: Your task has been delivered to the CRAB3 server.
INFO 2015-11-09 19:07:43,383: 	 Task name: 151109_180743:rkunnawa_crab_20151109_190725
INFO 2015-11-09 19:07:43,384: 	 Please use 'crab status' to check how the submission process proceeds.
DEBUG 2015-11-09 19:07:43,384: 	 About to return
INFO 2015-11-09 19:07:43,399: 	 Log file is /afs/cern.ch/work/r/rkunnawa/Run2_Production/CMSSW_7_5_4/src/PP/0T/QCD_Pt_0T_5p02TeV_TuneCUETP8M1_cfi_GEN_SIM_170/crab_20151109_190725/crab.log
