# Conditions read from  CMS_CONDITIONS  via FrontierProd 
DEBUG 2015-11-09 19:05:29,105: 	 Executing command: 'submit'
DEBUG 2015-11-09 19:05:29,105: 	 Found CRAB cache file /afs/cern.ch/user/r/rkunnawa/.crab3
DEBUG 2015-11-09 19:05:29,112: 	 Checking credentials
DEBUG 2015-11-09 19:05:29,112: 	 Found proxy file /tmp/x509up_u47972
DEBUG 2015-11-09 19:05:29,113: 	 Getting proxy life time left
DEBUG 2015-11-09 19:05:30,019: 	 Executing : 
 command : voms-proxy-info -file /tmp/x509up_u47972 -timeleft
 output : 85971

 error: 
 retcode : 0
DEBUG 2015-11-09 19:05:30,627: 	 Executing : 
 command : voms-proxy-info -file /tmp/x509up_u47972 -actimeleft
 output : 85970

 error: 
 retcode : 0
DEBUG 2015-11-09 19:05:30,627: 	 Proxy valid for 23:52:51 hours
INFO 2015-11-09 19:05:30,627: 	 Will use CRAB configuration file crabConfig.py
DEBUG 2015-11-09 19:05:30,628: 	 Loading CRAB configuration file.
DEBUG 2015-11-09 19:05:30,630: 	 Will use CRAB PrivateMC plugin (i.e. will run a MC generation job type).
DEBUG 2015-11-09 19:05:30,750: 	 Executing : 
 command : openssl x509 -in ~/.globus/usercert.pem -subject -noout
 output : subject= /DC=ch/DC=cern/OU=Organic Units/OU=Users/CN=rkunnawa/CN=748357/CN=Raghav Kunnawalkam Elayavalli

 error: WARNING: can't open config file: /build/dmwmbld/srv/state/dmwmbld/builds/comp_gcc481/w/tmp/BUILDROOT/ef35842be28ecca6d10195ea8182a5ac/build/dmwmbld/srv/state/dmwmbld/builds/comp_gcc481/w/slc6_amd64_gcc481/external/openssl/1.0.1p/ssl/openssl.cnf

 retcode : 0
DEBUG 2015-11-09 19:05:30,751: 	 Checking credentials
DEBUG 2015-11-09 19:05:30,751: 	 Found proxy file /tmp/x509up_u47972
DEBUG 2015-11-09 19:05:30,751: 	 Getting proxy life time left
DEBUG 2015-11-09 19:05:31,358: 	 Executing : 
 command : voms-proxy-info -file /tmp/x509up_u47972 -timeleft
 output : 85969

 error: 
 retcode : 0
DEBUG 2015-11-09 19:05:31,864: 	 Executing : 
 command : voms-proxy-info -file /tmp/x509up_u47972 -actimeleft
 output : 85969

 error: 
 retcode : 0
DEBUG 2015-11-09 19:05:31,864: 	 Proxy valid for 23:52:49 hours
DEBUG 2015-11-09 19:05:32,372: 	 Executing : 
 command : env X509_USER_PROXY=/tmp/x509up_u47972 voms-proxy-info -fqan
 output : /cms/Role=NULL/Capability=NULL
/cms/uscms/Role=NULL/Capability=NULL

 error: 
 retcode : 0
DEBUG 2015-11-09 19:05:32,787: 	 Registering user credentials for server /DC=ch/DC=cern/OU=computers/CN=vocms(045|052|021|031|0118|0118a|0119).cern.ch
DEBUG 2015-11-09 19:05:32,899: 	 Executing : 
 command : openssl x509 -in ~/.globus/usercert.pem -subject -noout
 output : subject= /DC=ch/DC=cern/OU=Organic Units/OU=Users/CN=rkunnawa/CN=748357/CN=Raghav Kunnawalkam Elayavalli

 error: WARNING: can't open config file: /build/dmwmbld/srv/state/dmwmbld/builds/comp_gcc481/w/tmp/BUILDROOT/ef35842be28ecca6d10195ea8182a5ac/build/dmwmbld/srv/state/dmwmbld/builds/comp_gcc481/w/slc6_amd64_gcc481/external/openssl/1.0.1p/ssl/openssl.cnf

 retcode : 0
DEBUG 2015-11-09 19:05:32,900: 	 Getting myproxy life time left for myproxy.cern.ch
DEBUG 2015-11-09 19:05:32,900: 	 Calculating hash of /DC=ch/DC=cern/OU=Organic Units/OU=Users/CN=rkunnawa/CN=748357/CN=Raghav Kunnawalkam Elayavalli_cmsweb.cern.ch for credential name
DEBUG 2015-11-09 19:05:33,305: 	 Executing : 
 command : myproxy-info -l f177240e44e51f49e4026efe0693b4e2b9fc52c9 -s myproxy.cern.ch
 output : username: f177240e44e51f49e4026efe0693b4e2b9fc52c9
owner: /DC=ch/DC=cern/OU=Organic Units/OU=Users/CN=rkunnawa/CN=748357/CN=Raghav Kunnawalkam Elayavalli
  renewal policy: /DC=ch/DC=cern/OU=computers/CN=vocms(045|052|021|031|0118|0118a|0119).cern.ch
  trusted retrieval policy: /DC=ch/DC=cern/OU=computers/CN=vocms(045|052|021|031|0118|0118a|0119).cern.ch
  timeleft: 429:55:58  (17.9 days)

 error: 
 retcode : 0
DEBUG 2015-11-09 19:05:33,306: 	 Myproxy is valid: 1547758
DEBUG 2015-11-09 19:05:33,307: 	 Command use: submit
DEBUG 2015-11-09 19:05:33,307: 	 Options use: ['-c', 'crabConfig.py']
DEBUG 2015-11-09 19:05:33,925: 	 CRABClient version: 3.3.1511
DEBUG 2015-11-09 19:05:33,925: 	 Instance is prod
DEBUG 2015-11-09 19:05:33,925: 	 Server base url is cmsweb.cern.ch
DEBUG 2015-11-09 19:05:33,926: 	 Command url /crabserver/prod/workflow
DEBUG 2015-11-09 19:05:33,926: 	 Started submission
DEBUG 2015-11-09 19:05:33,926: 	 Working on /afs/cern.ch/work/r/rkunnawa/Run2_Production/CMSSW_7_5_4/src/PbPb/0T/QCD_0T_TuneCUETP8M1_cfi_GEN_SIM_120/crab_20151109_190530
DEBUG 2015-11-09 19:05:34,413: 	 Loading required information from the environment
DEBUG 2015-11-09 19:05:34,413: 	 Found CMSSW_7_5_4 for slc6_amd64_gcc491 with base /afs/cern.ch/work/r/rkunnawa/Run2_Production/CMSSW_7_5_4
DEBUG 2015-11-09 19:05:34,429: 	 UNIQUE NAME: tarUUID 5e73d95f-119e-419c-8357-ec4ccc0adee0 
DEBUG 2015-11-09 19:05:34,430: 	 self.config: from WMCore.Configuration import Configuration
config = Configuration()
config.section_('General')
config.General.transferOutputs = True
config.section_('JobType')
config.JobType.psetName = 'QCD_0T_TuneCUETP8M1_cfi_GEN_SIM_120.py'
config.JobType.pluginName = 'PrivateMC'
config.JobType.inputFiles = ['rssLimit']
config.JobType.outputFiles = ['step1.root']
config.section_('Data')
config.Data.outputDatasetTag = 'Pythia8_Dijet_0T_pthat120_pp_TuneCUETP8M1_Hydjet_MinBias_5020GeV_PrivMC'
config.Data.totalUnits = 60000
config.Data.unitsPerJob = 100
config.Data.splitting = 'EventBased'
config.Data.outputPrimaryDataset = 'PYTHIA_QCD_0T_TuneCUETP8M1_cfi_GEN_SIM_5020GeV'
config.Data.publication = True
config.section_('User')
config.section_('Site')
config.Site.whitelist = ['T2_US_MIT']
config.Site.storageSite = 'T2_US_MIT'

DEBUG 2015-11-09 19:05:34,430: 	 self.config.JobType.psetName: QCD_0T_TuneCUETP8M1_cfi_GEN_SIM_120.py
INFO 2015-11-09 19:05:34,430: 	 Importing CMSSW configuration QCD_0T_TuneCUETP8M1_cfi_GEN_SIM_120.py
INFO 2015-11-09 19:05:35,870: 	 Finished importing CMSSW configuration QCD_0T_TuneCUETP8M1_cfi_GEN_SIM_120.py
DEBUG 2015-11-09 19:05:35,871: 	 Writing CMSSW configuration to /afs/cern.ch/work/r/rkunnawa/Run2_Production/CMSSW_7_5_4/src/PbPb/0T/QCD_0T_TuneCUETP8M1_cfi_GEN_SIM_120/crab_20151109_190530/inputs/PSet.py
DEBUG 2015-11-09 19:05:36,272: 	 The following EDM output files will be collected: ['step1.root']
DEBUG 2015-11-09 19:05:36,272: 	 The following TFile output files will be collected: []
DEBUG 2015-11-09 19:05:36,272: 	 The following user output files will be collected: []
DEBUG 2015-11-09 19:05:36,272: 	 Loading required information from the environment
DEBUG 2015-11-09 19:05:36,272: 	 Found CMSSW_7_5_4 for slc6_amd64_gcc491 with base /afs/cern.ch/work/r/rkunnawa/Run2_Production/CMSSW_7_5_4
DEBUG 2015-11-09 19:05:36,272: 	 Making tarball in /afs/cern.ch/work/r/rkunnawa/Run2_Production/CMSSW_7_5_4/src/PbPb/0T/QCD_0T_TuneCUETP8M1_cfi_GEN_SIM_120/crab_20151109_190530/inputs/5e73d95f-119e-419c-8357-ec4ccc0adee0default.tgz
DEBUG 2015-11-09 19:05:36,273: 	 Checking directory /afs/cern.ch/work/r/rkunnawa/Run2_Production/CMSSW_7_5_4/lib
DEBUG 2015-11-09 19:05:36,273: 	 Adding directory /afs/cern.ch/work/r/rkunnawa/Run2_Production/CMSSW_7_5_4/lib to tarball
DEBUG 2015-11-09 19:05:36,278: 	 Checking directory /afs/cern.ch/work/r/rkunnawa/Run2_Production/CMSSW_7_5_4/biglib
DEBUG 2015-11-09 19:05:36,278: 	 Adding directory /afs/cern.ch/work/r/rkunnawa/Run2_Production/CMSSW_7_5_4/biglib to tarball
DEBUG 2015-11-09 19:05:36,280: 	 Checking directory /afs/cern.ch/work/r/rkunnawa/Run2_Production/CMSSW_7_5_4/module
DEBUG 2015-11-09 19:05:36,297: 	 Adding file rssLimit to tarball
DEBUG 2015-11-09 19:05:36,434: 	 Uploading archive /afs/cern.ch/work/r/rkunnawa/Run2_Production/CMSSW_7_5_4/src/PbPb/0T/QCD_0T_TuneCUETP8M1_cfi_GEN_SIM_120/crab_20151109_190530/inputs/5e73d95f-119e-419c-8357-ec4ccc0adee0default.tgz to the CRAB cache. Using URI https://cmsweb.cern.ch/crabcache
DEBUG 2015-11-09 19:05:37,147: 	 Result uploading input files: bf22c0d01b1127efa8c1c70f0c620255b4740f09a38551572781e7d89c298a24.tar.gz 
INFO 2015-11-09 19:05:37,147: 	 Sending the request to the server
DEBUG 2015-11-09 19:05:37,148: 	 Submitting {'maxjobruntime': 1250, 'adduserfiles': ['rssLimit'], 'ignorelocality': 0, 'savelogsflag': 0, 'useparent': 0, 'asyncdest': 'T2_US_MIT', 'algoargs': 100, 'cachefilename': 'bf22c0d01b1127efa8c1c70f0c620255b4740f09a38551572781e7d89c298a24.tar.gz', 'numcores': 1, 'addoutputfiles': [], 'generator': 'pythia', 'maxmemory': 2000, 'publishdbsurl': 'https://cmsweb.cern.ch/dbs/prod/phys03/DBSWriter', 'priority': 10, 'jobsw': 'CMSSW_7_5_4', 'edmoutfiles': ['step1.root'], 'userfiles': [], 'primarydataset': 'PYTHIA_QCD_0T_TuneCUETP8M1_cfi_GEN_SIM_5020GeV', 'inputdata': '', 'dryrun': 0, 'workflow': 'crab_20151109_190530', 'sitewhitelist': ['T2_US_MIT'], 'nonprodsw': 0, 'tfileoutfiles': [], 'oneEventMode': 0, 'cacheurl': 'https://cmsweb.cern.ch/crabcache', 'saveoutput': 1, 'publication': 1, 'jobarch': 'slc6_amd64_gcc491', 'totalunits': 60000, 'splitalgo': 'EventBased', 'nonvaliddata': 0, 'dbsurl': 'https://cmsweb.cern.ch/dbs/prod/global/DBSReader', 'publishgroupname': 0, 'jobtype': 'PrivateMC', 'publishname2': 'Pythia8_Dijet_0T_pthat120_pp_TuneCUETP8M1_Hydjet_MinBias_5020GeV_PrivMC'} 
DEBUG 2015-11-09 19:05:37,148: 	 Encoded submit request: maxjobruntime=1250&ignorelocality=0&savelogsflag=0&useparent=0&asyncdest=T2_US_MIT&algoargs=100&cachefilename=bf22c0d01b1127efa8c1c70f0c620255b4740f09a38551572781e7d89c298a24.tar.gz&numcores=1&generator=pythia&maxmemory=2000&publishdbsurl=https%3A%2F%2Fcmsweb.cern.ch%2Fdbs%2Fprod%2Fphys03%2FDBSWriter&priority=10&jobsw=CMSSW_7_5_4&primarydataset=PYTHIA_QCD_0T_TuneCUETP8M1_cfi_GEN_SIM_5020GeV&inputdata=&dryrun=0&workflow=crab_20151109_190530&nonprodsw=0&oneEventMode=0&cacheurl=https%3A%2F%2Fcmsweb.cern.ch%2Fcrabcache&saveoutput=1&publication=1&jobarch=slc6_amd64_gcc491&totalunits=60000&splitalgo=EventBased&nonvaliddata=0&dbsurl=https%3A%2F%2Fcmsweb.cern.ch%2Fdbs%2Fprod%2Fglobal%2FDBSReader&publishgroupname=0&jobtype=PrivateMC&publishname2=Pythia8_Dijet_0T_pthat120_pp_TuneCUETP8M1_Hydjet_MinBias_5020GeV_PrivMC&adduserfiles=rssLimit&sitewhitelist=T2_US_MIT&edmoutfiles=step1.root
DEBUG 2015-11-09 19:05:38,524: 	 Result: {'result': [{'RequestName': '151109_180538:rkunnawa_crab_20151109_190530'}]}
INFO 2015-11-09 19:05:38,528: 	 Success: Your task has been delivered to the CRAB3 server.
INFO 2015-11-09 19:05:38,528: 	 Task name: 151109_180538:rkunnawa_crab_20151109_190530
INFO 2015-11-09 19:05:38,528: 	 Please use 'crab status' to check how the submission process proceeds.
DEBUG 2015-11-09 19:05:38,528: 	 About to return
INFO 2015-11-09 19:05:38,533: 	 Log file is /afs/cern.ch/work/r/rkunnawa/Run2_Production/CMSSW_7_5_4/src/PbPb/0T/QCD_0T_TuneCUETP8M1_cfi_GEN_SIM_120/crab_20151109_190530/crab.log
