# Conditions read from  CMS_CONDITIONS  via FrontierProd 
DEBUG 2015-11-09 19:05:11,093: 	 Executing command: 'submit'
DEBUG 2015-11-09 19:05:11,094: 	 Found CRAB cache file /afs/cern.ch/user/r/rkunnawa/.crab3
DEBUG 2015-11-09 19:05:11,101: 	 Checking credentials
DEBUG 2015-11-09 19:05:11,101: 	 Found proxy file /tmp/x509up_u47972
DEBUG 2015-11-09 19:05:11,101: 	 Getting proxy life time left
DEBUG 2015-11-09 19:05:11,606: 	 Executing : 
 command : voms-proxy-info -file /tmp/x509up_u47972 -timeleft
 output : 85989

 error: 
 retcode : 0
DEBUG 2015-11-09 19:05:12,116: 	 Executing : 
 command : voms-proxy-info -file /tmp/x509up_u47972 -actimeleft
 output : 85988

 error: 
 retcode : 0
DEBUG 2015-11-09 19:05:12,117: 	 Proxy valid for 23:53:09 hours
INFO 2015-11-09 19:05:12,117: 	 Will use CRAB configuration file crabConfig.py
DEBUG 2015-11-09 19:05:12,117: 	 Loading CRAB configuration file.
DEBUG 2015-11-09 19:05:12,122: 	 Will use CRAB PrivateMC plugin (i.e. will run a MC generation job type).
DEBUG 2015-11-09 19:05:12,243: 	 Executing : 
 command : openssl x509 -in ~/.globus/usercert.pem -subject -noout
 output : subject= /DC=ch/DC=cern/OU=Organic Units/OU=Users/CN=rkunnawa/CN=748357/CN=Raghav Kunnawalkam Elayavalli

 error: WARNING: can't open config file: /build/dmwmbld/srv/state/dmwmbld/builds/comp_gcc481/w/tmp/BUILDROOT/ef35842be28ecca6d10195ea8182a5ac/build/dmwmbld/srv/state/dmwmbld/builds/comp_gcc481/w/slc6_amd64_gcc481/external/openssl/1.0.1p/ssl/openssl.cnf

 retcode : 0
DEBUG 2015-11-09 19:05:12,244: 	 Checking credentials
DEBUG 2015-11-09 19:05:12,244: 	 Found proxy file /tmp/x509up_u47972
DEBUG 2015-11-09 19:05:12,244: 	 Getting proxy life time left
DEBUG 2015-11-09 19:05:12,750: 	 Executing : 
 command : voms-proxy-info -file /tmp/x509up_u47972 -timeleft
 output : 85988

 error: 
 retcode : 0
DEBUG 2015-11-09 19:05:13,255: 	 Executing : 
 command : voms-proxy-info -file /tmp/x509up_u47972 -actimeleft
 output : 85987

 error: 
 retcode : 0
DEBUG 2015-11-09 19:05:13,256: 	 Proxy valid for 23:53:08 hours
DEBUG 2015-11-09 19:05:13,762: 	 Executing : 
 command : env X509_USER_PROXY=/tmp/x509up_u47972 voms-proxy-info -fqan
 output : /cms/Role=NULL/Capability=NULL
/cms/uscms/Role=NULL/Capability=NULL

 error: 
 retcode : 0
DEBUG 2015-11-09 19:05:14,292: 	 Registering user credentials for server /DC=ch/DC=cern/OU=computers/CN=vocms(045|052|021|031|0118|0118a|0119).cern.ch
DEBUG 2015-11-09 19:05:14,404: 	 Executing : 
 command : openssl x509 -in ~/.globus/usercert.pem -subject -noout
 output : subject= /DC=ch/DC=cern/OU=Organic Units/OU=Users/CN=rkunnawa/CN=748357/CN=Raghav Kunnawalkam Elayavalli

 error: WARNING: can't open config file: /build/dmwmbld/srv/state/dmwmbld/builds/comp_gcc481/w/tmp/BUILDROOT/ef35842be28ecca6d10195ea8182a5ac/build/dmwmbld/srv/state/dmwmbld/builds/comp_gcc481/w/slc6_amd64_gcc481/external/openssl/1.0.1p/ssl/openssl.cnf

 retcode : 0
DEBUG 2015-11-09 19:05:14,405: 	 Getting myproxy life time left for myproxy.cern.ch
DEBUG 2015-11-09 19:05:14,405: 	 Calculating hash of /DC=ch/DC=cern/OU=Organic Units/OU=Users/CN=rkunnawa/CN=748357/CN=Raghav Kunnawalkam Elayavalli_cmsweb.cern.ch for credential name
DEBUG 2015-11-09 19:05:14,610: 	 Executing : 
 command : myproxy-info -l f177240e44e51f49e4026efe0693b4e2b9fc52c9 -s myproxy.cern.ch
 output : username: f177240e44e51f49e4026efe0693b4e2b9fc52c9
owner: /DC=ch/DC=cern/OU=Organic Units/OU=Users/CN=rkunnawa/CN=748357/CN=Raghav Kunnawalkam Elayavalli
  renewal policy: /DC=ch/DC=cern/OU=computers/CN=vocms(045|052|021|031|0118|0118a|0119).cern.ch
  trusted retrieval policy: /DC=ch/DC=cern/OU=computers/CN=vocms(045|052|021|031|0118|0118a|0119).cern.ch
  timeleft: 429:56:17  (17.9 days)

 error: 
 retcode : 0
DEBUG 2015-11-09 19:05:14,611: 	 Myproxy is valid: 1547777
DEBUG 2015-11-09 19:05:14,611: 	 Command use: submit
DEBUG 2015-11-09 19:05:14,612: 	 Options use: ['-c', 'crabConfig.py']
DEBUG 2015-11-09 19:05:15,048: 	 CRABClient version: 3.3.1511
DEBUG 2015-11-09 19:05:15,048: 	 Instance is prod
DEBUG 2015-11-09 19:05:15,048: 	 Server base url is cmsweb.cern.ch
DEBUG 2015-11-09 19:05:15,048: 	 Command url /crabserver/prod/workflow
DEBUG 2015-11-09 19:05:15,049: 	 Started submission
DEBUG 2015-11-09 19:05:15,049: 	 Working on /afs/cern.ch/work/r/rkunnawa/Run2_Production/CMSSW_7_5_4/src/PbPb/0T/QCD_0T_TuneCUETP8M1_cfi_GEN_SIM_50/crab_20151109_190512
DEBUG 2015-11-09 19:05:15,508: 	 Loading required information from the environment
DEBUG 2015-11-09 19:05:15,508: 	 Found CMSSW_7_5_4 for slc6_amd64_gcc491 with base /afs/cern.ch/work/r/rkunnawa/Run2_Production/CMSSW_7_5_4
DEBUG 2015-11-09 19:05:15,527: 	 UNIQUE NAME: tarUUID d759cff4-5582-4a7e-a668-c6778ac5f13c 
DEBUG 2015-11-09 19:05:15,528: 	 self.config: from WMCore.Configuration import Configuration
config = Configuration()
config.section_('General')
config.General.transferOutputs = True
config.section_('JobType')
config.JobType.psetName = 'QCD_0T_TuneCUETP8M1_cfi_GEN_SIM_50.py'
config.JobType.pluginName = 'PrivateMC'
config.JobType.inputFiles = ['rssLimit']
config.JobType.outputFiles = ['step1.root']
config.section_('Data')
config.Data.outputDatasetTag = 'Pythia8_Dijet_0T_pthat50_pp_TuneCUETP8M1_Hydjet_MinBias_5020GeV_PrivMC'
config.Data.totalUnits = 60000
config.Data.unitsPerJob = 100
config.Data.splitting = 'EventBased'
config.Data.outputPrimaryDataset = 'PYTHIA_QCD_0T_TuneCUETP8M1_cfi_GEN_SIM_5020GeV'
config.Data.publication = True
config.section_('User')
config.section_('Site')
config.Site.whitelist = ['T2_US_MIT']
config.Site.storageSite = 'T2_US_MIT'

DEBUG 2015-11-09 19:05:15,528: 	 self.config.JobType.psetName: QCD_0T_TuneCUETP8M1_cfi_GEN_SIM_50.py
INFO 2015-11-09 19:05:15,528: 	 Importing CMSSW configuration QCD_0T_TuneCUETP8M1_cfi_GEN_SIM_50.py
INFO 2015-11-09 19:05:16,915: 	 Finished importing CMSSW configuration QCD_0T_TuneCUETP8M1_cfi_GEN_SIM_50.py
DEBUG 2015-11-09 19:05:16,915: 	 Writing CMSSW configuration to /afs/cern.ch/work/r/rkunnawa/Run2_Production/CMSSW_7_5_4/src/PbPb/0T/QCD_0T_TuneCUETP8M1_cfi_GEN_SIM_50/crab_20151109_190512/inputs/PSet.py
DEBUG 2015-11-09 19:05:17,335: 	 The following EDM output files will be collected: ['step1.root']
DEBUG 2015-11-09 19:05:17,335: 	 The following TFile output files will be collected: []
DEBUG 2015-11-09 19:05:17,335: 	 The following user output files will be collected: []
DEBUG 2015-11-09 19:05:17,335: 	 Loading required information from the environment
DEBUG 2015-11-09 19:05:17,335: 	 Found CMSSW_7_5_4 for slc6_amd64_gcc491 with base /afs/cern.ch/work/r/rkunnawa/Run2_Production/CMSSW_7_5_4
DEBUG 2015-11-09 19:05:17,335: 	 Making tarball in /afs/cern.ch/work/r/rkunnawa/Run2_Production/CMSSW_7_5_4/src/PbPb/0T/QCD_0T_TuneCUETP8M1_cfi_GEN_SIM_50/crab_20151109_190512/inputs/d759cff4-5582-4a7e-a668-c6778ac5f13cdefault.tgz
DEBUG 2015-11-09 19:05:17,337: 	 Checking directory /afs/cern.ch/work/r/rkunnawa/Run2_Production/CMSSW_7_5_4/lib
DEBUG 2015-11-09 19:05:17,337: 	 Adding directory /afs/cern.ch/work/r/rkunnawa/Run2_Production/CMSSW_7_5_4/lib to tarball
DEBUG 2015-11-09 19:05:17,340: 	 Checking directory /afs/cern.ch/work/r/rkunnawa/Run2_Production/CMSSW_7_5_4/biglib
DEBUG 2015-11-09 19:05:17,340: 	 Adding directory /afs/cern.ch/work/r/rkunnawa/Run2_Production/CMSSW_7_5_4/biglib to tarball
DEBUG 2015-11-09 19:05:17,341: 	 Checking directory /afs/cern.ch/work/r/rkunnawa/Run2_Production/CMSSW_7_5_4/module
DEBUG 2015-11-09 19:05:17,347: 	 Adding file rssLimit to tarball
DEBUG 2015-11-09 19:05:17,452: 	 Uploading archive /afs/cern.ch/work/r/rkunnawa/Run2_Production/CMSSW_7_5_4/src/PbPb/0T/QCD_0T_TuneCUETP8M1_cfi_GEN_SIM_50/crab_20151109_190512/inputs/d759cff4-5582-4a7e-a668-c6778ac5f13cdefault.tgz to the CRAB cache. Using URI https://cmsweb.cern.ch/crabcache
DEBUG 2015-11-09 19:05:17,947: 	 Result uploading input files: c1014eb3a941386b46ec520b81bc97021d275ad20eff7367ed0ff5a597f07445.tar.gz 
INFO 2015-11-09 19:05:17,948: 	 Sending the request to the server
DEBUG 2015-11-09 19:05:17,948: 	 Submitting {'maxjobruntime': 1250, 'adduserfiles': ['rssLimit'], 'ignorelocality': 0, 'savelogsflag': 0, 'useparent': 0, 'asyncdest': 'T2_US_MIT', 'algoargs': 100, 'cachefilename': 'c1014eb3a941386b46ec520b81bc97021d275ad20eff7367ed0ff5a597f07445.tar.gz', 'numcores': 1, 'addoutputfiles': [], 'generator': 'pythia', 'maxmemory': 2000, 'publishdbsurl': 'https://cmsweb.cern.ch/dbs/prod/phys03/DBSWriter', 'priority': 10, 'jobsw': 'CMSSW_7_5_4', 'edmoutfiles': ['step1.root'], 'userfiles': [], 'primarydataset': 'PYTHIA_QCD_0T_TuneCUETP8M1_cfi_GEN_SIM_5020GeV', 'inputdata': '', 'dryrun': 0, 'workflow': 'crab_20151109_190512', 'sitewhitelist': ['T2_US_MIT'], 'nonprodsw': 0, 'tfileoutfiles': [], 'oneEventMode': 0, 'cacheurl': 'https://cmsweb.cern.ch/crabcache', 'saveoutput': 1, 'publication': 1, 'jobarch': 'slc6_amd64_gcc491', 'totalunits': 60000, 'splitalgo': 'EventBased', 'nonvaliddata': 0, 'dbsurl': 'https://cmsweb.cern.ch/dbs/prod/global/DBSReader', 'publishgroupname': 0, 'jobtype': 'PrivateMC', 'publishname2': 'Pythia8_Dijet_0T_pthat50_pp_TuneCUETP8M1_Hydjet_MinBias_5020GeV_PrivMC'} 
DEBUG 2015-11-09 19:05:17,948: 	 Encoded submit request: maxjobruntime=1250&ignorelocality=0&savelogsflag=0&useparent=0&asyncdest=T2_US_MIT&algoargs=100&cachefilename=c1014eb3a941386b46ec520b81bc97021d275ad20eff7367ed0ff5a597f07445.tar.gz&numcores=1&generator=pythia&maxmemory=2000&publishdbsurl=https%3A%2F%2Fcmsweb.cern.ch%2Fdbs%2Fprod%2Fphys03%2FDBSWriter&priority=10&jobsw=CMSSW_7_5_4&primarydataset=PYTHIA_QCD_0T_TuneCUETP8M1_cfi_GEN_SIM_5020GeV&inputdata=&dryrun=0&workflow=crab_20151109_190512&nonprodsw=0&oneEventMode=0&cacheurl=https%3A%2F%2Fcmsweb.cern.ch%2Fcrabcache&saveoutput=1&publication=1&jobarch=slc6_amd64_gcc491&totalunits=60000&splitalgo=EventBased&nonvaliddata=0&dbsurl=https%3A%2F%2Fcmsweb.cern.ch%2Fdbs%2Fprod%2Fglobal%2FDBSReader&publishgroupname=0&jobtype=PrivateMC&publishname2=Pythia8_Dijet_0T_pthat50_pp_TuneCUETP8M1_Hydjet_MinBias_5020GeV_PrivMC&adduserfiles=rssLimit&sitewhitelist=T2_US_MIT&edmoutfiles=step1.root
DEBUG 2015-11-09 19:05:18,977: 	 Result: {'result': [{'RequestName': '151109_180518:rkunnawa_crab_20151109_190512'}]}
INFO 2015-11-09 19:05:18,980: 	 Success: Your task has been delivered to the CRAB3 server.
INFO 2015-11-09 19:05:18,980: 	 Task name: 151109_180518:rkunnawa_crab_20151109_190512
INFO 2015-11-09 19:05:18,980: 	 Please use 'crab status' to check how the submission process proceeds.
DEBUG 2015-11-09 19:05:18,981: 	 About to return
INFO 2015-11-09 19:05:18,984: 	 Log file is /afs/cern.ch/work/r/rkunnawa/Run2_Production/CMSSW_7_5_4/src/PbPb/0T/QCD_0T_TuneCUETP8M1_cfi_GEN_SIM_50/crab_20151109_190512/crab.log
DEBUG 2015-11-10 03:02:49,450: 	 Executing command: 'status'
DEBUG 2015-11-10 03:02:49,452: 	 Found CRAB cache file /afs/cern.ch/user/r/rkunnawa/.crab3
DEBUG 2015-11-10 03:02:49,471: 	 Checking credentials
DEBUG 2015-11-10 03:02:49,471: 	 Proxy file /tmp/x509up_u47972 not found
DEBUG 2015-11-10 03:02:49,471: 	 Creating new proxy for 24:00 hours with VO group '' and VO role 'NULL'.
DEBUG 2015-11-10 03:02:57,312: 	 Executing : 
 command : voms-proxy-init -voms cms:/cms -valid 24:00 -rfc
 output : None
 error: None
 retcode : 0
DEBUG 2015-11-10 03:02:57,825: 	 Executing : 
 command : voms-proxy-info -file /tmp/x509up_u47972 -timeleft
 output : 86398

 error: 
 retcode : 0
DEBUG 2015-11-10 03:02:58,339: 	 Executing : 
 command : voms-proxy-info -file /tmp/x509up_u47972 -actimeleft
 output : 86397

 error: 
 retcode : 0
DEBUG 2015-11-10 03:02:58,845: 	 Executing : 
 command : env X509_USER_PROXY=/tmp/x509up_u47972 voms-proxy-info -fqan
 output : /cms/Role=NULL/Capability=NULL
/cms/uscms/Role=NULL/Capability=NULL

 error: 
 retcode : 0
DEBUG 2015-11-10 03:02:58,845: 	 Proxy created.
DEBUG 2015-11-10 03:02:58,995: 	 Executing : 
 command : openssl x509 -in ~/.globus/usercert.pem -subject -noout
 output : subject= /DC=ch/DC=cern/OU=Organic Units/OU=Users/CN=rkunnawa/CN=748357/CN=Raghav Kunnawalkam Elayavalli

 error: WARNING: can't open config file: /build/dmwmbld/srv/state/dmwmbld/builds/comp_gcc481/w/tmp/BUILDROOT/ef35842be28ecca6d10195ea8182a5ac/build/dmwmbld/srv/state/dmwmbld/builds/comp_gcc481/w/slc6_amd64_gcc481/external/openssl/1.0.1p/ssl/openssl.cnf

 retcode : 0
DEBUG 2015-11-10 03:02:58,995: 	 Checking credentials
DEBUG 2015-11-10 03:02:58,996: 	 Found proxy file /tmp/x509up_u47972
DEBUG 2015-11-10 03:02:58,996: 	 Getting proxy life time left
DEBUG 2015-11-10 03:02:59,504: 	 Executing : 
 command : voms-proxy-info -file /tmp/x509up_u47972 -timeleft
 output : 86396

 error: 
 retcode : 0
DEBUG 2015-11-10 03:03:00,011: 	 Executing : 
 command : voms-proxy-info -file /tmp/x509up_u47972 -actimeleft
 output : 86396

 error: 
 retcode : 0
DEBUG 2015-11-10 03:03:00,011: 	 Proxy valid for 23:59:56 hours
DEBUG 2015-11-10 03:03:00,589: 	 Registering user credentials for server /DC=ch/DC=cern/OU=computers/CN=vocms(045|052|021|031|0118|0118a|0119).cern.ch
DEBUG 2015-11-10 03:03:00,700: 	 Executing : 
 command : openssl x509 -in ~/.globus/usercert.pem -subject -noout
 output : subject= /DC=ch/DC=cern/OU=Organic Units/OU=Users/CN=rkunnawa/CN=748357/CN=Raghav Kunnawalkam Elayavalli

 error: WARNING: can't open config file: /build/dmwmbld/srv/state/dmwmbld/builds/comp_gcc481/w/tmp/BUILDROOT/ef35842be28ecca6d10195ea8182a5ac/build/dmwmbld/srv/state/dmwmbld/builds/comp_gcc481/w/slc6_amd64_gcc481/external/openssl/1.0.1p/ssl/openssl.cnf

 retcode : 0
DEBUG 2015-11-10 03:03:00,700: 	 Getting myproxy life time left for myproxy.cern.ch
DEBUG 2015-11-10 03:03:00,700: 	 Calculating hash of /DC=ch/DC=cern/OU=Organic Units/OU=Users/CN=rkunnawa/CN=748357/CN=Raghav Kunnawalkam Elayavalli_cmsweb.cern.ch for credential name
DEBUG 2015-11-10 03:03:01,105: 	 Executing : 
 command : myproxy-info -l f177240e44e51f49e4026efe0693b4e2b9fc52c9 -s myproxy.cern.ch
 output : username: f177240e44e51f49e4026efe0693b4e2b9fc52c9
owner: /DC=ch/DC=cern/OU=Organic Units/OU=Users/CN=rkunnawa/CN=748357/CN=Raghav Kunnawalkam Elayavalli
  renewal policy: /DC=ch/DC=cern/OU=computers/CN=vocms(045|052|021|031|0118|0118a|0119).cern.ch
  trusted retrieval policy: /DC=ch/DC=cern/OU=computers/CN=vocms(045|052|021|031|0118|0118a|0119).cern.ch
  timeleft: 421:58:30  (17.6 days)

 error: 
 retcode : 0
DEBUG 2015-11-10 03:03:01,106: 	 Myproxy is valid: 1519110
DEBUG 2015-11-10 03:03:01,106: 	 Command use: status
DEBUG 2015-11-10 03:03:01,106: 	 Options use: ['-d', 'crab_20151109_190512/']
DEBUG 2015-11-10 03:03:01,541: 	 CRABClient version: 3.3.1511
DEBUG 2015-11-10 03:03:01,541: 	 Instance is prod
DEBUG 2015-11-10 03:03:01,541: 	 Server base url is cmsweb.cern.ch
DEBUG 2015-11-10 03:03:01,541: 	 Command url /crabserver/prod/workflow
DEBUG 2015-11-10 03:03:01,541: 	 Looking up detailed status of task 151109_180518:rkunnawa_crab_20151109_190512
DEBUG 2015-11-10 03:03:11,788: 	 {'status': 'SUBMITTED', 'schedd': 'crab3-3@submit-4.t2.ucsd.edu', 'saveLogs': 'F', 'jobsPerStatus': {'finished': 599, 'transferring': 1}, 'jobs': {'199': {'State': 'finished'}, '198': {'State': 'finished'}, '344': {'State': 'finished'}, '345': {'State': 'finished'}, '346': {'State': 'finished'}, '347': {'State': 'finished'}, '340': {'State': 'finished'}, '341': {'State': 'finished'}, '342': {'State': 'finished'}, '343': {'State': 'finished'}, '348': {'State': 'finished'}, '349': {'State': 'finished'}, '298': {'State': 'finished'}, '299': {'State': 'finished'}, '296': {'State': 'finished'}, '297': {'State': 'finished'}, '294': {'State': 'finished'}, '295': {'State': 'finished'}, '292': {'State': 'finished'}, '293': {'State': 'finished'}, '290': {'State': 'finished'}, '291': {'State': 'finished'}, '591': {'State': 'finished'}, '590': {'State': 'finished'}, '593': {'State': 'finished'}, '592': {'State': 'finished'}, '595': {'State': 'finished'}, '594': {'State': 'finished'}, '597': {'State': 'finished'}, '596': {'State': 'finished'}, '195': {'State': 'finished'}, '194': {'State': 'finished'}, '197': {'State': 'finished'}, '196': {'State': 'finished'}, '191': {'State': 'finished'}, '190': {'State': 'finished'}, '193': {'State': 'finished'}, '192': {'State': 'finished'}, '270': {'State': 'finished'}, '271': {'State': 'finished'}, '272': {'State': 'finished'}, '273': {'State': 'finished'}, '274': {'State': 'finished'}, '275': {'State': 'finished'}, '276': {'State': 'finished'}, '277': {'State': 'finished'}, '278': {'State': 'finished'}, '279': {'State': 'finished'}, '524': {'State': 'finished'}, '525': {'State': 'finished'}, '526': {'State': 'finished'}, '527': {'State': 'finished'}, '520': {'State': 'finished'}, '521': {'State': 'finished'}, '522': {'State': 'finished'}, '523': {'State': 'finished'}, '528': {'State': 'finished'}, '529': {'State': 'finished'}, '449': {'State': 'finished'}, '448': {'State': 'finished'}, '443': {'State': 'finished'}, '442': {'State': 'finished'}, '441': {'State': 'finished'}, '440': {'State': 'finished'}, '447': {'State': 'finished'}, '446': {'State': 'finished'}, '445': {'State': 'finished'}, '444': {'State': 'finished'}, '108': {'State': 'finished'}, '109': {'State': 'finished'}, '102': {'State': 'finished'}, '103': {'State': 'finished'}, '100': {'State': 'finished'}, '101': {'State': 'finished'}, '106': {'State': 'finished'}, '107': {'State': 'finished'}, '104': {'State': 'finished'}, '105': {'State': 'finished'}, '39': {'State': 'finished'}, '38': {'State': 'finished'}, '33': {'State': 'finished'}, '32': {'State': 'finished'}, '31': {'State': 'finished'}, '30': {'State': 'finished'}, '37': {'State': 'finished'}, '36': {'State': 'finished'}, '35': {'State': 'finished'}, '34': {'State': 'finished'}, '438': {'State': 'finished'}, '439': {'State': 'finished'}, '436': {'State': 'finished'}, '437': {'State': 'finished'}, '434': {'State': 'finished'}, '435': {'State': 'finished'}, '432': {'State': 'finished'}, '433': {'State': 'finished'}, '430': {'State': 'finished'}, '431': {'State': 'finished'}, '339': {'State': 'finished'}, '338': {'State': 'finished'}, '335': {'State': 'finished'}, '334': {'State': 'finished'}, '337': {'State': 'finished'}, '336': {'State': 'finished'}, '331': {'State': 'finished'}, '330': {'State': 'finished'}, '333': {'State': 'finished'}, '332': {'State': 'finished'}, '6': {'State': 'finished'}, '99': {'State': 'finished'}, '98': {'State': 'finished'}, '91': {'State': 'finished'}, '90': {'State': 'finished'}, '93': {'State': 'finished'}, '92': {'State': 'finished'}, '95': {'State': 'finished'}, '94': {'State': 'finished'}, '97': {'State': 'finished'}, '96': {'State': 'finished'}, '559': {'State': 'finished'}, '558': {'State': 'finished'}, '555': {'State': 'finished'}, '554': {'State': 'finished'}, '557': {'State': 'finished'}, '556': {'State': 'finished'}, '551': {'State': 'finished'}, '550': {'State': 'finished'}, '553': {'State': 'finished'}, '552': {'State': 'finished'}, '238': {'State': 'finished'}, '239': {'State': 'finished'}, '234': {'State': 'finished'}, '235': {'State': 'finished'}, '236': {'State': 'finished'}, '237': {'State': 'finished'}, '230': {'State': 'finished'}, '231': {'State': 'finished'}, '232': {'State': 'finished'}, '233': {'State': 'finished'}, '1': {'State': 'finished'}, '146': {'State': 'finished'}, '147': {'State': 'finished'}, '144': {'State': 'finished'}, '145': {'State': 'finished'}, '142': {'State': 'finished'}, '143': {'State': 'finished'}, '140': {'State': 'finished'}, '141': {'State': 'finished'}, '148': {'State': 'finished'}, '149': {'State': 'finished'}, '154': {'State': 'finished'}, '133': {'State': 'finished'}, '132': {'State': 'finished'}, '131': {'State': 'finished'}, '130': {'State': 'finished'}, '137': {'State': 'finished'}, '136': {'State': 'finished'}, '135': {'State': 'finished'}, '134': {'State': 'finished'}, '494': {'State': 'finished'}, '495': {'State': 'finished'}, '139': {'State': 'finished'}, '138': {'State': 'finished'}, '490': {'State': 'finished'}, '491': {'State': 'finished'}, '492': {'State': 'finished'}, '493': {'State': 'finished'}, '24': {'State': 'finished'}, '25': {'State': 'finished'}, '26': {'State': 'finished'}, '27': {'State': 'finished'}, '20': {'State': 'finished'}, '21': {'State': 'finished'}, '22': {'State': 'finished'}, '23': {'State': 'finished'}, '28': {'State': 'finished'}, '29': {'State': 'finished'}, '407': {'State': 'finished'}, '406': {'State': 'finished'}, '405': {'State': 'finished'}, '404': {'State': 'finished'}, '403': {'State': 'finished'}, '402': {'State': 'finished'}, '401': {'State': 'finished'}, '400': {'State': 'finished'}, '409': {'State': 'finished'}, '408': {'State': 'finished'}, '379': {'State': 'finished'}, '378': {'State': 'finished'}, '371': {'State': 'finished'}, '370': {'State': 'finished'}, '373': {'State': 'finished'}, '372': {'State': 'finished'}, '375': {'State': 'finished'}, '374': {'State': 'finished'}, '377': {'State': 'finished'}, '376': {'State': 'finished'}, '393': {'State': 'finished'}, '392': {'State': 'finished'}, '88': {'State': 'finished'}, '89': {'State': 'finished'}, '397': {'State': 'finished'}, '396': {'State': 'finished'}, '395': {'State': 'finished'}, '394': {'State': 'finished'}, '82': {'State': 'finished'}, '181': {'State': 'finished'}, '80': {'State': 'finished'}, '81': {'State': 'finished'}, '86': {'State': 'finished'}, '87': {'State': 'finished'}, '84': {'State': 'finished'}, '85': {'State': 'finished'}, '7': {'State': 'finished'}, '586': {'State': 'finished'}, '587': {'State': 'finished'}, '584': {'State': 'finished'}, '585': {'State': 'finished'}, '582': {'State': 'finished'}, '583': {'State': 'finished'}, '580': {'State': 'finished'}, '581': {'State': 'finished'}, '588': {'State': 'finished'}, '589': {'State': 'finished'}, '245': {'State': 'finished'}, '244': {'State': 'finished'}, '247': {'State': 'finished'}, '246': {'State': 'finished'}, '241': {'State': 'finished'}, '240': {'State': 'finished'}, '243': {'State': 'finished'}, '242': {'State': 'finished'}, '249': {'State': 'finished'}, '248': {'State': 'finished'}, '519': {'State': 'finished'}, '518': {'State': 'finished'}, '511': {'State': 'finished'}, '510': {'State': 'finished'}, '513': {'State': 'finished'}, '512': {'State': 'finished'}, '515': {'State': 'finished'}, '514': {'State': 'finished'}, '517': {'State': 'finished'}, '516': {'State': 'finished'}, '458': {'State': 'finished'}, '459': {'State': 'finished'}, '450': {'State': 'finished'}, '451': {'State': 'finished'}, '452': {'State': 'finished'}, '453': {'State': 'finished'}, '454': {'State': 'finished'}, '455': {'State': 'finished'}, '456': {'State': 'finished'}, '457': {'State': 'finished'}, '179': {'State': 'finished'}, '178': {'State': 'finished'}, '177': {'State': 'finished'}, '176': {'State': 'finished'}, '175': {'State': 'finished'}, '174': {'State': 'finished'}, '173': {'State': 'finished'}, '172': {'State': 'finished'}, '171': {'State': 'finished'}, '170': {'State': 'finished'}, '183': {'State': 'finished'}, '182': {'State': 'finished'}, '599': {'State': 'finished'}, '180': {'State': 'finished'}, '2': {'State': 'finished'}, '186': {'State': 'finished'}, '187': {'State': 'finished'}, '184': {'State': 'finished'}, '185': {'State': 'finished'}, '188': {'State': 'finished'}, '189': {'State': 'finished'}, '11': {'State': 'finished'}, '10': {'State': 'finished'}, '13': {'State': 'finished'}, '12': {'State': 'finished'}, '15': {'State': 'finished'}, '14': {'State': 'finished'}, '17': {'State': 'finished'}, '16': {'State': 'finished'}, '19': {'State': 'finished'}, '18': {'State': 'finished'}, '322': {'State': 'finished'}, '323': {'State': 'finished'}, '320': {'State': 'finished'}, '321': {'State': 'finished'}, '326': {'State': 'finished'}, '327': {'State': 'finished'}, '324': {'State': 'finished'}, '325': {'State': 'finished'}, '328': {'State': 'finished'}, '329': {'State': 'finished'}, '201': {'State': 'finished'}, '200': {'State': 'finished'}, '203': {'State': 'finished'}, '202': {'State': 'finished'}, '205': {'State': 'finished'}, '204': {'State': 'finished'}, '207': {'State': 'finished'}, '206': {'State': 'finished'}, '209': {'State': 'finished'}, '208': {'State': 'finished'}, '77': {'State': 'finished'}, '76': {'State': 'finished'}, '75': {'State': 'finished'}, '74': {'State': 'finished'}, '73': {'State': 'finished'}, '72': {'State': 'finished'}, '71': {'State': 'finished'}, '70': {'State': 'finished'}, '79': {'State': 'finished'}, '78': {'State': 'finished'}, '542': {'State': 'finished'}, '543': {'State': 'finished'}, '540': {'State': 'finished'}, '541': {'State': 'finished'}, '546': {'State': 'finished'}, '547': {'State': 'finished'}, '544': {'State': 'finished'}, '545': {'State': 'finished'}, '8': {'State': 'finished'}, '548': {'State': 'finished'}, '549': {'State': 'finished'}, '598': {'State': 'finished'}, '120': {'State': 'finished'}, '121': {'State': 'finished'}, '122': {'State': 'finished'}, '123': {'State': 'finished'}, '124': {'State': 'finished'}, '125': {'State': 'finished'}, '126': {'State': 'finished'}, '127': {'State': 'finished'}, '128': {'State': 'finished'}, '129': {'State': 'finished'}, '414': {'State': 'finished'}, '415': {'State': 'finished'}, '416': {'State': 'finished'}, '417': {'State': 'finished'}, '410': {'State': 'finished'}, '411': {'State': 'finished'}, '412': {'State': 'finished'}, '413': {'State': 'finished'}, '498': {'State': 'finished'}, '418': {'State': 'finished'}, '419': {'State': 'finished'}, '499': {'State': 'finished'}, '319': {'State': 'finished'}, '318': {'State': 'finished'}, '313': {'State': 'finished'}, '312': {'State': 'finished'}, '311': {'State': 'finished'}, '310': {'State': 'finished'}, '317': {'State': 'finished'}, '316': {'State': 'finished'}, '315': {'State': 'finished'}, '314': {'State': 'finished'}, '496': {'State': 'finished'}, '497': {'State': 'finished'}, '3': {'State': 'finished'}, '368': {'State': 'finished'}, '369': {'State': 'finished'}, '366': {'State': 'finished'}, '367': {'State': 'finished'}, '364': {'State': 'finished'}, '365': {'State': 'finished'}, '362': {'State': 'finished'}, '363': {'State': 'finished'}, '360': {'State': 'finished'}, '361': {'State': 'finished'}, '380': {'State': 'finished'}, '381': {'State': 'finished'}, '382': {'State': 'finished'}, '383': {'State': 'finished'}, '384': {'State': 'finished'}, '385': {'State': 'finished'}, '386': {'State': 'finished'}, '387': {'State': 'finished'}, '388': {'State': 'finished'}, '389': {'State': 'finished'}, '579': {'State': 'finished'}, '578': {'State': 'finished'}, '573': {'State': 'finished'}, '572': {'State': 'finished'}, '571': {'State': 'finished'}, '570': {'State': 'finished'}, '577': {'State': 'finished'}, '576': {'State': 'finished'}, '575': {'State': 'finished'}, '574': {'State': 'finished'}, '60': {'State': 'finished'}, '61': {'State': 'finished'}, '62': {'State': 'finished'}, '259': {'State': 'finished'}, '64': {'State': 'finished'}, '65': {'State': 'finished'}, '66': {'State': 'finished'}, '67': {'State': 'finished'}, '68': {'State': 'finished'}, '253': {'State': 'finished'}, '250': {'State': 'finished'}, '251': {'State': 'finished'}, '256': {'State': 'finished'}, '257': {'State': 'finished'}, '254': {'State': 'finished'}, '255': {'State': 'finished'}, '508': {'State': 'finished'}, '509': {'State': 'finished'}, '506': {'State': 'finished'}, '507': {'State': 'finished'}, '504': {'State': 'finished'}, '505': {'State': 'finished'}, '502': {'State': 'finished'}, '503': {'State': 'finished'}, '500': {'State': 'finished'}, '501': {'State': 'finished'}, '469': {'State': 'finished'}, '468': {'State': 'finished'}, '465': {'State': 'finished'}, '464': {'State': 'finished'}, '467': {'State': 'finished'}, '466': {'State': 'finished'}, '461': {'State': 'finished'}, '460': {'State': 'finished'}, '463': {'State': 'finished'}, '462': {'State': 'finished'}, '168': {'State': 'finished'}, '169': {'State': 'finished'}, '164': {'State': 'finished'}, '165': {'State': 'finished'}, '166': {'State': 'finished'}, '167': {'State': 'finished'}, '160': {'State': 'finished'}, '161': {'State': 'finished'}, '162': {'State': 'finished'}, '163': {'State': 'finished'}, '9': {'State': 'finished'}, '357': {'State': 'finished'}, '356': {'State': 'finished'}, '355': {'State': 'finished'}, '354': {'State': 'finished'}, '353': {'State': 'finished'}, '352': {'State': 'finished'}, '351': {'State': 'finished'}, '350': {'State': 'finished'}, '359': {'State': 'finished'}, '358': {'State': 'finished'}, '216': {'State': 'finished'}, '217': {'State': 'finished'}, '214': {'State': 'finished'}, '215': {'State': 'finished'}, '212': {'State': 'finished'}, '213': {'State': 'finished'}, '210': {'State': 'finished'}, '211': {'State': 'finished'}, '218': {'State': 'finished'}, '219': {'State': 'finished'}, '289': {'State': 'finished'}, '288': {'State': 'finished'}, '4': {'State': 'finished'}, '281': {'State': 'finished'}, '280': {'State': 'finished'}, '283': {'State': 'finished'}, '282': {'State': 'finished'}, '285': {'State': 'finished'}, '284': {'State': 'finished'}, '287': {'State': 'finished'}, '286': {'State': 'finished'}, '263': {'State': 'finished'}, '262': {'State': 'finished'}, '261': {'State': 'finished'}, '260': {'State': 'finished'}, '267': {'State': 'finished'}, '266': {'State': 'finished'}, '265': {'State': 'finished'}, '264': {'State': 'finished'}, '269': {'State': 'finished'}, '268': {'State': 'finished'}, '59': {'State': 'finished'}, '58': {'State': 'finished'}, '55': {'State': 'finished'}, '54': {'State': 'finished'}, '57': {'State': 'finished'}, '56': {'State': 'finished'}, '51': {'State': 'finished'}, '258': {'State': 'finished'}, '53': {'State': 'finished'}, '52': {'State': 'finished'}, '537': {'State': 'finished'}, '536': {'State': 'finished'}, '535': {'State': 'finished'}, '63': {'State': 'finished'}, '533': {'State': 'finished'}, '532': {'State': 'finished'}, '531': {'State': 'finished'}, '530': {'State': 'finished'}, '539': {'State': 'finished'}, '538': {'State': 'finished'}, '50': {'State': 'finished'}, '115': {'State': 'finished'}, '252': {'State': 'finished'}, '117': {'State': 'finished'}, '116': {'State': 'finished'}, '111': {'State': 'finished'}, '110': {'State': 'finished'}, '113': {'State': 'finished'}, '69': {'State': 'finished'}, '119': {'State': 'finished'}, '118': {'State': 'finished'}, '429': {'State': 'finished'}, '428': {'State': 'finished'}, '534': {'State': 'finished'}, '421': {'State': 'finished'}, '420': {'State': 'finished'}, '423': {'State': 'finished'}, '422': {'State': 'finished'}, '425': {'State': 'finished'}, '424': {'State': 'finished'}, '427': {'State': 'finished'}, '426': {'State': 'finished'}, '308': {'State': 'finished'}, '309': {'State': 'finished'}, '300': {'State': 'finished'}, '301': {'State': 'finished'}, '302': {'State': 'finished'}, '303': {'State': 'finished'}, '304': {'State': 'finished'}, '305': {'State': 'finished'}, '306': {'State': 'finished'}, '307': {'State': 'finished'}, '568': {'State': 'finished'}, '569': {'State': 'finished'}, '560': {'State': 'finished'}, '561': {'State': 'finished'}, '562': {'State': 'finished'}, '563': {'State': 'finished'}, '564': {'State': 'finished'}, '565': {'State': 'finished'}, '566': {'State': 'finished'}, '567': {'State': 'finished'}, '229': {'State': 'finished'}, '228': {'State': 'finished'}, '227': {'State': 'finished'}, '226': {'State': 'finished'}, '225': {'State': 'finished'}, '224': {'State': 'finished'}, '223': {'State': 'finished'}, '222': {'State': 'finished'}, '221': {'State': 'finished'}, '220': {'State': 'finished'}, '114': {'State': 'finished'}, '391': {'State': 'finished'}, '390': {'State': 'finished'}, '151': {'State': 'finished'}, '150': {'State': 'finished'}, '153': {'State': 'finished'}, '152': {'State': 'finished'}, '155': {'State': 'finished'}, '600': {'State': 'finished'}, '157': {'State': 'finished'}, '156': {'State': 'finished'}, '159': {'State': 'finished'}, '158': {'State': 'finished'}, '112': {'State': 'finished'}, '83': {'State': 'finished'}, '399': {'State': 'finished'}, '398': {'State': 'finished'}, '48': {'State': 'finished'}, '49': {'State': 'finished'}, '46': {'State': 'finished'}, '47': {'State': 'finished'}, '44': {'State': 'finished'}, '45': {'State': 'finished'}, '42': {'State': 'finished'}, '43': {'State': 'finished'}, '40': {'State': 'finished'}, '41': {'State': 'finished'}, '5': {'State': 'finished'}, '489': {'State': 'finished'}, '488': {'State': 'finished'}, '487': {'State': 'transferring'}, '486': {'State': 'finished'}, '485': {'State': 'finished'}, '484': {'State': 'finished'}, '483': {'State': 'finished'}, '482': {'State': 'finished'}, '481': {'State': 'finished'}, '480': {'State': 'finished'}, '472': {'State': 'finished'}, '473': {'State': 'finished'}, '470': {'State': 'finished'}, '471': {'State': 'finished'}, '476': {'State': 'finished'}, '477': {'State': 'finished'}, '474': {'State': 'finished'}, '475': {'State': 'finished'}, '478': {'State': 'finished'}, '479': {'State': 'finished'}}, 'publication': {'publishing': 0, 'publication_failed': 0, 'not_published': 1, 'published': 599}, 'taskWarningMsg': [], 'publicationFailures': {}, 'outdatasets': ['/PYTHIA_QCD_0T_TuneCUETP8M1_cfi_GEN_SIM_5020GeV/rkunnawa-Pythia8_Dijet_0T_pthat50_pp_TuneCUETP8M1_Hydjet_MinBias_5020GeV_PrivMC-ea07384041ecb667e5016988f29d3eac/USER'], 'statusFailureMsg': '', 'taskFailureMsg': '', 'failedJobdefs': 0, 'ASOURL': 'https://cmsweb.cern.ch/couchdb', 'totalJobdefs': 0, 'jobSetID': '151109_180518:rkunnawa_crab_20151109_190512', 'jobdefErrors': [], 'collector': 'cmssrv221.fnal.gov,vocms099.cern.ch', 'jobList': [['finished', 344], ['finished', 345], ['finished', 346], ['finished', 347], ['finished', 340], ['finished', 341], ['finished', 342], ['finished', 343], ['finished', 348], ['finished', 349], ['finished', 595], ['finished', 594], ['finished', 298], ['finished', 299], ['finished', 296], ['finished', 297], ['finished', 294], ['finished', 295], ['finished', 292], ['finished', 293], ['finished', 290], ['finished', 291], ['finished', 591], ['finished', 590], ['finished', 593], ['finished', 592], ['finished', 199], ['finished', 198], ['finished', 597], ['finished', 596], ['finished', 195], ['finished', 194], ['finished', 197], ['finished', 196], ['finished', 191], ['finished', 190], ['finished', 193], ['finished', 192], ['finished', 270], ['finished', 271], ['finished', 272], ['finished', 273], ['finished', 274], ['finished', 275], ['finished', 276], ['finished', 277], ['finished', 278], ['finished', 279], ['finished', 524], ['finished', 525], ['finished', 526], ['finished', 527], ['finished', 520], ['finished', 521], ['finished', 522], ['finished', 523], ['finished', 599], ['finished', 528], ['finished', 529], ['finished', 449], ['finished', 448], ['finished', 443], ['finished', 442], ['finished', 441], ['finished', 440], ['finished', 447], ['finished', 446], ['finished', 445], ['finished', 444], ['finished', 108], ['finished', 109], ['finished', 102], ['finished', 103], ['finished', 100], ['finished', 101], ['finished', 106], ['finished', 107], ['finished', 104], ['finished', 105], ['finished', 39], ['finished', 38], ['finished', 33], ['finished', 32], ['finished', 31], ['finished', 30], ['finished', 37], ['finished', 36], ['finished', 35], ['finished', 34], ['finished', 438], ['finished', 439], ['finished', 436], ['finished', 437], ['finished', 434], ['finished', 435], ['finished', 432], ['finished', 433], ['finished', 430], ['finished', 431], ['finished', 339], ['finished', 338], ['finished', 335], ['finished', 334], ['finished', 337], ['finished', 336], ['finished', 331], ['finished', 330], ['finished', 333], ['finished', 332], ['finished', 6], ['finished', 99], ['finished', 98], ['finished', 91], ['finished', 90], ['finished', 93], ['finished', 92], ['finished', 95], ['finished', 94], ['finished', 97], ['finished', 96], ['finished', 559], ['finished', 558], ['finished', 555], ['finished', 554], ['finished', 557], ['finished', 556], ['finished', 551], ['finished', 550], ['finished', 553], ['finished', 552], ['finished', 238], ['finished', 239], ['finished', 234], ['finished', 235], ['finished', 236], ['finished', 237], ['finished', 230], ['finished', 231], ['finished', 232], ['finished', 233], ['finished', 1], ['finished', 146], ['finished', 147], ['finished', 144], ['finished', 145], ['finished', 142], ['finished', 143], ['finished', 140], ['finished', 141], ['finished', 148], ['finished', 149], ['finished', 133], ['finished', 132], ['finished', 131], ['finished', 130], ['finished', 137], ['finished', 136], ['finished', 135], ['finished', 134], ['finished', 494], ['finished', 495], ['finished', 139], ['finished', 138], ['finished', 490], ['finished', 491], ['finished', 492], ['finished', 493], ['finished', 24], ['finished', 25], ['finished', 26], ['finished', 27], ['finished', 20], ['finished', 21], ['finished', 22], ['finished', 23], ['finished', 28], ['finished', 29], ['finished', 407], ['finished', 406], ['finished', 405], ['finished', 404], ['finished', 403], ['finished', 402], ['finished', 401], ['finished', 400], ['finished', 409], ['finished', 408], ['finished', 379], ['finished', 378], ['finished', 371], ['finished', 370], ['finished', 373], ['finished', 372], ['finished', 375], ['finished', 374], ['finished', 377], ['finished', 376], ['finished', 393], ['finished', 392], ['finished', 88], ['finished', 89], ['finished', 397], ['finished', 396], ['finished', 395], ['finished', 394], ['finished', 82], ['finished', 83], ['finished', 80], ['finished', 81], ['finished', 86], ['finished', 87], ['finished', 84], ['finished', 85], ['finished', 7], ['finished', 586], ['finished', 587], ['finished', 584], ['finished', 585], ['finished', 582], ['finished', 583], ['finished', 580], ['finished', 581], ['finished', 588], ['finished', 589], ['finished', 245], ['finished', 244], ['finished', 247], ['finished', 246], ['finished', 241], ['finished', 240], ['finished', 243], ['finished', 242], ['finished', 249], ['finished', 248], ['finished', 519], ['finished', 518], ['finished', 511], ['finished', 510], ['finished', 513], ['finished', 512], ['finished', 515], ['finished', 514], ['finished', 517], ['finished', 516], ['finished', 458], ['finished', 459], ['finished', 450], ['finished', 451], ['finished', 452], ['finished', 453], ['finished', 454], ['finished', 455], ['finished', 456], ['finished', 457], ['finished', 179], ['finished', 178], ['finished', 177], ['finished', 176], ['finished', 175], ['finished', 174], ['finished', 173], ['finished', 172], ['finished', 171], ['finished', 170], ['finished', 253], ['finished', 182], ['finished', 183], ['finished', 180], ['finished', 181], ['finished', 186], ['finished', 187], ['finished', 184], ['finished', 185], ['finished', 188], ['finished', 189], ['finished', 11], ['finished', 10], ['finished', 13], ['finished', 12], ['finished', 15], ['finished', 14], ['finished', 17], ['finished', 16], ['finished', 19], ['finished', 18], ['finished', 62], ['finished', 322], ['finished', 323], ['finished', 320], ['finished', 321], ['finished', 326], ['finished', 327], ['finished', 324], ['finished', 325], ['finished', 328], ['finished', 329], ['finished', 201], ['finished', 200], ['finished', 203], ['finished', 202], ['finished', 205], ['finished', 204], ['finished', 207], ['finished', 206], ['finished', 209], ['finished', 208], ['finished', 77], ['finished', 76], ['finished', 75], ['finished', 74], ['finished', 73], ['finished', 72], ['finished', 71], ['finished', 70], ['finished', 79], ['finished', 78], ['finished', 2], ['finished', 542], ['finished', 543], ['finished', 540], ['finished', 541], ['finished', 546], ['finished', 547], ['finished', 544], ['finished', 545], ['finished', 8], ['finished', 548], ['finished', 549], ['finished', 68], ['finished', 598], ['finished', 120], ['finished', 121], ['finished', 122], ['finished', 123], ['finished', 124], ['finished', 125], ['finished', 126], ['finished', 127], ['finished', 128], ['finished', 129], ['finished', 414], ['finished', 415], ['finished', 416], ['finished', 417], ['finished', 410], ['finished', 411], ['finished', 412], ['finished', 413], ['finished', 498], ['finished', 418], ['finished', 419], ['finished', 499], ['finished', 319], ['finished', 318], ['finished', 313], ['finished', 312], ['finished', 311], ['finished', 310], ['finished', 317], ['finished', 316], ['finished', 315], ['finished', 314], ['finished', 496], ['finished', 497], ['finished', 3], ['finished', 368], ['finished', 369], ['finished', 366], ['finished', 367], ['finished', 364], ['finished', 365], ['finished', 362], ['finished', 363], ['finished', 360], ['finished', 361], ['finished', 380], ['finished', 381], ['finished', 382], ['finished', 383], ['finished', 384], ['finished', 385], ['finished', 386], ['finished', 387], ['finished', 388], ['finished', 389], ['finished', 579], ['finished', 578], ['finished', 573], ['finished', 572], ['finished', 571], ['finished', 570], ['finished', 577], ['finished', 576], ['finished', 575], ['finished', 574], ['finished', 60], ['finished', 61], ['finished', 258], ['finished', 259], ['finished', 64], ['finished', 65], ['finished', 66], ['finished', 67], ['finished', 252], ['finished', 69], ['finished', 250], ['finished', 251], ['finished', 256], ['finished', 257], ['finished', 254], ['finished', 255], ['finished', 508], ['finished', 509], ['finished', 506], ['finished', 507], ['finished', 504], ['finished', 505], ['finished', 502], ['finished', 503], ['finished', 500], ['finished', 501], ['finished', 469], ['finished', 468], ['finished', 465], ['finished', 464], ['finished', 467], ['finished', 466], ['finished', 461], ['finished', 460], ['finished', 463], ['finished', 462], ['finished', 168], ['finished', 169], ['finished', 164], ['finished', 165], ['finished', 166], ['finished', 167], ['finished', 160], ['finished', 161], ['finished', 162], ['finished', 163], ['finished', 600], ['finished', 9], ['finished', 357], ['finished', 356], ['finished', 355], ['finished', 354], ['finished', 353], ['finished', 352], ['finished', 351], ['finished', 350], ['finished', 359], ['finished', 358], ['finished', 216], ['finished', 217], ['finished', 214], ['finished', 215], ['finished', 212], ['finished', 213], ['finished', 210], ['finished', 211], ['finished', 218], ['finished', 219], ['finished', 289], ['finished', 288], ['finished', 4], ['finished', 281], ['finished', 280], ['finished', 283], ['finished', 282], ['finished', 285], ['finished', 284], ['finished', 287], ['finished', 286], ['finished', 263], ['finished', 262], ['finished', 261], ['finished', 260], ['finished', 267], ['finished', 266], ['finished', 265], ['finished', 264], ['finished', 269], ['finished', 268], ['finished', 59], ['finished', 58], ['finished', 55], ['finished', 54], ['finished', 57], ['finished', 56], ['finished', 51], ['finished', 50], ['finished', 53], ['finished', 52], ['finished', 537], ['finished', 536], ['finished', 535], ['finished', 63], ['finished', 533], ['finished', 532], ['finished', 531], ['finished', 530], ['finished', 539], ['finished', 538], ['finished', 115], ['finished', 114], ['finished', 117], ['finished', 116], ['finished', 111], ['finished', 110], ['finished', 113], ['finished', 112], ['finished', 119], ['finished', 118], ['finished', 429], ['finished', 428], ['finished', 534], ['finished', 421], ['finished', 420], ['finished', 423], ['finished', 422], ['finished', 425], ['finished', 424], ['finished', 427], ['finished', 426], ['finished', 308], ['finished', 309], ['finished', 300], ['finished', 301], ['finished', 302], ['finished', 303], ['finished', 304], ['finished', 305], ['finished', 306], ['finished', 307], ['finished', 568], ['finished', 569], ['finished', 560], ['finished', 561], ['finished', 562], ['finished', 563], ['finished', 564], ['finished', 565], ['finished', 566], ['finished', 567], ['finished', 229], ['finished', 228], ['finished', 227], ['finished', 226], ['finished', 225], ['finished', 224], ['finished', 223], ['finished', 222], ['finished', 221], ['finished', 220], ['finished', 391], ['finished', 390], ['finished', 151], ['finished', 150], ['finished', 153], ['finished', 152], ['finished', 155], ['finished', 154], ['finished', 157], ['finished', 156], ['finished', 159], ['finished', 158], ['finished', 399], ['finished', 398], ['finished', 48], ['finished', 49], ['finished', 46], ['finished', 47], ['finished', 44], ['finished', 45], ['finished', 42], ['finished', 43], ['finished', 40], ['finished', 41], ['finished', 5], ['finished', 489], ['finished', 488], ['transferring', 487], ['finished', 486], ['finished', 485], ['finished', 484], ['finished', 483], ['finished', 482], ['finished', 481], ['finished', 480], ['finished', 472], ['finished', 473], ['finished', 470], ['finished', 471], ['finished', 476], ['finished', 477], ['finished', 474], ['finished', 475], ['finished', 478], ['finished', 479]]}
INFO 2015-11-10 03:03:11,788: 	 CRAB project directory:		/afs/cern.ch/work/r/rkunnawa/Run2_Production/CMSSW_7_5_4/src/PbPb/0T/QCD_0T_TuneCUETP8M1_cfi_GEN_SIM_50/crab_20151109_190512
INFO 2015-11-10 03:03:11,788: 	 Task name:			151109_180518:rkunnawa_crab_20151109_190512
INFO 2015-11-10 03:03:11,788: 	 Grid scheduler:			crab3-3@submit-4.t2.ucsd.edu
INFO 2015-11-10 03:03:11,788: 	 Task status:			SUBMITTED
INFO 2015-11-10 03:03:11,788: 	 Dashboard monitoring URL:	http://dashb-cms-job.cern.ch/dashboard/templates/task-analysis/#user=crab&refresh=0&table=Jobs&p=1&records=25&activemenu=2&status=&site=&tid=151109_180518%3Arkunnawa_crab_20151109_190512
INFO 2015-11-10 03:03:11,788: 	 
Jobs status:			finished       99.8% (599/600)
INFO 2015-11-10 03:03:11,788: 	 				transferring    0.2% (  1/600)
INFO 2015-11-10 03:03:11,788: 	 
Publication status:		idle            0.2% (  1/600)
				finished       99.8% (599/600)
INFO 2015-11-10 03:03:11,789: 	 
Output dataset:			/PYTHIA_QCD_0T_TuneCUETP8M1_cfi_GEN_SIM_5020GeV/rkunnawa-Pythia8_Dijet_0T_pthat50_pp_TuneCUETP8M1_Hydjet_MinBias_5020GeV_PrivMC-ea07384041ecb667e5016988f29d3eac/USER
Output dataset DAS URL:		https://cmsweb.cern.ch/das/request?input=%2FPYTHIA_QCD_0T_TuneCUETP8M1_cfi_GEN_SIM_5020GeV%2Frkunnawa-Pythia8_Dijet_0T_pthat50_pp_TuneCUETP8M1_Hydjet_MinBias_5020GeV_PrivMC-ea07384041ecb667e5016988f29d3eac%2FUSER&instance=prod%2Fphys03
INFO 2015-11-10 03:03:11,834: 	 Log file is /afs/cern.ch/work/r/rkunnawa/Run2_Production/CMSSW_7_5_4/src/PbPb/0T/QCD_0T_TuneCUETP8M1_cfi_GEN_SIM_50/crab_20151109_190512/crab.log
DEBUG 2015-11-10 03:12:35,671: 	 Executing command: 'status'
DEBUG 2015-11-10 03:12:35,671: 	 Found CRAB cache file /afs/cern.ch/user/r/rkunnawa/.crab3
DEBUG 2015-11-10 03:12:35,686: 	 Checking credentials
DEBUG 2015-11-10 03:12:35,687: 	 Found proxy file /tmp/x509up_u47972
DEBUG 2015-11-10 03:12:35,687: 	 Getting proxy life time left
DEBUG 2015-11-10 03:12:36,396: 	 Executing : 
 command : voms-proxy-info -file /tmp/x509up_u47972 -timeleft
 output : 85819

 error: 
 retcode : 0
DEBUG 2015-11-10 03:12:37,008: 	 Executing : 
 command : voms-proxy-info -file /tmp/x509up_u47972 -actimeleft
 output : 85819

 error: 
 retcode : 0
DEBUG 2015-11-10 03:12:37,008: 	 Proxy valid for 23:50:19 hours
DEBUG 2015-11-10 03:12:37,127: 	 Executing : 
 command : openssl x509 -in ~/.globus/usercert.pem -subject -noout
 output : subject= /DC=ch/DC=cern/OU=Organic Units/OU=Users/CN=rkunnawa/CN=748357/CN=Raghav Kunnawalkam Elayavalli

 error: WARNING: can't open config file: /build/dmwmbld/srv/state/dmwmbld/builds/comp_gcc481/w/tmp/BUILDROOT/ef35842be28ecca6d10195ea8182a5ac/build/dmwmbld/srv/state/dmwmbld/builds/comp_gcc481/w/slc6_amd64_gcc481/external/openssl/1.0.1p/ssl/openssl.cnf

 retcode : 0
DEBUG 2015-11-10 03:12:37,128: 	 Checking credentials
DEBUG 2015-11-10 03:12:37,128: 	 Found proxy file /tmp/x509up_u47972
DEBUG 2015-11-10 03:12:37,128: 	 Getting proxy life time left
DEBUG 2015-11-10 03:12:37,740: 	 Executing : 
 command : voms-proxy-info -file /tmp/x509up_u47972 -timeleft
 output : 85818

 error: 
 retcode : 0
DEBUG 2015-11-10 03:12:38,350: 	 Executing : 
 command : voms-proxy-info -file /tmp/x509up_u47972 -actimeleft
 output : 85817

 error: 
 retcode : 0
DEBUG 2015-11-10 03:12:38,350: 	 Proxy valid for 23:50:18 hours
DEBUG 2015-11-10 03:12:38,729: 	 Registering user credentials for server /DC=ch/DC=cern/OU=computers/CN=vocms(045|052|021|031|0118|0118a|0119).cern.ch
DEBUG 2015-11-10 03:12:38,847: 	 Executing : 
 command : openssl x509 -in ~/.globus/usercert.pem -subject -noout
 output : subject= /DC=ch/DC=cern/OU=Organic Units/OU=Users/CN=rkunnawa/CN=748357/CN=Raghav Kunnawalkam Elayavalli

 error: WARNING: can't open config file: /build/dmwmbld/srv/state/dmwmbld/builds/comp_gcc481/w/tmp/BUILDROOT/ef35842be28ecca6d10195ea8182a5ac/build/dmwmbld/srv/state/dmwmbld/builds/comp_gcc481/w/slc6_amd64_gcc481/external/openssl/1.0.1p/ssl/openssl.cnf

 retcode : 0
DEBUG 2015-11-10 03:12:38,847: 	 Getting myproxy life time left for myproxy.cern.ch
DEBUG 2015-11-10 03:12:38,847: 	 Calculating hash of /DC=ch/DC=cern/OU=Organic Units/OU=Users/CN=rkunnawa/CN=748357/CN=Raghav Kunnawalkam Elayavalli_cmsweb.cern.ch for credential name
DEBUG 2015-11-10 03:12:39,357: 	 Executing : 
 command : myproxy-info -l f177240e44e51f49e4026efe0693b4e2b9fc52c9 -s myproxy.cern.ch
 output : username: f177240e44e51f49e4026efe0693b4e2b9fc52c9
owner: /DC=ch/DC=cern/OU=Organic Units/OU=Users/CN=rkunnawa/CN=748357/CN=Raghav Kunnawalkam Elayavalli
  renewal policy: /DC=ch/DC=cern/OU=computers/CN=vocms(045|052|021|031|0118|0118a|0119).cern.ch
  trusted retrieval policy: /DC=ch/DC=cern/OU=computers/CN=vocms(045|052|021|031|0118|0118a|0119).cern.ch
  timeleft: 421:48:52  (17.6 days)

 error: 
 retcode : 0
DEBUG 2015-11-10 03:12:39,358: 	 Myproxy is valid: 1518532
DEBUG 2015-11-10 03:12:39,358: 	 Command use: status
DEBUG 2015-11-10 03:12:39,358: 	 Options use: ['-d', 'crab_20151109_190512']
DEBUG 2015-11-10 03:12:39,779: 	 CRABClient version: 3.3.1511
DEBUG 2015-11-10 03:12:39,779: 	 Instance is prod
DEBUG 2015-11-10 03:12:39,779: 	 Server base url is cmsweb.cern.ch
DEBUG 2015-11-10 03:12:39,779: 	 Command url /crabserver/prod/workflow
DEBUG 2015-11-10 03:12:39,780: 	 Looking up detailed status of task 151109_180518:rkunnawa_crab_20151109_190512
DEBUG 2015-11-10 03:12:48,118: 	 {'status': 'SUBMITTED', 'schedd': 'crab3-3@submit-4.t2.ucsd.edu', 'saveLogs': 'F', 'jobsPerStatus': {'finished': 599, 'transferring': 1}, 'jobs': {'199': {'State': 'finished'}, '198': {'State': 'finished'}, '344': {'State': 'finished'}, '345': {'State': 'finished'}, '346': {'State': 'finished'}, '347': {'State': 'finished'}, '340': {'State': 'finished'}, '341': {'State': 'finished'}, '342': {'State': 'finished'}, '343': {'State': 'finished'}, '348': {'State': 'finished'}, '349': {'State': 'finished'}, '298': {'State': 'finished'}, '299': {'State': 'finished'}, '296': {'State': 'finished'}, '297': {'State': 'finished'}, '294': {'State': 'finished'}, '295': {'State': 'finished'}, '292': {'State': 'finished'}, '293': {'State': 'finished'}, '290': {'State': 'finished'}, '291': {'State': 'finished'}, '591': {'State': 'finished'}, '590': {'State': 'finished'}, '593': {'State': 'finished'}, '592': {'State': 'finished'}, '595': {'State': 'finished'}, '594': {'State': 'finished'}, '597': {'State': 'finished'}, '596': {'State': 'finished'}, '195': {'State': 'finished'}, '194': {'State': 'finished'}, '197': {'State': 'finished'}, '196': {'State': 'finished'}, '191': {'State': 'finished'}, '190': {'State': 'finished'}, '193': {'State': 'finished'}, '192': {'State': 'finished'}, '270': {'State': 'finished'}, '271': {'State': 'finished'}, '272': {'State': 'finished'}, '273': {'State': 'finished'}, '274': {'State': 'finished'}, '275': {'State': 'finished'}, '276': {'State': 'finished'}, '277': {'State': 'finished'}, '278': {'State': 'finished'}, '279': {'State': 'finished'}, '524': {'State': 'finished'}, '525': {'State': 'finished'}, '526': {'State': 'finished'}, '527': {'State': 'finished'}, '520': {'State': 'finished'}, '521': {'State': 'finished'}, '522': {'State': 'finished'}, '523': {'State': 'finished'}, '528': {'State': 'finished'}, '529': {'State': 'finished'}, '449': {'State': 'finished'}, '448': {'State': 'finished'}, '443': {'State': 'finished'}, '442': {'State': 'finished'}, '441': {'State': 'finished'}, '440': {'State': 'finished'}, '447': {'State': 'finished'}, '446': {'State': 'finished'}, '445': {'State': 'finished'}, '444': {'State': 'finished'}, '108': {'State': 'finished'}, '109': {'State': 'finished'}, '102': {'State': 'finished'}, '103': {'State': 'finished'}, '100': {'State': 'finished'}, '101': {'State': 'finished'}, '106': {'State': 'finished'}, '107': {'State': 'finished'}, '104': {'State': 'finished'}, '105': {'State': 'finished'}, '39': {'State': 'finished'}, '38': {'State': 'finished'}, '33': {'State': 'finished'}, '32': {'State': 'finished'}, '31': {'State': 'finished'}, '30': {'State': 'finished'}, '37': {'State': 'finished'}, '36': {'State': 'finished'}, '35': {'State': 'finished'}, '34': {'State': 'finished'}, '438': {'State': 'finished'}, '439': {'State': 'finished'}, '436': {'State': 'finished'}, '437': {'State': 'finished'}, '434': {'State': 'finished'}, '435': {'State': 'finished'}, '432': {'State': 'finished'}, '433': {'State': 'finished'}, '430': {'State': 'finished'}, '431': {'State': 'finished'}, '339': {'State': 'finished'}, '338': {'State': 'finished'}, '335': {'State': 'finished'}, '334': {'State': 'finished'}, '337': {'State': 'finished'}, '336': {'State': 'finished'}, '331': {'State': 'finished'}, '330': {'State': 'finished'}, '333': {'State': 'finished'}, '332': {'State': 'finished'}, '6': {'State': 'finished'}, '99': {'State': 'finished'}, '98': {'State': 'finished'}, '91': {'State': 'finished'}, '90': {'State': 'finished'}, '93': {'State': 'finished'}, '92': {'State': 'finished'}, '95': {'State': 'finished'}, '94': {'State': 'finished'}, '97': {'State': 'finished'}, '96': {'State': 'finished'}, '559': {'State': 'finished'}, '558': {'State': 'finished'}, '555': {'State': 'finished'}, '554': {'State': 'finished'}, '557': {'State': 'finished'}, '556': {'State': 'finished'}, '551': {'State': 'finished'}, '550': {'State': 'finished'}, '553': {'State': 'finished'}, '552': {'State': 'finished'}, '238': {'State': 'finished'}, '239': {'State': 'finished'}, '234': {'State': 'finished'}, '235': {'State': 'finished'}, '236': {'State': 'finished'}, '237': {'State': 'finished'}, '230': {'State': 'finished'}, '231': {'State': 'finished'}, '232': {'State': 'finished'}, '233': {'State': 'finished'}, '1': {'State': 'finished'}, '146': {'State': 'finished'}, '147': {'State': 'finished'}, '144': {'State': 'finished'}, '145': {'State': 'finished'}, '142': {'State': 'finished'}, '143': {'State': 'finished'}, '140': {'State': 'finished'}, '141': {'State': 'finished'}, '148': {'State': 'finished'}, '149': {'State': 'finished'}, '154': {'State': 'finished'}, '133': {'State': 'finished'}, '132': {'State': 'finished'}, '131': {'State': 'finished'}, '130': {'State': 'finished'}, '137': {'State': 'finished'}, '136': {'State': 'finished'}, '135': {'State': 'finished'}, '134': {'State': 'finished'}, '494': {'State': 'finished'}, '495': {'State': 'finished'}, '139': {'State': 'finished'}, '138': {'State': 'finished'}, '490': {'State': 'finished'}, '491': {'State': 'finished'}, '492': {'State': 'finished'}, '493': {'State': 'finished'}, '24': {'State': 'finished'}, '25': {'State': 'finished'}, '26': {'State': 'finished'}, '27': {'State': 'finished'}, '20': {'State': 'finished'}, '21': {'State': 'finished'}, '22': {'State': 'finished'}, '23': {'State': 'finished'}, '28': {'State': 'finished'}, '29': {'State': 'finished'}, '407': {'State': 'finished'}, '406': {'State': 'finished'}, '405': {'State': 'finished'}, '404': {'State': 'finished'}, '403': {'State': 'finished'}, '402': {'State': 'finished'}, '401': {'State': 'finished'}, '400': {'State': 'finished'}, '409': {'State': 'finished'}, '408': {'State': 'finished'}, '379': {'State': 'finished'}, '378': {'State': 'finished'}, '371': {'State': 'finished'}, '370': {'State': 'finished'}, '373': {'State': 'finished'}, '372': {'State': 'finished'}, '375': {'State': 'finished'}, '374': {'State': 'finished'}, '377': {'State': 'finished'}, '376': {'State': 'finished'}, '393': {'State': 'finished'}, '392': {'State': 'finished'}, '88': {'State': 'finished'}, '89': {'State': 'finished'}, '397': {'State': 'finished'}, '396': {'State': 'finished'}, '395': {'State': 'finished'}, '394': {'State': 'finished'}, '82': {'State': 'finished'}, '181': {'State': 'finished'}, '80': {'State': 'finished'}, '81': {'State': 'finished'}, '86': {'State': 'finished'}, '87': {'State': 'finished'}, '84': {'State': 'finished'}, '85': {'State': 'finished'}, '7': {'State': 'finished'}, '586': {'State': 'finished'}, '587': {'State': 'finished'}, '584': {'State': 'finished'}, '585': {'State': 'finished'}, '582': {'State': 'finished'}, '583': {'State': 'finished'}, '580': {'State': 'finished'}, '581': {'State': 'finished'}, '588': {'State': 'finished'}, '589': {'State': 'finished'}, '245': {'State': 'finished'}, '244': {'State': 'finished'}, '247': {'State': 'finished'}, '246': {'State': 'finished'}, '241': {'State': 'finished'}, '240': {'State': 'finished'}, '243': {'State': 'finished'}, '242': {'State': 'finished'}, '249': {'State': 'finished'}, '248': {'State': 'finished'}, '519': {'State': 'finished'}, '518': {'State': 'finished'}, '511': {'State': 'finished'}, '510': {'State': 'finished'}, '513': {'State': 'finished'}, '512': {'State': 'finished'}, '515': {'State': 'finished'}, '514': {'State': 'finished'}, '517': {'State': 'finished'}, '516': {'State': 'finished'}, '458': {'State': 'finished'}, '459': {'State': 'finished'}, '450': {'State': 'finished'}, '451': {'State': 'finished'}, '452': {'State': 'finished'}, '453': {'State': 'finished'}, '454': {'State': 'finished'}, '455': {'State': 'finished'}, '456': {'State': 'finished'}, '457': {'State': 'finished'}, '179': {'State': 'finished'}, '178': {'State': 'finished'}, '177': {'State': 'finished'}, '176': {'State': 'finished'}, '175': {'State': 'finished'}, '174': {'State': 'finished'}, '173': {'State': 'finished'}, '172': {'State': 'finished'}, '171': {'State': 'finished'}, '170': {'State': 'finished'}, '183': {'State': 'finished'}, '182': {'State': 'finished'}, '599': {'State': 'finished'}, '180': {'State': 'finished'}, '2': {'State': 'finished'}, '186': {'State': 'finished'}, '187': {'State': 'finished'}, '184': {'State': 'finished'}, '185': {'State': 'finished'}, '188': {'State': 'finished'}, '189': {'State': 'finished'}, '11': {'State': 'finished'}, '10': {'State': 'finished'}, '13': {'State': 'finished'}, '12': {'State': 'finished'}, '15': {'State': 'finished'}, '14': {'State': 'finished'}, '17': {'State': 'finished'}, '16': {'State': 'finished'}, '19': {'State': 'finished'}, '18': {'State': 'finished'}, '322': {'State': 'finished'}, '323': {'State': 'finished'}, '320': {'State': 'finished'}, '321': {'State': 'finished'}, '326': {'State': 'finished'}, '327': {'State': 'finished'}, '324': {'State': 'finished'}, '325': {'State': 'finished'}, '328': {'State': 'finished'}, '329': {'State': 'finished'}, '201': {'State': 'finished'}, '200': {'State': 'finished'}, '203': {'State': 'finished'}, '202': {'State': 'finished'}, '205': {'State': 'finished'}, '204': {'State': 'finished'}, '207': {'State': 'finished'}, '206': {'State': 'finished'}, '209': {'State': 'finished'}, '208': {'State': 'finished'}, '77': {'State': 'finished'}, '76': {'State': 'finished'}, '75': {'State': 'finished'}, '74': {'State': 'finished'}, '73': {'State': 'finished'}, '72': {'State': 'finished'}, '71': {'State': 'finished'}, '70': {'State': 'finished'}, '79': {'State': 'finished'}, '78': {'State': 'finished'}, '542': {'State': 'finished'}, '543': {'State': 'finished'}, '540': {'State': 'finished'}, '541': {'State': 'finished'}, '546': {'State': 'finished'}, '547': {'State': 'finished'}, '544': {'State': 'finished'}, '545': {'State': 'finished'}, '8': {'State': 'finished'}, '548': {'State': 'finished'}, '549': {'State': 'finished'}, '598': {'State': 'finished'}, '120': {'State': 'finished'}, '121': {'State': 'finished'}, '122': {'State': 'finished'}, '123': {'State': 'finished'}, '124': {'State': 'finished'}, '125': {'State': 'finished'}, '126': {'State': 'finished'}, '127': {'State': 'finished'}, '128': {'State': 'finished'}, '129': {'State': 'finished'}, '414': {'State': 'finished'}, '415': {'State': 'finished'}, '416': {'State': 'finished'}, '417': {'State': 'finished'}, '410': {'State': 'finished'}, '411': {'State': 'finished'}, '412': {'State': 'finished'}, '413': {'State': 'finished'}, '498': {'State': 'finished'}, '418': {'State': 'finished'}, '419': {'State': 'finished'}, '499': {'State': 'finished'}, '319': {'State': 'finished'}, '318': {'State': 'finished'}, '313': {'State': 'finished'}, '312': {'State': 'finished'}, '311': {'State': 'finished'}, '310': {'State': 'finished'}, '317': {'State': 'finished'}, '316': {'State': 'finished'}, '315': {'State': 'finished'}, '314': {'State': 'finished'}, '496': {'State': 'finished'}, '497': {'State': 'finished'}, '3': {'State': 'finished'}, '368': {'State': 'finished'}, '369': {'State': 'finished'}, '366': {'State': 'finished'}, '367': {'State': 'finished'}, '364': {'State': 'finished'}, '365': {'State': 'finished'}, '362': {'State': 'finished'}, '363': {'State': 'finished'}, '360': {'State': 'finished'}, '361': {'State': 'finished'}, '380': {'State': 'finished'}, '381': {'State': 'finished'}, '382': {'State': 'finished'}, '383': {'State': 'finished'}, '384': {'State': 'finished'}, '385': {'State': 'finished'}, '386': {'State': 'finished'}, '387': {'State': 'finished'}, '388': {'State': 'finished'}, '389': {'State': 'finished'}, '579': {'State': 'finished'}, '578': {'State': 'finished'}, '573': {'State': 'finished'}, '572': {'State': 'finished'}, '571': {'State': 'finished'}, '570': {'State': 'finished'}, '577': {'State': 'finished'}, '576': {'State': 'finished'}, '575': {'State': 'finished'}, '574': {'State': 'finished'}, '60': {'State': 'finished'}, '61': {'State': 'finished'}, '62': {'State': 'finished'}, '259': {'State': 'finished'}, '64': {'State': 'finished'}, '65': {'State': 'finished'}, '66': {'State': 'finished'}, '67': {'State': 'finished'}, '68': {'State': 'finished'}, '253': {'State': 'finished'}, '250': {'State': 'finished'}, '251': {'State': 'finished'}, '256': {'State': 'finished'}, '257': {'State': 'finished'}, '254': {'State': 'finished'}, '255': {'State': 'finished'}, '508': {'State': 'finished'}, '509': {'State': 'finished'}, '506': {'State': 'finished'}, '507': {'State': 'finished'}, '504': {'State': 'finished'}, '505': {'State': 'finished'}, '502': {'State': 'finished'}, '503': {'State': 'finished'}, '500': {'State': 'finished'}, '501': {'State': 'finished'}, '469': {'State': 'finished'}, '468': {'State': 'finished'}, '465': {'State': 'finished'}, '464': {'State': 'finished'}, '467': {'State': 'finished'}, '466': {'State': 'finished'}, '461': {'State': 'finished'}, '460': {'State': 'finished'}, '463': {'State': 'finished'}, '462': {'State': 'finished'}, '168': {'State': 'finished'}, '169': {'State': 'finished'}, '164': {'State': 'finished'}, '165': {'State': 'finished'}, '166': {'State': 'finished'}, '167': {'State': 'finished'}, '160': {'State': 'finished'}, '161': {'State': 'finished'}, '162': {'State': 'finished'}, '163': {'State': 'finished'}, '9': {'State': 'finished'}, '357': {'State': 'finished'}, '356': {'State': 'finished'}, '355': {'State': 'finished'}, '354': {'State': 'finished'}, '353': {'State': 'finished'}, '352': {'State': 'finished'}, '351': {'State': 'finished'}, '350': {'State': 'finished'}, '359': {'State': 'finished'}, '358': {'State': 'finished'}, '216': {'State': 'finished'}, '217': {'State': 'finished'}, '214': {'State': 'finished'}, '215': {'State': 'finished'}, '212': {'State': 'finished'}, '213': {'State': 'finished'}, '210': {'State': 'finished'}, '211': {'State': 'finished'}, '218': {'State': 'finished'}, '219': {'State': 'finished'}, '289': {'State': 'finished'}, '288': {'State': 'finished'}, '4': {'State': 'finished'}, '281': {'State': 'finished'}, '280': {'State': 'finished'}, '283': {'State': 'finished'}, '282': {'State': 'finished'}, '285': {'State': 'finished'}, '284': {'State': 'finished'}, '287': {'State': 'finished'}, '286': {'State': 'finished'}, '263': {'State': 'finished'}, '262': {'State': 'finished'}, '261': {'State': 'finished'}, '260': {'State': 'finished'}, '267': {'State': 'finished'}, '266': {'State': 'finished'}, '265': {'State': 'finished'}, '264': {'State': 'finished'}, '269': {'State': 'finished'}, '268': {'State': 'finished'}, '59': {'State': 'finished'}, '58': {'State': 'finished'}, '55': {'State': 'finished'}, '54': {'State': 'finished'}, '57': {'State': 'finished'}, '56': {'State': 'finished'}, '51': {'State': 'finished'}, '258': {'State': 'finished'}, '53': {'State': 'finished'}, '52': {'State': 'finished'}, '537': {'State': 'finished'}, '536': {'State': 'finished'}, '535': {'State': 'finished'}, '63': {'State': 'finished'}, '533': {'State': 'finished'}, '532': {'State': 'finished'}, '531': {'State': 'finished'}, '530': {'State': 'finished'}, '539': {'State': 'finished'}, '538': {'State': 'finished'}, '50': {'State': 'finished'}, '115': {'State': 'finished'}, '252': {'State': 'finished'}, '117': {'State': 'finished'}, '116': {'State': 'finished'}, '111': {'State': 'finished'}, '110': {'State': 'finished'}, '113': {'State': 'finished'}, '69': {'State': 'finished'}, '119': {'State': 'finished'}, '118': {'State': 'finished'}, '429': {'State': 'finished'}, '428': {'State': 'finished'}, '534': {'State': 'finished'}, '421': {'State': 'finished'}, '420': {'State': 'finished'}, '423': {'State': 'finished'}, '422': {'State': 'finished'}, '425': {'State': 'finished'}, '424': {'State': 'finished'}, '427': {'State': 'finished'}, '426': {'State': 'finished'}, '308': {'State': 'finished'}, '309': {'State': 'finished'}, '300': {'State': 'finished'}, '301': {'State': 'finished'}, '302': {'State': 'finished'}, '303': {'State': 'finished'}, '304': {'State': 'finished'}, '305': {'State': 'finished'}, '306': {'State': 'finished'}, '307': {'State': 'finished'}, '568': {'State': 'finished'}, '569': {'State': 'finished'}, '560': {'State': 'finished'}, '561': {'State': 'finished'}, '562': {'State': 'finished'}, '563': {'State': 'finished'}, '564': {'State': 'finished'}, '565': {'State': 'finished'}, '566': {'State': 'finished'}, '567': {'State': 'finished'}, '229': {'State': 'finished'}, '228': {'State': 'finished'}, '227': {'State': 'finished'}, '226': {'State': 'finished'}, '225': {'State': 'finished'}, '224': {'State': 'finished'}, '223': {'State': 'finished'}, '222': {'State': 'finished'}, '221': {'State': 'finished'}, '220': {'State': 'finished'}, '114': {'State': 'finished'}, '391': {'State': 'finished'}, '390': {'State': 'finished'}, '151': {'State': 'finished'}, '150': {'State': 'finished'}, '153': {'State': 'finished'}, '152': {'State': 'finished'}, '155': {'State': 'finished'}, '600': {'State': 'finished'}, '157': {'State': 'finished'}, '156': {'State': 'finished'}, '159': {'State': 'finished'}, '158': {'State': 'finished'}, '112': {'State': 'finished'}, '83': {'State': 'finished'}, '399': {'State': 'finished'}, '398': {'State': 'finished'}, '48': {'State': 'finished'}, '49': {'State': 'finished'}, '46': {'State': 'finished'}, '47': {'State': 'finished'}, '44': {'State': 'finished'}, '45': {'State': 'finished'}, '42': {'State': 'finished'}, '43': {'State': 'finished'}, '40': {'State': 'finished'}, '41': {'State': 'finished'}, '5': {'State': 'finished'}, '489': {'State': 'finished'}, '488': {'State': 'finished'}, '487': {'State': 'transferring'}, '486': {'State': 'finished'}, '485': {'State': 'finished'}, '484': {'State': 'finished'}, '483': {'State': 'finished'}, '482': {'State': 'finished'}, '481': {'State': 'finished'}, '480': {'State': 'finished'}, '472': {'State': 'finished'}, '473': {'State': 'finished'}, '470': {'State': 'finished'}, '471': {'State': 'finished'}, '476': {'State': 'finished'}, '477': {'State': 'finished'}, '474': {'State': 'finished'}, '475': {'State': 'finished'}, '478': {'State': 'finished'}, '479': {'State': 'finished'}}, 'publication': {'publishing': 0, 'publication_failed': 0, 'not_published': 1, 'published': 599}, 'taskWarningMsg': [], 'publicationFailures': {}, 'outdatasets': ['/PYTHIA_QCD_0T_TuneCUETP8M1_cfi_GEN_SIM_5020GeV/rkunnawa-Pythia8_Dijet_0T_pthat50_pp_TuneCUETP8M1_Hydjet_MinBias_5020GeV_PrivMC-ea07384041ecb667e5016988f29d3eac/USER'], 'statusFailureMsg': '', 'taskFailureMsg': '', 'failedJobdefs': 0, 'ASOURL': 'https://cmsweb.cern.ch/couchdb', 'totalJobdefs': 0, 'jobSetID': '151109_180518:rkunnawa_crab_20151109_190512', 'jobdefErrors': [], 'collector': 'cmssrv221.fnal.gov,vocms099.cern.ch', 'jobList': [['finished', 344], ['finished', 345], ['finished', 346], ['finished', 347], ['finished', 340], ['finished', 341], ['finished', 342], ['finished', 343], ['finished', 348], ['finished', 349], ['finished', 595], ['finished', 594], ['finished', 298], ['finished', 299], ['finished', 296], ['finished', 297], ['finished', 294], ['finished', 295], ['finished', 292], ['finished', 293], ['finished', 290], ['finished', 291], ['finished', 591], ['finished', 590], ['finished', 593], ['finished', 592], ['finished', 199], ['finished', 198], ['finished', 597], ['finished', 596], ['finished', 195], ['finished', 194], ['finished', 197], ['finished', 196], ['finished', 191], ['finished', 190], ['finished', 193], ['finished', 192], ['finished', 270], ['finished', 271], ['finished', 272], ['finished', 273], ['finished', 274], ['finished', 275], ['finished', 276], ['finished', 277], ['finished', 278], ['finished', 279], ['finished', 524], ['finished', 525], ['finished', 526], ['finished', 527], ['finished', 520], ['finished', 521], ['finished', 522], ['finished', 523], ['finished', 599], ['finished', 528], ['finished', 529], ['finished', 449], ['finished', 448], ['finished', 443], ['finished', 442], ['finished', 441], ['finished', 440], ['finished', 447], ['finished', 446], ['finished', 445], ['finished', 444], ['finished', 108], ['finished', 109], ['finished', 102], ['finished', 103], ['finished', 100], ['finished', 101], ['finished', 106], ['finished', 107], ['finished', 104], ['finished', 105], ['finished', 39], ['finished', 38], ['finished', 33], ['finished', 32], ['finished', 31], ['finished', 30], ['finished', 37], ['finished', 36], ['finished', 35], ['finished', 34], ['finished', 438], ['finished', 439], ['finished', 436], ['finished', 437], ['finished', 434], ['finished', 435], ['finished', 432], ['finished', 433], ['finished', 430], ['finished', 431], ['finished', 339], ['finished', 338], ['finished', 335], ['finished', 334], ['finished', 337], ['finished', 336], ['finished', 331], ['finished', 330], ['finished', 333], ['finished', 332], ['finished', 6], ['finished', 99], ['finished', 98], ['finished', 91], ['finished', 90], ['finished', 93], ['finished', 92], ['finished', 95], ['finished', 94], ['finished', 97], ['finished', 96], ['finished', 559], ['finished', 558], ['finished', 555], ['finished', 554], ['finished', 557], ['finished', 556], ['finished', 551], ['finished', 550], ['finished', 553], ['finished', 552], ['finished', 238], ['finished', 239], ['finished', 234], ['finished', 235], ['finished', 236], ['finished', 237], ['finished', 230], ['finished', 231], ['finished', 232], ['finished', 233], ['finished', 1], ['finished', 146], ['finished', 147], ['finished', 144], ['finished', 145], ['finished', 142], ['finished', 143], ['finished', 140], ['finished', 141], ['finished', 148], ['finished', 149], ['finished', 133], ['finished', 132], ['finished', 131], ['finished', 130], ['finished', 137], ['finished', 136], ['finished', 135], ['finished', 134], ['finished', 494], ['finished', 495], ['finished', 139], ['finished', 138], ['finished', 490], ['finished', 491], ['finished', 492], ['finished', 493], ['finished', 24], ['finished', 25], ['finished', 26], ['finished', 27], ['finished', 20], ['finished', 21], ['finished', 22], ['finished', 23], ['finished', 28], ['finished', 29], ['finished', 407], ['finished', 406], ['finished', 405], ['finished', 404], ['finished', 403], ['finished', 402], ['finished', 401], ['finished', 400], ['finished', 409], ['finished', 408], ['finished', 379], ['finished', 378], ['finished', 371], ['finished', 370], ['finished', 373], ['finished', 372], ['finished', 375], ['finished', 374], ['finished', 377], ['finished', 376], ['finished', 393], ['finished', 392], ['finished', 88], ['finished', 89], ['finished', 397], ['finished', 396], ['finished', 395], ['finished', 394], ['finished', 82], ['finished', 83], ['finished', 80], ['finished', 81], ['finished', 86], ['finished', 87], ['finished', 84], ['finished', 85], ['finished', 7], ['finished', 586], ['finished', 587], ['finished', 584], ['finished', 585], ['finished', 582], ['finished', 583], ['finished', 580], ['finished', 581], ['finished', 588], ['finished', 589], ['finished', 245], ['finished', 244], ['finished', 247], ['finished', 246], ['finished', 241], ['finished', 240], ['finished', 243], ['finished', 242], ['finished', 249], ['finished', 248], ['finished', 519], ['finished', 518], ['finished', 511], ['finished', 510], ['finished', 513], ['finished', 512], ['finished', 515], ['finished', 514], ['finished', 517], ['finished', 516], ['finished', 458], ['finished', 459], ['finished', 450], ['finished', 451], ['finished', 452], ['finished', 453], ['finished', 454], ['finished', 455], ['finished', 456], ['finished', 457], ['finished', 179], ['finished', 178], ['finished', 177], ['finished', 176], ['finished', 175], ['finished', 174], ['finished', 173], ['finished', 172], ['finished', 171], ['finished', 170], ['finished', 253], ['finished', 182], ['finished', 183], ['finished', 180], ['finished', 181], ['finished', 186], ['finished', 187], ['finished', 184], ['finished', 185], ['finished', 188], ['finished', 189], ['finished', 11], ['finished', 10], ['finished', 13], ['finished', 12], ['finished', 15], ['finished', 14], ['finished', 17], ['finished', 16], ['finished', 19], ['finished', 18], ['finished', 62], ['finished', 322], ['finished', 323], ['finished', 320], ['finished', 321], ['finished', 326], ['finished', 327], ['finished', 324], ['finished', 325], ['finished', 328], ['finished', 329], ['finished', 201], ['finished', 200], ['finished', 203], ['finished', 202], ['finished', 205], ['finished', 204], ['finished', 207], ['finished', 206], ['finished', 209], ['finished', 208], ['finished', 77], ['finished', 76], ['finished', 75], ['finished', 74], ['finished', 73], ['finished', 72], ['finished', 71], ['finished', 70], ['finished', 79], ['finished', 78], ['finished', 2], ['finished', 542], ['finished', 543], ['finished', 540], ['finished', 541], ['finished', 546], ['finished', 547], ['finished', 544], ['finished', 545], ['finished', 8], ['finished', 548], ['finished', 549], ['finished', 68], ['finished', 598], ['finished', 120], ['finished', 121], ['finished', 122], ['finished', 123], ['finished', 124], ['finished', 125], ['finished', 126], ['finished', 127], ['finished', 128], ['finished', 129], ['finished', 414], ['finished', 415], ['finished', 416], ['finished', 417], ['finished', 410], ['finished', 411], ['finished', 412], ['finished', 413], ['finished', 498], ['finished', 418], ['finished', 419], ['finished', 499], ['finished', 319], ['finished', 318], ['finished', 313], ['finished', 312], ['finished', 311], ['finished', 310], ['finished', 317], ['finished', 316], ['finished', 315], ['finished', 314], ['finished', 496], ['finished', 497], ['finished', 3], ['finished', 368], ['finished', 369], ['finished', 366], ['finished', 367], ['finished', 364], ['finished', 365], ['finished', 362], ['finished', 363], ['finished', 360], ['finished', 361], ['finished', 380], ['finished', 381], ['finished', 382], ['finished', 383], ['finished', 384], ['finished', 385], ['finished', 386], ['finished', 387], ['finished', 388], ['finished', 389], ['finished', 579], ['finished', 578], ['finished', 573], ['finished', 572], ['finished', 571], ['finished', 570], ['finished', 577], ['finished', 576], ['finished', 575], ['finished', 574], ['finished', 60], ['finished', 61], ['finished', 258], ['finished', 259], ['finished', 64], ['finished', 65], ['finished', 66], ['finished', 67], ['finished', 252], ['finished', 69], ['finished', 250], ['finished', 251], ['finished', 256], ['finished', 257], ['finished', 254], ['finished', 255], ['finished', 508], ['finished', 509], ['finished', 506], ['finished', 507], ['finished', 504], ['finished', 505], ['finished', 502], ['finished', 503], ['finished', 500], ['finished', 501], ['finished', 469], ['finished', 468], ['finished', 465], ['finished', 464], ['finished', 467], ['finished', 466], ['finished', 461], ['finished', 460], ['finished', 463], ['finished', 462], ['finished', 168], ['finished', 169], ['finished', 164], ['finished', 165], ['finished', 166], ['finished', 167], ['finished', 160], ['finished', 161], ['finished', 162], ['finished', 163], ['finished', 600], ['finished', 9], ['finished', 357], ['finished', 356], ['finished', 355], ['finished', 354], ['finished', 353], ['finished', 352], ['finished', 351], ['finished', 350], ['finished', 359], ['finished', 358], ['finished', 216], ['finished', 217], ['finished', 214], ['finished', 215], ['finished', 212], ['finished', 213], ['finished', 210], ['finished', 211], ['finished', 218], ['finished', 219], ['finished', 289], ['finished', 288], ['finished', 4], ['finished', 281], ['finished', 280], ['finished', 283], ['finished', 282], ['finished', 285], ['finished', 284], ['finished', 287], ['finished', 286], ['finished', 263], ['finished', 262], ['finished', 261], ['finished', 260], ['finished', 267], ['finished', 266], ['finished', 265], ['finished', 264], ['finished', 269], ['finished', 268], ['finished', 59], ['finished', 58], ['finished', 55], ['finished', 54], ['finished', 57], ['finished', 56], ['finished', 51], ['finished', 50], ['finished', 53], ['finished', 52], ['finished', 537], ['finished', 536], ['finished', 535], ['finished', 63], ['finished', 533], ['finished', 532], ['finished', 531], ['finished', 530], ['finished', 539], ['finished', 538], ['finished', 115], ['finished', 114], ['finished', 117], ['finished', 116], ['finished', 111], ['finished', 110], ['finished', 113], ['finished', 112], ['finished', 119], ['finished', 118], ['finished', 429], ['finished', 428], ['finished', 534], ['finished', 421], ['finished', 420], ['finished', 423], ['finished', 422], ['finished', 425], ['finished', 424], ['finished', 427], ['finished', 426], ['finished', 308], ['finished', 309], ['finished', 300], ['finished', 301], ['finished', 302], ['finished', 303], ['finished', 304], ['finished', 305], ['finished', 306], ['finished', 307], ['finished', 568], ['finished', 569], ['finished', 560], ['finished', 561], ['finished', 562], ['finished', 563], ['finished', 564], ['finished', 565], ['finished', 566], ['finished', 567], ['finished', 229], ['finished', 228], ['finished', 227], ['finished', 226], ['finished', 225], ['finished', 224], ['finished', 223], ['finished', 222], ['finished', 221], ['finished', 220], ['finished', 391], ['finished', 390], ['finished', 151], ['finished', 150], ['finished', 153], ['finished', 152], ['finished', 155], ['finished', 154], ['finished', 157], ['finished', 156], ['finished', 159], ['finished', 158], ['finished', 399], ['finished', 398], ['finished', 48], ['finished', 49], ['finished', 46], ['finished', 47], ['finished', 44], ['finished', 45], ['finished', 42], ['finished', 43], ['finished', 40], ['finished', 41], ['finished', 5], ['finished', 489], ['finished', 488], ['transferring', 487], ['finished', 486], ['finished', 485], ['finished', 484], ['finished', 483], ['finished', 482], ['finished', 481], ['finished', 480], ['finished', 472], ['finished', 473], ['finished', 470], ['finished', 471], ['finished', 476], ['finished', 477], ['finished', 474], ['finished', 475], ['finished', 478], ['finished', 479]]}
INFO 2015-11-10 03:12:48,118: 	 CRAB project directory:		/afs/cern.ch/work/r/rkunnawa/Run2_Production/CMSSW_7_5_4/src/PbPb/0T/QCD_0T_TuneCUETP8M1_cfi_GEN_SIM_50/crab_20151109_190512
INFO 2015-11-10 03:12:48,118: 	 Task name:			151109_180518:rkunnawa_crab_20151109_190512
INFO 2015-11-10 03:12:48,118: 	 Grid scheduler:			crab3-3@submit-4.t2.ucsd.edu
INFO 2015-11-10 03:12:48,118: 	 Task status:			SUBMITTED
INFO 2015-11-10 03:12:48,118: 	 Dashboard monitoring URL:	http://dashb-cms-job.cern.ch/dashboard/templates/task-analysis/#user=crab&refresh=0&table=Jobs&p=1&records=25&activemenu=2&status=&site=&tid=151109_180518%3Arkunnawa_crab_20151109_190512
INFO 2015-11-10 03:12:48,118: 	 
Jobs status:			finished       99.8% (599/600)
INFO 2015-11-10 03:12:48,118: 	 				transferring    0.2% (  1/600)
INFO 2015-11-10 03:12:48,118: 	 
Publication status:		idle            0.2% (  1/600)
				finished       99.8% (599/600)
INFO 2015-11-10 03:12:48,118: 	 
Output dataset:			/PYTHIA_QCD_0T_TuneCUETP8M1_cfi_GEN_SIM_5020GeV/rkunnawa-Pythia8_Dijet_0T_pthat50_pp_TuneCUETP8M1_Hydjet_MinBias_5020GeV_PrivMC-ea07384041ecb667e5016988f29d3eac/USER
Output dataset DAS URL:		https://cmsweb.cern.ch/das/request?input=%2FPYTHIA_QCD_0T_TuneCUETP8M1_cfi_GEN_SIM_5020GeV%2Frkunnawa-Pythia8_Dijet_0T_pthat50_pp_TuneCUETP8M1_Hydjet_MinBias_5020GeV_PrivMC-ea07384041ecb667e5016988f29d3eac%2FUSER&instance=prod%2Fphys03
INFO 2015-11-10 03:12:48,127: 	 Log file is /afs/cern.ch/work/r/rkunnawa/Run2_Production/CMSSW_7_5_4/src/PbPb/0T/QCD_0T_TuneCUETP8M1_cfi_GEN_SIM_50/crab_20151109_190512/crab.log
