# Conditions read from  CMS_CONDITIONS  via FrontierProd 
DEBUG 2015-11-10 03:53:11,246: 	 Executing command: 'submit'
DEBUG 2015-11-10 03:53:11,246: 	 Found CRAB cache file /afs/cern.ch/user/r/rkunnawa/.crab3
DEBUG 2015-11-10 03:53:11,254: 	 Checking credentials
DEBUG 2015-11-10 03:53:11,255: 	 Found proxy file /tmp/x509up_u47972
DEBUG 2015-11-10 03:53:11,255: 	 Getting proxy life time left
DEBUG 2015-11-10 03:53:11,762: 	 Executing : 
 command : voms-proxy-info -file /tmp/x509up_u47972 -timeleft
 output : 42295

 error: 
 retcode : 0
DEBUG 2015-11-10 03:53:12,267: 	 Executing : 
 command : voms-proxy-info -file /tmp/x509up_u47972 -actimeleft
 output : 42294

 error: 
 retcode : 0
DEBUG 2015-11-10 03:53:12,267: 	 Proxy valid for 11:44:55 hours
INFO 2015-11-10 03:53:12,267: 	 Will use CRAB configuration file crabConfig_DIGIRAW.py
DEBUG 2015-11-10 03:53:12,267: 	 Loading CRAB configuration file.
DEBUG 2015-11-10 03:53:12,271: 	 Will use CRAB Analysis plugin (i.e. will run an analysis job type).
DEBUG 2015-11-10 03:53:12,396: 	 Executing : 
 command : openssl x509 -in ~/.globus/usercert.pem -subject -noout
 output : subject= /DC=ch/DC=cern/OU=Organic Units/OU=Users/CN=rkunnawa/CN=748357/CN=Raghav Kunnawalkam Elayavalli

 error: WARNING: can't open config file: /build/dmwmbld/srv/state/dmwmbld/builds/comp_gcc481/w/tmp/BUILDROOT/ef35842be28ecca6d10195ea8182a5ac/build/dmwmbld/srv/state/dmwmbld/builds/comp_gcc481/w/slc6_amd64_gcc481/external/openssl/1.0.1p/ssl/openssl.cnf

 retcode : 0
DEBUG 2015-11-10 03:53:12,396: 	 Checking credentials
DEBUG 2015-11-10 03:53:12,396: 	 Found proxy file /tmp/x509up_u47972
DEBUG 2015-11-10 03:53:12,396: 	 Getting proxy life time left
DEBUG 2015-11-10 03:53:12,900: 	 Executing : 
 command : voms-proxy-info -file /tmp/x509up_u47972 -timeleft
 output : 42294

 error: 
 retcode : 0
DEBUG 2015-11-10 03:53:13,411: 	 Executing : 
 command : voms-proxy-info -file /tmp/x509up_u47972 -actimeleft
 output : 42293

 error: 
 retcode : 0
DEBUG 2015-11-10 03:53:13,411: 	 Proxy valid for 11:44:54 hours
DEBUG 2015-11-10 03:53:13,917: 	 Executing : 
 command : env X509_USER_PROXY=/tmp/x509up_u47972 voms-proxy-info -fqan
 output : /cms/Role=NULL/Capability=NULL
/cms/uscms/Role=NULL/Capability=NULL

 error: 
 retcode : 0
DEBUG 2015-11-10 03:53:14,528: 	 Registering user credentials for server /DC=ch/DC=cern/OU=computers/CN=vocms(045|052|021|031|0118|0118a|0119).cern.ch
DEBUG 2015-11-10 03:53:14,640: 	 Executing : 
 command : openssl x509 -in ~/.globus/usercert.pem -subject -noout
 output : subject= /DC=ch/DC=cern/OU=Organic Units/OU=Users/CN=rkunnawa/CN=748357/CN=Raghav Kunnawalkam Elayavalli

 error: WARNING: can't open config file: /build/dmwmbld/srv/state/dmwmbld/builds/comp_gcc481/w/tmp/BUILDROOT/ef35842be28ecca6d10195ea8182a5ac/build/dmwmbld/srv/state/dmwmbld/builds/comp_gcc481/w/slc6_amd64_gcc481/external/openssl/1.0.1p/ssl/openssl.cnf

 retcode : 0
DEBUG 2015-11-10 03:53:14,640: 	 Getting myproxy life time left for myproxy.cern.ch
DEBUG 2015-11-10 03:53:14,640: 	 Calculating hash of /DC=ch/DC=cern/OU=Organic Units/OU=Users/CN=rkunnawa/CN=748357/CN=Raghav Kunnawalkam Elayavalli_cmsweb.cern.ch for credential name
DEBUG 2015-11-10 03:53:14,858: 	 Executing : 
 command : myproxy-info -l f177240e44e51f49e4026efe0693b4e2b9fc52c9 -s myproxy.cern.ch
 output : username: f177240e44e51f49e4026efe0693b4e2b9fc52c9
owner: /DC=ch/DC=cern/OU=Organic Units/OU=Users/CN=rkunnawa/CN=748357/CN=Raghav Kunnawalkam Elayavalli
  renewal policy: /DC=ch/DC=cern/OU=computers/CN=vocms(045|052|021|031|0118|0118a|0119).cern.ch
  trusted retrieval policy: /DC=ch/DC=cern/OU=computers/CN=vocms(045|052|021|031|0118|0118a|0119).cern.ch
  timeleft: 421:08:17  (17.5 days)

 error: 
 retcode : 0
DEBUG 2015-11-10 03:53:14,859: 	 Myproxy is valid: 1516097
DEBUG 2015-11-10 03:53:14,859: 	 Command use: submit
DEBUG 2015-11-10 03:53:14,859: 	 Options use: ['-c', 'crabConfig_DIGIRAW.py']
DEBUG 2015-11-10 03:53:15,380: 	 CRABClient version: 3.3.1511
DEBUG 2015-11-10 03:53:15,380: 	 Instance is prod
DEBUG 2015-11-10 03:53:15,380: 	 Server base url is cmsweb.cern.ch
DEBUG 2015-11-10 03:53:15,380: 	 Command url /crabserver/prod/workflow
DEBUG 2015-11-10 03:53:15,380: 	 Started submission
DEBUG 2015-11-10 03:53:15,380: 	 Working on /afs/cern.ch/work/r/rkunnawa/Run2_Production/CMSSW_7_5_4/src/PP/0T/step2_DIGI_L1_DIGI2RAW_HLT_RAW2DIGI_L1Reco_80/crab_20151110_035312
DEBUG 2015-11-10 03:53:16,137: 	 Loading required information from the environment
DEBUG 2015-11-10 03:53:16,138: 	 Found CMSSW_7_5_4 for slc6_amd64_gcc491 with base /afs/cern.ch/work/r/rkunnawa/Run2_Production/CMSSW_7_5_4
DEBUG 2015-11-10 03:53:16,164: 	 UNIQUE NAME: tarUUID 89457ee2-3d79-4a62-992f-00a22e519014 
DEBUG 2015-11-10 03:53:16,165: 	 self.config: from WMCore.Configuration import Configuration
config = Configuration()
config.section_('General')
config.General.transferOutputs = True
config.section_('JobType')
config.JobType.psetName = 'step2_DIGI_L1_DIGI2RAW_HLT_RAW2DIGI_L1Reco.py'
config.JobType.pluginName = 'Analysis'
config.JobType.inputFiles = ['rssLimit']
config.JobType.outputFiles = ['step2.root']
config.section_('Data')
config.Data.inputDataset = '/PYTHIA_QCD_0T_TuneCUETP8M1_cfi_GEN_SIM_5020GeV/rkunnawa-Pythia8_Dijet_0T_pthat80_pp_TuneCUETP8M1_5020GeV_PrivMC-b5d69ad931864113e91c5646287a3f6f/USER'
config.Data.outputDatasetTag = 'Pythia8_Dijet_0T_pthat80_pp_TuneCUETP8M1_5020GeV_DIGIRAW_PrivMC'
config.Data.totalUnits = 59000
config.Data.unitsPerJob = 100
config.Data.inputDBS = 'phys03'
config.Data.splitting = 'EventAwareLumiBased'
config.Data.publication = True
config.section_('User')
config.section_('Site')
config.Site.whitelist = ['T2_US_MIT']
config.Site.storageSite = 'T2_US_MIT'

DEBUG 2015-11-10 03:53:16,165: 	 self.config.JobType.psetName: step2_DIGI_L1_DIGI2RAW_HLT_RAW2DIGI_L1Reco.py
INFO 2015-11-10 03:53:16,165: 	 Importing CMSSW configuration step2_DIGI_L1_DIGI2RAW_HLT_RAW2DIGI_L1Reco.py
ERROR 2015-11-10 03:53:18,069: 	 Unhandled Exception!
ERROR 2015-11-10 03:53:18,069: 	 'Process' object has no attribute 'g4SimHits'
Traceback (most recent call last):
  File "/cvmfs/cms.cern.ch/crab3/slc6_amd64_gcc481/cms/crabclient/3.3.1511/bin/crab", line 159, in <module>
    client()
  File "/cvmfs/cms.cern.ch/crab3/slc6_amd64_gcc481/cms/crabclient/3.3.1511/bin/crab", line 147, in __call__
    self.cmd()
  File "/cvmfs/cms.cern.ch/crab3/slc6_amd64_gcc481/cms/crabclient/3.3.1511/lib/python2.6/site-packages/CRABClient/Commands/submit.py", line 99, in __call__
    inputfiles, jobconfig = plugjobtype.run(filecacheurl)
  File "/cvmfs/cms.cern.ch/crab3/slc6_amd64_gcc481/cms/crabclient/3.3.1511/lib/python2.6/site-packages/CRABClient/JobType/Analysis.py", line 86, in run
    userConfig=self.config.JobType.psetName)
  File "/cvmfs/cms.cern.ch/crab3/slc6_amd64_gcc481/cms/crabclient/3.3.1511/lib/python2.6/site-packages/CRABClient/JobType/CMSSWConfig.py", line 58, in __init__
    self.fullConfig = imp.load_module(cfgBaseName, file, pathname, description)
  File "/afs/cern.ch/work/r/rkunnawa/Run2_Production/CMSSW_7_5_4/src/PP/0T/step2_DIGI_L1_DIGI2RAW_HLT_RAW2DIGI_L1Reco_80/step2_DIGI_L1_DIGI2RAW_HLT_RAW2DIGI_L1Reco.py", line 82, in <module>
    process.g4SimHits.UseMagneticField = cms.bool(False)
AttributeError: 'Process' object has no attribute 'g4SimHits'
ERROR 2015-11-10 03:53:18,071: 	 ERROR: AttributeError: 'Process' object has no attribute 'g4SimHits'
ERROR 2015-11-10 03:53:18,071: 	 
	Please email hn-cms-computing-tools@cern.ch for support with the crab.log file or crab.log URL.
ERROR 2015-11-10 03:53:18,071: 	 	Client Version: 3.3.1511
INFO 2015-11-10 03:53:18,071: 	 Fetching user enviroment to log file
DEBUG 2015-11-10 03:53:18,071: 	 Running env command
DEBUG 2015-11-10 03:53:18,083: 	 


USER ENVIROMENT
SRT_G4LEVELGAMMADATA_SCRAMRTDEL=/cvmfs/cms.cern.ch/slc6_amd64_gcc491/external/geant4-G4PhotonEvaporation/3.0/data/PhotonEvaporation3.0
G4LEVELGAMMADATA=/cvmfs/cms.cern.ch/slc6_amd64_gcc491/external/geant4-G4PhotonEvaporation/3.0/data/PhotonEvaporation3.0
MANPATH=/cvmfs/cms.cern.ch/share/man:
SCRAMRT_SET=CMSSW:CMSSW_7_5_4:slc6_amd64_gcc491:V2_2_6_pre5:SRT_
CMSSW_RELEASE_BASE=/cvmfs/cms.cern.ch/slc6_amd64_gcc491/cms/cmssw/CMSSW_7_5_4
CMSSW_FWLITE_INCLUDE_PATH=/cvmfs/cms.cern.ch/slc6_amd64_gcc491/external/sherpa/2.1.1-eccfad2/include:/cvmfs/cms.cern.ch/slc6_amd64_gcc491/external/hepmc/2.06.07-eccfad/include:/cvmfs/cms.cern.ch/slc6_amd64_gcc491/external/clhep/2.1.4.1-eccfad/include:/cvmfs/cms.cern.ch/slc6_amd64_gcc491/external/boost/1.57.0-eccfad/include
HOSTNAME=lxplus0066.cern.ch
SRT_MALLOC_CONF_SCRAMRTDEL=lg_chunk:18,lg_dirty_mult:4
COMPILER_RUNTIME_OBJECTS=/cvmfs/cms.cern.ch/slc6_amd64_gcc491/external/gcc/4.9.1-cms
SELINUX_ROLE_REQUESTED=
SRT_TEXMFHOME_SCRAMRTDEL=/cvmfs/cms.cern.ch/slc6_amd64_gcc491/external/rivet/2.2.1-eccfad2/share/Rivet/texmf
ROOT_INCLUDE_PATH=/afs/cern.ch/work/r/rkunnawa/Run2_Production/CMSSW_7_5_4/src:/cvmfs/cms.cern.ch/slc6_amd64_gcc491/cms/cmssw/CMSSW_7_5_4/src:/cvmfs/cms.cern.ch/slc6_amd64_gcc491/cms/coral/CORAL_2_3_21-eccfad9/include/LCG:/cvmfs/cms.cern.ch/slc6_amd64_gcc491/external/mctester/1.25.0a-eccfad6/include:/cvmfs/cms.cern.ch/slc6_amd64_gcc491/lcg/root/6.02.10-eccfad/include:/cvmfs/cms.cern.ch/slc6_amd64_gcc491/external/qt/4.8.1-cms/include/QtDesigner:/cvmfs/cms.cern.ch/slc6_amd64_gcc491/external/tauolapp/1.1.5-eccfad3/include:/cvmfs/cms.cern.ch/slc6_amd64_gcc491/external/charybdis/1.003-eccfad2/include:/cvmfs/cms.cern.ch/slc6_amd64_gcc491/external/thepeg/1.9.2p1-eccfad2/include:/cvmfs/cms.cern.ch/slc6_amd64_gcc491/external/sherpa/2.1.1-eccfad2/include/SHERPA-MC:/cvmfs/cms.cern.ch/slc6_amd64_gcc491/external/qt/4.8.1-cms/include/QtOpenGL:/cvmfs/cms.cern.ch/slc6_amd64_gcc491/external/qt/4.8.1-cms/include/QtGui:/cvmfs/cms.cern.ch/slc6_amd64_gcc491/external/pythia8/209/include:/cvmfs/cms.cern.ch/slc6_amd64_gcc491/external/herwig/6.521-eccfad2/include:/cvmfs/cms.cern.ch/slc6_amd64_gcc491/external/qt/4.8.1-cms/include/QtScript:/cvmfs/cms.cern.ch/slc6_amd64_gcc491/external/qt/4.8.1-cms/include/Qt3Support:/cvmfs/cms.cern.ch/slc6_amd64_gcc491/external/classlib/3.1.3-eccfad/include:/cvmfs/cms.cern.ch/slc6_amd64_gcc491/external/lhapdf/6.1.5-eccfad2/include:/cvmfs/cms.cern.ch/slc6_amd64_gcc491/external/cgal/4.2-eccfad/include:/cvmfs/cms.cern.ch/slc6_amd64_gcc491/external/tkonlinesw/2.7.0-cms/include:/cvmfs/cms.cern.ch/slc6_amd64_gcc491/external/qt/4.8.1-cms/include:/cvmfs/cms.cern.ch/slc6_amd64_gcc491/external/qt/4.8.1-cms/include/Qt:/cvmfs/cms.cern.ch/slc6_amd64_gcc491/external/qt/4.8.1-cms/include/QtCore:/cvmfs/cms.cern.ch/slc6_amd64_gcc491/external/qt/4.8.1-cms/include/QtXml:/cvmfs/cms.cern.ch/slc6_amd64_gcc491/external/mcdb/1.0.2-cms/interface:/cvmfs/cms.cern.ch/slc6_amd64_gcc491/external/libungif/4.1.4-cms/include:/cvmfs/cms.cern.ch/slc6_amd64_gcc491/external/libtiff/3.9.4-cms/include:/cvmfs/cms.cern.ch/slc6_amd64_gcc491/external/libpng/1.6.16-eccfad/include:/cvmfs/cms.cern.ch/slc6_amd64_gcc491/external/geant4/10.00.p03-eccfad/include/Geant4:/cvmfs/cms.cern.ch/slc6_amd64_gcc491/external/frontier_client/2.8.11-eccfad/include:/cvmfs/cms.cern.ch/slc6_amd64_gcc491/external/evtgenlhc/9.1-eccfad:/cvmfs/cms.cern.ch/slc6_amd64_gcc491/external/pcre/7.9__8.33-cms/include:/cvmfs/cms.cern.ch/slc6_amd64_gcc491/external/boost/1.57.0-eccfad/include:/cvmfs/cms.cern.ch/slc6_amd64_gcc491/external/xz/5.2.1/include:/cvmfs/cms.cern.ch/slc6_amd64_gcc491/external/xrootd/4.0.4-eccfad3/include/xrootd/private:/cvmfs/cms.cern.ch/slc6_amd64_gcc491/cms/vdt/v0.3.2-eccfad/include:/cvmfs/cms.cern.ch/slc6_amd64_gcc491/external/valgrind/3.10.1-eccfad/include:/cvmfs/cms.cern.ch/slc6_amd64_gcc491/external/toprex/4.23-cms/include:/cvmfs/cms.cern.ch/slc6_amd64_gcc491/external/tbb/43_20150316oss/include:/cvmfs/cms.cern.ch/slc6_amd64_gcc491/external/tauola/27.121.5-cms/include:/cvmfs/cms.cern.ch/slc6_amd64_gcc491/external/sigcpp/2.2.10-eccfad/include/sigc++-2.0:/cvmfs/cms.cern.ch/slc6_amd64_gcc491/external/rivet/2.2.1-eccfad2/include:/cvmfs/cms.cern.ch/slc6_amd64_gcc491/external/sqlite/3.7.17-cms/include:/cvmfs/cms.cern.ch/slc6_amd64_gcc491/external/protobuf/2.4.1-cms/include:/cvmfs/cms.cern.ch/slc6_amd64_gcc491/external/pacparser/1.3.1-cms/include:/cvmfs/cms.cern.ch/slc6_amd64_gcc491/external/oracle/11.2.0.3.0__10.2.0.4.0-cms/include:/cvmfs/cms.cern.ch/slc6_amd64_gcc491/external/meschach/1.2.pCMS1-cms/include:/cvmfs/cms.cern.ch/slc6_amd64_gcc491/external/libhepml/0.2.1-cms/interface:/cvmfs/cms.cern.ch/slc6_amd64_gcc491/external/ktjet/1.06-eccfad/include:/cvmfs/cms.cern.ch/slc6_amd64_gcc491/external/jimmy/4.2-eccfad2/include:/cvmfs/cms.cern.ch/slc6_amd64_gcc491/external/jemalloc/3.5.0-cms/include:/cvmfs/cms.cern.ch/slc6_amd64_gcc491/external/libxml2/2.7.7-cms/include/libxml2:/cvmfs/cms.cern.ch/slc6_amd64_gcc491/external/herwigpp/2.7.1-eccfad2/include:/cvmfs/cms.cern.ch/slc6_amd64_gcc491/external/heppdt/3.03.00-cms/include:/cvmfs/cms.cern.ch/slc6_amd64_gcc491/external/hector/1.3.4-eccfad6/include:/cvmfs/cms.cern.ch/slc6_amd64_gcc491/external/gsl/1.10-cms/include:/cvmfs/cms.cern.ch/slc6_amd64_gcc491/external/libjpg/8b-cms/include:/cvmfs/cms.cern.ch/slc6_amd64_gcc491/external/xerces-c/2.8.0-cms/include:/cvmfs/cms.cern.ch/slc6_amd64_gcc491/external/gdbm/1.10-cms/include:/cvmfs/cms.cern.ch/slc6_amd64_gcc491/external/fftw3/3.3.2-cms/include:/cvmfs/cms.cern.ch/slc6_amd64_gcc491/external/fftjet/1.5.0-cms/include:/cvmfs/cms.cern.ch/slc6_amd64_gcc491/external/fastjet/3.1.0-odfocd/include:/cvmfs/cms.cern.ch/slc6_amd64_gcc491/external/expat/2.0.1-cms/include:/cvmfs/cms.cern.ch/slc6_amd64_gcc491/external/hepmc/2.06.07-eccfad/include:/cvmfs/cms.cern.ch/slc6_amd64_gcc491/external/dpm/1.8.0.1-cms/include:/cvmfs/cms.cern.ch/slc6_amd64_gcc491/external/dcap/2.47.8-eccfad/include:/cvmfs/cms.cern.ch/slc6_amd64_gcc491/external/db4/4.4.20-cms/include:/cvmfs/cms.cern.ch/slc6_amd64_gcc491/external/curl/7.28.0-eccfad/include:/cvmfs/cms.cern.ch/slc6_amd64_gcc491/external/cppunit/1.12.1-cms/include:/cvmfs/cms.cern.ch/slc6_amd64_gcc491/external/clhep/2.1.4.1-eccfad/include:/cvmfs/cms.cern.ch/slc6_amd64_gcc491/external/openssl/0.9.8e__1.0.1-cms/include:/cvmfs/cms.cern.ch/slc6_amd64_gcc491/external/pythia6/426-cms/include:/cvmfs/cms.cern.ch/slc6_amd64_gcc491/external/photos/215.5-cms/include:/cvmfs/cms.cern.ch/slc6_amd64_gcc491/external/zlib/1.2.8-cms/include:/cvmfs/cms.cern.ch/slc6_amd64_gcc491/external/libuuid/2.22.2-cms/include:/cvmfs/cms.cern.ch/slc6_amd64_gcc491/external/castor/2.1.13.9-cms/include:/cvmfs/cms.cern.ch/slc6_amd64_gcc491/external/castor/2.1.13.9-cms/include/shift:/cvmfs/cms.cern.ch/slc6_amd64_gcc491/external/cascade/2.2.04-eccfad2/include:/cvmfs/cms.cern.ch/slc6_amd64_gcc491/external/bz2lib/1.0.5-cms/include:/cvmfs/cms.cern.ch/slc6_amd64_gcc491/external/python/2.7.6-eccfad/include/python2.7:/cvmfs/cms.cern.ch/slc6_amd64_gcc491/external/gcc/4.9.1-cms/include/c++/4.9.1:/cvmfs/cms.cern.ch/slc6_amd64_gcc491/external/gcc/4.9.1-cms/include/c++/4.9.1/x86_64-redhat-linux-gnu:/cvmfs/cms.cern.ch/slc6_amd64_gcc491/external/gcc/4.9.1-cms/include/c++/4.9.1/backward:/usr/local/include:/usr/include
SHELL=/bin/bash
TERM=xterm-256color
SRT_GEANT4_PARFULLCMS_CONFIG_DIR_SCRAMRTDEL=/cvmfs/cms.cern.ch/slc6_amd64_gcc491/external/geant4-parfullcms/2014.01.27-eccfad2/share/ParFullCMS
HISTSIZE=1000
SRT_TNS_ADMIN_SCRAMRTDEL=/cvmfs/cms.cern.ch/slc6_amd64_gcc491/cms/oracle-env/29/etc
DBSCMD_HOME=/cvmfs/cms.cern.ch/slc6_amd64_gcc491/cms/dbs-client/DBS_2_1_9-eccfad/lib/DBSAPI
PDFPATH=/cvmfs/cms.cern.ch/slc6_amd64_gcc491/external/rivet/2.2.1-eccfad2/share
SSH_CLIENT=24.185.19.105 65395 22
NLS_LANG=AMERICAN_AMERICA.WE8ISO8859P1
TMPDIR=/tmp/rkunnawa
ROOT_GCC_TOOLCHAIN=/cvmfs/cms.cern.ch/slc6_amd64_gcc491/external/gcc/4.9.1-cms
SRT_PDFPATH_SCRAMRTDEL=/cvmfs/cms.cern.ch/slc6_amd64_gcc491/external/rivet/2.2.1-eccfad2/share
SRT_QTDIR_SCRAMRT=/cvmfs/cms.cern.ch/slc6_amd64_gcc491/external/qt/4.8.1-cms
G4FORCENUMBEROFTHREADS=max
PERL5LIB=/cvmfs/cms.cern.ch/slc6_amd64_gcc491/external/git/1.8.3.1-eccfad/share/perl5
SELINUX_USE_CURRENT_RANGE=
GT_PROXY_MODE=old
CVSROOT=:gserver:cmssw.cvs.cern.ch:/local/reps/CMSSW
LHAPDF_DATA_PATH=/cvmfs/cms.cern.ch/slc6_amd64_gcc491/external/lhapdf/6.1.5-eccfad2/share/LHAPDF
CMSSW_DATA_PATH=/cvmfs/cms.cern.ch/slc6_amd64_gcc491/cms
SRT_G4ABLADATA_SCRAMRTDEL=/cvmfs/cms.cern.ch/slc6_amd64_gcc491/external/geant4-G4ABLA/3.0/data/G4ABLA3.0
CMSSW_GIT_HASH=CMSSW_7_5_4
QTDIR=/cvmfs/cms.cern.ch/slc6_amd64_gcc491/external/qt/4.8.1-cms:/usr/lib64/qt-3.3
QTINC=/cvmfs/cms.cern.ch/slc6_amd64_gcc491/external/qt/4.8.1-cms/include:/usr/lib64/qt-3.3/include
SCRAM_ARCH=slc6_amd64_gcc491
SRT_COMPILER_RUNTIME_OBJECTS_SCRAMRTDEL=/cvmfs/cms.cern.ch/slc6_amd64_gcc491/external/gcc/4.9.1-cms
G4NEUTRONXSDATA=/cvmfs/cms.cern.ch/slc6_amd64_gcc491/external/geant4-G4NEUTRONXS/1.4/data/G4NEUTRONXS1.4
SSH_TTY=/dev/pts/14
SRT_GIT_EXEC_PATH_SCRAMRTDEL=/cvmfs/cms.cern.ch/slc6_amd64_gcc491/external/git/1.8.3.1-eccfad/libexec/git-core
DBS_CLIENT_CONFIG=/cvmfs/cms.cern.ch/slc6_amd64_gcc491/cms/dbs-client/DBS_2_1_9-eccfad/lib/DBSAPI/dbs.config
GIT_SSL_CAINFO=/cvmfs/cms.cern.ch/slc6_amd64_gcc491/external/git/1.8.3.1-eccfad/share/ssl/certs/ca-bundle.crt
STAGE_HOST=castorcms
SRT_ROOT_INCLUDE_PATH_SCRAMRTDEL=/afs/cern.ch/work/r/rkunnawa/Run2_Production/CMSSW_7_5_4/src:/cvmfs/cms.cern.ch/slc6_amd64_gcc491/cms/cmssw/CMSSW_7_5_4/src:/cvmfs/cms.cern.ch/slc6_amd64_gcc491/cms/coral/CORAL_2_3_21-eccfad9/include/LCG:/cvmfs/cms.cern.ch/slc6_amd64_gcc491/external/mctester/1.25.0a-eccfad6/include:/cvmfs/cms.cern.ch/slc6_amd64_gcc491/lcg/root/6.02.10-eccfad/include:/cvmfs/cms.cern.ch/slc6_amd64_gcc491/external/qt/4.8.1-cms/include/QtDesigner:/cvmfs/cms.cern.ch/slc6_amd64_gcc491/external/tauolapp/1.1.5-eccfad3/include:/cvmfs/cms.cern.ch/slc6_amd64_gcc491/external/charybdis/1.003-eccfad2/include:/cvmfs/cms.cern.ch/slc6_amd64_gcc491/external/thepeg/1.9.2p1-eccfad2/include:/cvmfs/cms.cern.ch/slc6_amd64_gcc491/external/sherpa/2.1.1-eccfad2/include/SHERPA-MC:/cvmfs/cms.cern.ch/slc6_amd64_gcc491/external/qt/4.8.1-cms/include/QtOpenGL:/cvmfs/cms.cern.ch/slc6_amd64_gcc491/external/qt/4.8.1-cms/include/QtGui:/cvmfs/cms.cern.ch/slc6_amd64_gcc491/external/pythia8/209/include:/cvmfs/cms.cern.ch/slc6_amd64_gcc491/external/herwig/6.521-eccfad2/include:/cvmfs/cms.cern.ch/slc6_amd64_gcc491/external/qt/4.8.1-cms/include/QtScript:/cvmfs/cms.cern.ch/slc6_amd64_gcc491/external/qt/4.8.1-cms/include/Qt3Support:/cvmfs/cms.cern.ch/slc6_amd64_gcc491/external/classlib/3.1.3-eccfad/include:/cvmfs/cms.cern.ch/slc6_amd64_gcc491/external/lhapdf/6.1.5-eccfad2/include:/cvmfs/cms.cern.ch/slc6_amd64_gcc491/external/cgal/4.2-eccfad/include:/cvmfs/cms.cern.ch/slc6_amd64_gcc491/external/tkonlinesw/2.7.0-cms/include:/cvmfs/cms.cern.ch/slc6_amd64_gcc491/external/qt/4.8.1-cms/include:/cvmfs/cms.cern.ch/slc6_amd64_gcc491/external/qt/4.8.1-cms/include/Qt:/cvmfs/cms.cern.ch/slc6_amd64_gcc491/external/qt/4.8.1-cms/include/QtCore:/cvmfs/cms.cern.ch/slc6_amd64_gcc491/external/qt/4.8.1-cms/include/QtXml:/cvmfs/cms.cern.ch/slc6_amd64_gcc491/external/mcdb/1.0.2-cms/interface:/cvmfs/cms.cern.ch/slc6_amd64_gcc491/external/libungif/4.1.4-cms/include:/cvmfs/cms.cern.ch/slc6_amd64_gcc491/external/libtiff/3.9.4-cms/include:/cvmfs/cms.cern.ch/slc6_amd64_gcc491/external/libpng/1.6.16-eccfad/include:/cvmfs/cms.cern.ch/slc6_amd64_gcc491/external/geant4/10.00.p03-eccfad/include/Geant4:/cvmfs/cms.cern.ch/slc6_amd64_gcc491/external/frontier_client/2.8.11-eccfad/include:/cvmfs/cms.cern.ch/slc6_amd64_gcc491/external/evtgenlhc/9.1-eccfad:/cvmfs/cms.cern.ch/slc6_amd64_gcc491/external/pcre/7.9__8.33-cms/include:/cvmfs/cms.cern.ch/slc6_amd64_gcc491/external/boost/1.57.0-eccfad/include:/cvmfs/cms.cern.ch/slc6_amd64_gcc491/external/xz/5.2.1/include:/cvmfs/cms.cern.ch/slc6_amd64_gcc491/external/xrootd/4.0.4-eccfad3/include/xrootd/private:/cvmfs/cms.cern.ch/slc6_amd64_gcc491/cms/vdt/v0.3.2-eccfad/include:/cvmfs/cms.cern.ch/slc6_amd64_gcc491/external/valgrind/3.10.1-eccfad/include:/cvmfs/cms.cern.ch/slc6_amd64_gcc491/external/toprex/4.23-cms/include:/cvmfs/cms.cern.ch/slc6_amd64_gcc491/external/tbb/43_20150316oss/include:/cvmfs/cms.cern.ch/slc6_amd64_gcc491/external/tauola/27.121.5-cms/include:/cvmfs/cms.cern.ch/slc6_amd64_gcc491/external/sigcpp/2.2.10-eccfad/include/sigc++-2.0:/cvmfs/cms.cern.ch/slc6_amd64_gcc491/external/rivet/2.2.1-eccfad2/include:/cvmfs/cms.cern.ch/slc6_amd64_gcc491/external/sqlite/3.7.17-cms/include:/cvmfs/cms.cern.ch/slc6_amd64_gcc491/external/protobuf/2.4.1-cms/include:/cvmfs/cms.cern.ch/slc6_amd64_gcc491/external/pacparser/1.3.1-cms/include:/cvmfs/cms.cern.ch/slc6_amd64_gcc491/external/oracle/11.2.0.3.0__10.2.0.4.0-cms/include:/cvmfs/cms.cern.ch/slc6_amd64_gcc491/external/meschach/1.2.pCMS1-cms/include:/cvmfs/cms.cern.ch/slc6_amd64_gcc491/external/libhepml/0.2.1-cms/interface:/cvmfs/cms.cern.ch/slc6_amd64_gcc491/external/ktjet/1.06-eccfad/include:/cvmfs/cms.cern.ch/slc6_amd64_gcc491/external/jimmy/4.2-eccfad2/include:/cvmfs/cms.cern.ch/slc6_amd64_gcc491/external/jemalloc/3.5.0-cms/include:/cvmfs/cms.cern.ch/slc6_amd64_gcc491/external/libxml2/2.7.7-cms/include/libxml2:/cvmfs/cms.cern.ch/slc6_amd64_gcc491/external/herwigpp/2.7.1-eccfad2/include:/cvmfs/cms.cern.ch/slc6_amd64_gcc491/external/heppdt/3.03.00-cms/include:/cvmfs/cms.cern.ch/slc6_amd64_gcc491/external/hector/1.3.4-eccfad6/include:/cvmfs/cms.cern.ch/slc6_amd64_gcc491/external/gsl/1.10-cms/include:/cvmfs/cms.cern.ch/slc6_amd64_gcc491/external/libjpg/8b-cms/include:/cvmfs/cms.cern.ch/slc6_amd64_gcc491/external/xerces-c/2.8.0-cms/include:/cvmfs/cms.cern.ch/slc6_amd64_gcc491/external/gdbm/1.10-cms/include:/cvmfs/cms.cern.ch/slc6_amd64_gcc491/external/fftw3/3.3.2-cms/include:/cvmfs/cms.cern.ch/slc6_amd64_gcc491/external/fftjet/1.5.0-cms/include:/cvmfs/cms.cern.ch/slc6_amd64_gcc491/external/fastjet/3.1.0-odfocd/include:/cvmfs/cms.cern.ch/slc6_amd64_gcc491/external/expat/2.0.1-cms/include:/cvmfs/cms.cern.ch/slc6_amd64_gcc491/external/hepmc/2.06.07-eccfad/include:/cvmfs/cms.cern.ch/slc6_amd64_gcc491/external/dpm/1.8.0.1-cms/include:/cvmfs/cms.cern.ch/slc6_amd64_gcc491/external/dcap/2.47.8-eccfad/include:/cvmfs/cms.cern.ch/slc6_amd64_gcc491/external/db4/4.4.20-cms/include:/cvmfs/cms.cern.ch/slc6_amd64_gcc491/external/curl/7.28.0-eccfad/include:/cvmfs/cms.cern.ch/slc6_amd64_gcc491/external/cppunit/1.12.1-cms/include:/cvmfs/cms.cern.ch/slc6_amd64_gcc491/external/clhep/2.1.4.1-eccfad/include:/cvmfs/cms.cern.ch/slc6_amd64_gcc491/external/openssl/0.9.8e__1.0.1-cms/include:/cvmfs/cms.cern.ch/slc6_amd64_gcc491/external/pythia6/426-cms/include:/cvmfs/cms.cern.ch/slc6_amd64_gcc491/external/photos/215.5-cms/include:/cvmfs/cms.cern.ch/slc6_amd64_gcc491/external/zlib/1.2.8-cms/include:/cvmfs/cms.cern.ch/slc6_amd64_gcc491/external/libuuid/2.22.2-cms/include:/cvmfs/cms.cern.ch/slc6_amd64_gcc491/external/castor/2.1.13.9-cms/include:/cvmfs/cms.cern.ch/slc6_amd64_gcc491/external/castor/2.1.13.9-cms/include/shift:/cvmfs/cms.cern.ch/slc6_amd64_gcc491/external/cascade/2.2.04-eccfad2/include:/cvmfs/cms.cern.ch/slc6_amd64_gcc491/external/bz2lib/1.0.5-cms/include:/cvmfs/cms.cern.ch/slc6_amd64_gcc491/external/python/2.7.6-eccfad/include/python2.7:/cvmfs/cms.cern.ch/slc6_amd64_gcc491/external/gcc/4.9.1-cms/include/c++/4.9.1:/cvmfs/cms.cern.ch/slc6_amd64_gcc491/external/gcc/4.9.1-cms/include/c++/4.9.1/x86_64-redhat-linux-gnu:/cvmfs/cms.cern.ch/slc6_amd64_gcc491/external/gcc/4.9.1-cms/include/c++/4.9.1/backward:/usr/local/include:/usr/include
EVTGENDATA=/cvmfs/cms.cern.ch/slc6_amd64_gcc491/external/evtgen/1.3.0-eccfad3/share
SRT_QTINC_SCRAMRT=/cvmfs/cms.cern.ch/slc6_amd64_gcc491/external/qt/4.8.1-cms/include
G4LEDATA=/cvmfs/cms.cern.ch/slc6_amd64_gcc491/external/geant4-G4EMLOW/6.35/data/G4EMLOW6.35
USER=rkunnawa
LS_COLORS=rs=0:di=38;5;27:ln=38;5;51:mh=44;38;5;15:pi=40;38;5;11:so=38;5;13:do=38;5;5:bd=48;5;232;38;5;11:cd=48;5;232;38;5;3:or=48;5;232;38;5;9:mi=05;48;5;232;38;5;15:su=48;5;196;38;5;15:sg=48;5;11;38;5;16:ca=48;5;196;38;5;226:tw=48;5;10;38;5;16:ow=48;5;10;38;5;21:st=48;5;21;38;5;15:ex=38;5;34:*.tar=38;5;9:*.tgz=38;5;9:*.arj=38;5;9:*.taz=38;5;9:*.lzh=38;5;9:*.lzma=38;5;9:*.tlz=38;5;9:*.txz=38;5;9:*.zip=38;5;9:*.z=38;5;9:*.Z=38;5;9:*.dz=38;5;9:*.gz=38;5;9:*.lz=38;5;9:*.xz=38;5;9:*.bz2=38;5;9:*.tbz=38;5;9:*.tbz2=38;5;9:*.bz=38;5;9:*.tz=38;5;9:*.deb=38;5;9:*.rpm=38;5;9:*.jar=38;5;9:*.rar=38;5;9:*.ace=38;5;9:*.zoo=38;5;9:*.cpio=38;5;9:*.7z=38;5;9:*.rz=38;5;9:*.jpg=38;5;13:*.jpeg=38;5;13:*.gif=38;5;13:*.bmp=38;5;13:*.pbm=38;5;13:*.pgm=38;5;13:*.ppm=38;5;13:*.tga=38;5;13:*.xbm=38;5;13:*.xpm=38;5;13:*.tif=38;5;13:*.tiff=38;5;13:*.png=38;5;13:*.svg=38;5;13:*.svgz=38;5;13:*.mng=38;5;13:*.pcx=38;5;13:*.mov=38;5;13:*.mpg=38;5;13:*.mpeg=38;5;13:*.m2v=38;5;13:*.mkv=38;5;13:*.ogm=38;5;13:*.mp4=38;5;13:*.m4v=38;5;13:*.mp4v=38;5;13:*.vob=38;5;13:*.qt=38;5;13:*.nuv=38;5;13:*.wmv=38;5;13:*.asf=38;5;13:*.rm=38;5;13:*.rmvb=38;5;13:*.flc=38;5;13:*.avi=38;5;13:*.fli=38;5;13:*.flv=38;5;13:*.gl=38;5;13:*.dl=38;5;13:*.xcf=38;5;13:*.xwd=38;5;13:*.yuv=38;5;13:*.cgm=38;5;13:*.emf=38;5;13:*.axv=38;5;13:*.anx=38;5;13:*.ogv=38;5;13:*.ogx=38;5;13:*.aac=38;5;45:*.au=38;5;45:*.flac=38;5;45:*.mid=38;5;45:*.midi=38;5;45:*.mka=38;5;45:*.mp3=38;5;45:*.mpc=38;5;45:*.ogg=38;5;45:*.ra=38;5;45:*.wav=38;5;45:*.axa=38;5;45:*.oga=38;5;45:*.spx=38;5;45:*.xspf=38;5;45:
SRT_LHAPDF_DATA_PATH_SCRAMRTDEL=/cvmfs/cms.cern.ch/slc6_amd64_gcc491/external/lhapdf/6.1.5-eccfad2/share/LHAPDF
LD_LIBRARY_PATH=/afs/cern.ch/work/r/rkunnawa/Run2_Production/CMSSW_7_5_4/biglib/slc6_amd64_gcc491:/afs/cern.ch/work/r/rkunnawa/Run2_Production/CMSSW_7_5_4/lib/slc6_amd64_gcc491:/afs/cern.ch/work/r/rkunnawa/Run2_Production/CMSSW_7_5_4/external/slc6_amd64_gcc491/lib:/cvmfs/cms.cern.ch/slc6_amd64_gcc491/cms/cmssw/CMSSW_7_5_4/biglib/slc6_amd64_gcc491:/cvmfs/cms.cern.ch/slc6_amd64_gcc491/cms/cmssw/CMSSW_7_5_4/lib/slc6_amd64_gcc491:/cvmfs/cms.cern.ch/slc6_amd64_gcc491/cms/cmssw/CMSSW_7_5_4/external/slc6_amd64_gcc491/lib:/cvmfs/cms.cern.ch/slc6_amd64_gcc491/external/llvm/3.6-eccfad/lib:/cvmfs/cms.cern.ch/slc6_amd64_gcc491/external/gcc/4.9.1-cms/lib64:/cvmfs/cms.cern.ch/slc6_amd64_gcc491/external/gcc/4.9.1-cms/lib:/cvmfs/cms.cern.ch/crab3/slc6_amd64_gcc481/cms/crabclient/3.3.1511/lib:/cvmfs/cms.cern.ch/crab3/slc6_amd64_gcc481/external/py2-ipython/0.10/lib:/cvmfs/cms.cern.ch/crab3/slc6_amd64_gcc481/cms/dbs3-client/3.3.111/lib:/cvmfs/cms.cern.ch/crab3/slc6_amd64_gcc481/cms/dbs3-pycurl-client/3.3.111/lib:/cvmfs/cms.cern.ch/crab3/slc6_amd64_gcc481/external/py2-httplib2/0.7.1-comp9/lib:/cvmfs/cms.cern.ch/crab3/slc6_amd64_gcc481/external/py2-pycurl/7.19.3-comp9/lib:/cvmfs/cms.cern.ch/crab3/slc6_amd64_gcc481/external/py2-cjson/1.0.5-comp9/lib:/cvmfs/cms.cern.ch/crab3/slc6_amd64_gcc481/external/py2-sphinx/1.1.3-comp10/lib:/cvmfs/cms.cern.ch/crab3/slc6_amd64_gcc481/external/py2-pygments/1.3.1-comp10/lib:/cvmfs/cms.cern.ch/crab3/slc6_amd64_gcc481/external/py2-jinja/2.5.2-comp10/lib:/cvmfs/cms.cern.ch/crab3/slc6_amd64_gcc481/external/py2-docutils/0.9.1-comp9/lib:/cvmfs/cms.cern.ch/crab3/slc6_amd64_gcc481/external/curl/7.35.0-comp7/lib:/cvmfs/cms.cern.ch/crab3/slc6_amd64_gcc481/external/curl/7.35.0-comp7/lib:/cvmfs/cms.cern.ch/crab3/slc6_amd64_gcc481/external/c-ares/1.10.0/lib:/cvmfs/cms.cern.ch/crab3/slc6_amd64_gcc481/external/py2-setuptools/18.3.2/lib:/cvmfs/cms.cern.ch/crab3/slc6_amd64_gcc481/external/python/2.6.8-comp9/lib:/cvmfs/cms.cern.ch/crab3/slc6_amd64_gcc481/external/python/2.6.8-comp9/lib:/cvmfs/cms.cern.ch/crab3/slc6_amd64_gcc481/external/gdbm/1.8.3/lib:/cvmfs/cms.cern.ch/crab3/slc6_amd64_gcc481/external/db4/4.8.30/lib:/cvmfs/cms.cern.ch/crab3/slc6_amd64_gcc481/external/sqlite/3.8.1/lib:/cvmfs/cms.cern.ch/crab3/slc6_amd64_gcc481/external/expat/2.0.1-comp/lib:/cvmfs/cms.cern.ch/crab3/slc6_amd64_gcc481/external/bz2lib/1.0.6/lib:/cvmfs/cms.cern.ch/crab3/slc6_amd64_gcc481/external/openssl/1.0.1p/lib:/cvmfs/cms.cern.ch/crab3/slc6_amd64_gcc481/external/zlib/1.2.8/lib:/cvmfs/cms.cern.ch/crab3/slc6_amd64_gcc481/external/gcc/4.8.1/lib64:/cvmfs/cms.cern.ch/crab3/slc6_amd64_gcc481/external/gcc/4.8.1/lib
SHERPA_INCLUDE_PATH=/cvmfs/cms.cern.ch/slc6_amd64_gcc491/external/sherpa/2.1.1-eccfad2/include/SHERPA-MC
SRT_CMSSW_RELEASE_BASE_SCRAMRTDEL=/cvmfs/cms.cern.ch/slc6_amd64_gcc491/cms/cmssw/CMSSW_7_5_4
SRT_RIVET_ANALYSIS_PATH_SCRAMRTDEL=/afs/cern.ch/work/r/rkunnawa/Run2_Production/CMSSW_7_5_4/lib/slc6_amd64_gcc491:/cvmfs/cms.cern.ch/slc6_amd64_gcc491/cms/cmssw/CMSSW_7_5_4/lib/slc6_amd64_gcc491:/cvmfs/cms.cern.ch/slc6_amd64_gcc491/external/rivet/2.2.1-eccfad2/lib
SRT_MAGIC_SCRAMRTDEL=/cvmfs/cms.cern.ch/slc6_amd64_gcc491/external/file/5.13-cms/share/misc/magic.mgc
SRT_CMSSW_VERSION_SCRAMRTDEL=CMSSW_7_5_4
SRT_CMSSW_GIT_HASH_SCRAMRTDEL=CMSSW_7_5_4
SRT_ROOTSYS_SCRAMRTDEL=/cvmfs/cms.cern.ch/slc6_amd64_gcc491/lcg/root/6.02.10-eccfad/
VALGRIND_LIB=/cvmfs/cms.cern.ch/slc6_amd64_gcc491/external/valgrind/3.10.1-eccfad/lib/valgrind
G4NEUTRONHPDATA=/cvmfs/cms.cern.ch/slc6_amd64_gcc491/external/geant4-G4NDL/4.4/data/G4NDL4.4
GEANT4_PARFULLCMS_CONFIG_DIR=/cvmfs/cms.cern.ch/slc6_amd64_gcc491/external/geant4-parfullcms/2014.01.27-eccfad2/share/ParFullCMS
CASTOR_HOME=/castor/cern.ch/user/r/rkunnawa
SRT_G4RADIOACTIVEDATA_SCRAMRTDEL=/cvmfs/cms.cern.ch/slc6_amd64_gcc491/external/geant4-G4RadioactiveDecay/4.0/data/RadioactiveDecay4.0
SRT_CLHEP_PARAM_PATH_SCRAMRTDEL=/cvmfs/cms.cern.ch/slc6_amd64_gcc491/external/clhep/2.1.4.1-eccfad
SRT_ROOFITSYS_SCRAMRTDEL=/cvmfs/cms.cern.ch/slc6_amd64_gcc491/lcg/root/6.02.10-eccfad/
ROOFITSYS=/cvmfs/cms.cern.ch/slc6_amd64_gcc491/lcg/root/6.02.10-eccfad/
G4RADIOACTIVEDATA=/cvmfs/cms.cern.ch/slc6_amd64_gcc491/external/geant4-G4RadioactiveDecay/4.0/data/RadioactiveDecay4.0
G4ABLADATA=/cvmfs/cms.cern.ch/slc6_amd64_gcc491/external/geant4-G4ABLA/3.0/data/G4ABLA3.0
SRT_SHERPA_INCLUDE_PATH_SCRAMRTDEL=/cvmfs/cms.cern.ch/slc6_amd64_gcc491/external/sherpa/2.1.1-eccfad2/include/SHERPA-MC
SRT_WORKER_DATA_PATH_SCRAMRTDEL=/cvmfs/cms.cern.ch/slc6_amd64_gcc491/external/blackhat/0.9.9-eccfad/share/blackhat/datafiles/
SRT_PERL5LIB_SCRAMRTDEL=/cvmfs/cms.cern.ch/slc6_amd64_gcc491/external/git/1.8.3.1-eccfad/share/perl5
SRT_G4FORCENUMBEROFTHREADS_SCRAMRTDEL=max
PATH=/afs/cern.ch/work/r/rkunnawa/Run2_Production/CMSSW_7_5_4/bin/slc6_amd64_gcc491:/afs/cern.ch/work/r/rkunnawa/Run2_Production/CMSSW_7_5_4/external/slc6_amd64_gcc491/bin:/cvmfs/cms.cern.ch/slc6_amd64_gcc491/cms/cmssw/CMSSW_7_5_4/bin/slc6_amd64_gcc491:/cvmfs/cms.cern.ch/slc6_amd64_gcc491/cms/cmssw/CMSSW_7_5_4/external/slc6_amd64_gcc491/bin:/cvmfs/cms.cern.ch/slc6_amd64_gcc491/external/llvm/3.6-eccfad/bin:/cvmfs/cms.cern.ch/slc6_amd64_gcc491/external/gcc/4.9.1-cms/bin:/cvmfs/cms.cern.ch/crab3/slc6_amd64_gcc481/cms/crabclient/3.3.1511/xbin:/cvmfs/cms.cern.ch/crab3/slc6_amd64_gcc481/cms/crabclient/3.3.1511/bin:/cvmfs/cms.cern.ch/crab3/slc6_amd64_gcc481/external/py2-ipython/0.10/bin:/cvmfs/cms.cern.ch/crab3/slc6_amd64_gcc481/cms/dbs3-client/3.3.111/bin:/cvmfs/cms.cern.ch/crab3/slc6_amd64_gcc481/cms/dbs3-pycurl-client/3.3.111/bin:/cvmfs/cms.cern.ch/crab3/slc6_amd64_gcc481/external/py2-sphinx/1.1.3-comp10/bin:/cvmfs/cms.cern.ch/crab3/slc6_amd64_gcc481/external/py2-pygments/1.3.1-comp10/bin:/cvmfs/cms.cern.ch/crab3/slc6_amd64_gcc481/external/py2-docutils/0.9.1-comp9/bin:/cvmfs/cms.cern.ch/crab3/slc6_amd64_gcc481/external/curl/7.35.0-comp7/bin:/cvmfs/cms.cern.ch/crab3/slc6_amd64_gcc481/external/py2-setuptools/18.3.2/bin:/cvmfs/cms.cern.ch/crab3/slc6_amd64_gcc481/external/python/2.6.8-comp9/bin:/cvmfs/cms.cern.ch/crab3/slc6_amd64_gcc481/external/python/2.6.8-comp9/bin:/cvmfs/cms.cern.ch/crab3/slc6_amd64_gcc481/external/db4/4.8.30/bin:/cvmfs/cms.cern.ch/crab3/slc6_amd64_gcc481/external/sqlite/3.8.1/bin:/cvmfs/cms.cern.ch/crab3/slc6_amd64_gcc481/external/expat/2.0.1-comp/bin:/cvmfs/cms.cern.ch/crab3/slc6_amd64_gcc481/external/bz2lib/1.0.6/bin:/cvmfs/cms.cern.ch/crab3/slc6_amd64_gcc481/external/openssl/1.0.1p/bin:/cvmfs/cms.cern.ch/crab3/slc6_amd64_gcc481/external/gcc/4.8.1/bin:/afs/cern.ch/group/zh/bin:/afs/cern.ch/user/r/rkunnawa/scripts:/afs/cern.ch/cms/caf/scripts:/cvmfs/cms.cern.ch/common:/cvmfs/cms.cern.ch/bin:/usr/sue/bin:/usr/lib64/qt-3.3/bin:/usr/kerberos/sbin:/usr/kerberos/bin:/usr/local/bin:/bin:/usr/bin:/usr/local/sbin:/usr/sbin:/sbin:/afs/cern.ch/user/r/rkunnawa/bin
MAIL=/var/spool/mail/rkunnawa
SRT_HEPPDT_PARAM_PATH_SCRAMRTDEL=/cvmfs/cms.cern.ch/slc6_amd64_gcc491/external/heppdt/3.03.00-cms
TNS_ADMIN=/cvmfs/cms.cern.ch/slc6_amd64_gcc491/cms/oracle-env/29/etc
SRT_DBS_CLIENT_CONFIG_SCRAMRTDEL=/cvmfs/cms.cern.ch/slc6_amd64_gcc491/cms/dbs-client/DBS_2_1_9-eccfad/lib/DBSAPI/dbs.config
SRT_GIT_SSL_CAINFO_SCRAMRTDEL=/cvmfs/cms.cern.ch/slc6_amd64_gcc491/external/git/1.8.3.1-eccfad/share/ssl/certs/ca-bundle.crt
SRT_CMSSW_SEARCH_PATH_SCRAMRTDEL=/afs/cern.ch/work/r/rkunnawa/Run2_Production/CMSSW_7_5_4/src:/afs/cern.ch/work/r/rkunnawa/Run2_Production/CMSSW_7_5_4/external/slc6_amd64_gcc491/data:/cvmfs/cms.cern.ch/slc6_amd64_gcc491/cms/cmssw/CMSSW_7_5_4/src:/cvmfs/cms.cern.ch/slc6_amd64_gcc491/cms/cmssw/CMSSW_7_5_4/external/slc6_amd64_gcc491/data
_=/bin/env
CMS_PATH=/cvmfs/cms.cern.ch
SRT_PATH_SCRAMRT=/afs/cern.ch/work/r/rkunnawa/Run2_Production/CMSSW_7_5_4/bin/slc6_amd64_gcc491:/afs/cern.ch/work/r/rkunnawa/Run2_Production/CMSSW_7_5_4/external/slc6_amd64_gcc491/bin:/cvmfs/cms.cern.ch/slc6_amd64_gcc491/cms/cmssw/CMSSW_7_5_4/bin/slc6_amd64_gcc491:/cvmfs/cms.cern.ch/slc6_amd64_gcc491/cms/cmssw/CMSSW_7_5_4/external/slc6_amd64_gcc491/bin:/cvmfs/cms.cern.ch/slc6_amd64_gcc491/external/llvm/3.6-eccfad/bin:/cvmfs/cms.cern.ch/slc6_amd64_gcc491/external/gcc/4.9.1-cms/bin
PWD=/afs/cern.ch/work/r/rkunnawa/Run2_Production/CMSSW_7_5_4/src/PP/0T/step2_DIGI_L1_DIGI2RAW_HLT_RAW2DIGI_L1Reco_80
WWW_HOME=http://cmsdoc.cern.ch/cms.html
SRT_CMSSW_BASE_SCRAMRTDEL=/afs/cern.ch/work/r/rkunnawa/Run2_Production/CMSSW_7_5_4
SRT_LANG_SCRAMRT=C
SRT_LOCALRT_SCRAMRTDEL=/afs/cern.ch/work/r/rkunnawa/Run2_Production/CMSSW_7_5_4
MAGIC=/cvmfs/cms.cern.ch/slc6_amd64_gcc491/external/file/5.13-cms/share/misc/magic.mgc
RIVET_ANALYSIS_PATH=/afs/cern.ch/work/r/rkunnawa/Run2_Production/CMSSW_7_5_4/lib/slc6_amd64_gcc491:/cvmfs/cms.cern.ch/slc6_amd64_gcc491/cms/cmssw/CMSSW_7_5_4/lib/slc6_amd64_gcc491:/cvmfs/cms.cern.ch/slc6_amd64_gcc491/external/rivet/2.2.1-eccfad2/lib
EDITOR=/bin/nano -w
LANG=C
MODULEPATH=/usr/share/Modules/modulefiles:/etc/modulefiles
KDEDIRS=/usr
LOADEDMODULES=
SRT_G4NEUTRONHPDATA_SCRAMRTDEL=/cvmfs/cms.cern.ch/slc6_amd64_gcc491/external/geant4-G4NDL/4.4/data/G4NDL4.4
SRT_SHERPA_SHARE_PATH_SCRAMRTDEL=/cvmfs/cms.cern.ch/slc6_amd64_gcc491/external/sherpa/2.1.1-eccfad2/share/SHERPA-MC
SELINUX_LEVEL_REQUESTED=
MYPROXY_SERVER=myproxy.cern.ch
SRT_ROOT_GCC_TOOLCHAIN_SCRAMRTDEL=/cvmfs/cms.cern.ch/slc6_amd64_gcc491/external/gcc/4.9.1-cms
SRT_CASCADE_PDFPATH_SCRAMRTDEL=/cvmfs/cms.cern.ch/slc6_amd64_gcc491/external/cascade/2.2.04-eccfad2/share
CASCADE_PDFPATH=/cvmfs/cms.cern.ch/slc6_amd64_gcc491/external/cascade/2.2.04-eccfad2/share
GROUP_DIR=/afs/cern.ch/group/zh
SRT_DBSCMD_HOME_SCRAMRTDEL=/cvmfs/cms.cern.ch/slc6_amd64_gcc491/cms/dbs-client/DBS_2_1_9-eccfad/lib/DBSAPI
GIT_TEMPLATE_DIR=/cvmfs/cms.cern.ch/slc6_amd64_gcc491/external/git/1.8.3.1-eccfad/share/git-core/templates
G4SAIDXSDATA=/cvmfs/cms.cern.ch/slc6_amd64_gcc491/external/geant4-G4SAIDDATA/1.1/data/G4SAIDDATA1.1
WORKER_DATA_PATH=/cvmfs/cms.cern.ch/slc6_amd64_gcc491/external/blackhat/0.9.9-eccfad/share/blackhat/datafiles/
SRT_CMSSW_FWLITE_INCLUDE_PATH_SCRAMRTDEL=/cvmfs/cms.cern.ch/slc6_amd64_gcc491/external/sherpa/2.1.1-eccfad2/include:/cvmfs/cms.cern.ch/slc6_amd64_gcc491/external/hepmc/2.06.07-eccfad/include:/cvmfs/cms.cern.ch/slc6_amd64_gcc491/external/clhep/2.1.4.1-eccfad/include:/cvmfs/cms.cern.ch/slc6_amd64_gcc491/external/boost/1.57.0-eccfad/include
SRT_PYTHONPATH_SCRAMRT=/afs/cern.ch/work/r/rkunnawa/Run2_Production/CMSSW_7_5_4/python:/afs/cern.ch/work/r/rkunnawa/Run2_Production/CMSSW_7_5_4/lib/slc6_amd64_gcc491:/cvmfs/cms.cern.ch/slc6_amd64_gcc491/cms/cmssw/CMSSW_7_5_4/python:/cvmfs/cms.cern.ch/slc6_amd64_gcc491/cms/cmssw/CMSSW_7_5_4/lib/slc6_amd64_gcc491:/cvmfs/cms.cern.ch/slc6_amd64_gcc491/cms/coral/CORAL_2_3_21-eccfad9/slc6_amd64_gcc491/python:/cvmfs/cms.cern.ch/slc6_amd64_gcc491/cms/coral/CORAL_2_3_21-eccfad9/slc6_amd64_gcc491/lib:/cvmfs/cms.cern.ch/slc6_amd64_gcc491/external/pyqt/4.8.1-eccfad2/lib/python2.7/site-packages:/cvmfs/cms.cern.ch/slc6_amd64_gcc491/external/python-ldap/2.4.10-eccfad/lib/python2.7/site-packages:/cvmfs/cms.cern.ch/slc6_amd64_gcc491/external/py2-scipy/0.8.0-eccfad2/lib/python2.7/site-packages:/cvmfs/cms.cern.ch/slc6_amd64_gcc491/external/py2-pandas/0.16.0-eccfad/lib/python2.7/site-packages:/cvmfs/cms.cern.ch/slc6_amd64_gcc491/external/py2-matplotlib/1.2.1-eccfad2/lib/python2.7/site-packages:/cvmfs/cms.cern.ch/slc6_amd64_gcc491/external/yoda/1.3.1-eccfad/lib/python2.7/site-packages:/cvmfs/cms.cern.ch/slc6_amd64_gcc491/external/sip/4.11.2-eccfad2/lib/python2.7/site-packages:/cvmfs/cms.cern.ch/slc6_amd64_gcc491/external/llvm/3.6-eccfad/lib/python2.7/site-packages:/cvmfs/cms.cern.ch/slc6_amd64_gcc491/external/py2-sqlalchemy/0.8.2-eccfad2/lib/python2.7/site-packages:/cvmfs/cms.cern.ch/slc6_amd64_gcc491/external/py2-pycurl/7.19.0-eccfad/lib/python2.7/site-packages:/cvmfs/cms.cern.ch/slc6_amd64_gcc491/external/py2-pytz/2014.7-eccfad/lib/python2.7/site-packages:/cvmfs/cms.cern.ch/slc6_amd64_gcc491/external/py2-python-dateutil/1.5-eccfad/lib/python2.7/site-packages:/cvmfs/cms.cern.ch/slc6_amd64_gcc491/external/py2-numpy/1.9.2-eccfad/lib/python2.7/site-packages:/cvmfs/cms.cern.ch/slc6_amd64_gcc491/external/py2-lint/0.25.1-eccfad/lib/python2.7/site-packages:/cvmfs/cms.cern.ch/slc6_amd64_gcc491/external/py2-ipython/3.1.0/lib/python2.7/site-packages:/cvmfs/cms.cern.ch/slc6_amd64_gcc491/external/py2-dxr/1.0-eccfad/lib/python2.7/site-packages:/cvmfs/cms.cern.ch/slc6_amd64_gcc491/external/py2-cx-oracle/5.1-eccfad/lib/python2.7/site-packages:/cvmfs/cms.cern.ch/slc6_amd64_gcc491/external/py2-cjson/1.0.5-eccfad/lib/python2.7/site-packages:/cvmfs/cms.cern.ch/slc6_amd64_gcc491/external/frontier_client/2.8.11-eccfad/python/lib:/cvmfs/cms.cern.ch/slc6_amd64_gcc491/cms/das_client/v02.05.00-eccfad/bin:/cvmfs/cms.cern.ch/slc6_amd64_gcc491/external/cython/0.22-eccfad/lib/python2.7/site-packages:/cvmfs/cms.cern.ch/slc6_amd64_gcc491/external/rivet/2.2.1-eccfad2/lib/python2.7/site-packages:/cvmfs/cms.cern.ch/slc6_amd64_gcc491/lcg/root/6.02.10-eccfad/lib:/cvmfs/cms.cern.ch/slc6_amd64_gcc491/external/pyminuit2/0.0.1-eccfad6/lib/python2.7/site-packages:/cvmfs/cms.cern.ch/slc6_amd64_gcc491/external/py2-schema/0.3.1-eccfad/lib/python2.7/site-packages:/cvmfs/cms.cern.ch/slc6_amd64_gcc491/external/py2-PyYAML/3.11-eccfad/lib/python2.7/site-packages:/cvmfs/cms.cern.ch/slc6_amd64_gcc491/external/py2-pygithub/1.23.0-eccfad/lib/python2.7/site-packages:/cvmfs/cms.cern.ch/slc6_amd64_gcc491/external/py2-prettytable/0.7.2-eccfad/lib/python2.7/site-packages:/cvmfs/cms.cern.ch/slc6_amd64_gcc491/external/py2-networkx/1.8.1-eccfad2/lib/python2.7/site-packages:/cvmfs/cms.cern.ch/slc6_amd64_gcc491/external/py2-pygments/1.6-eccfad/lib/python2.7/site-packages:/cvmfs/cms.cern.ch/slc6_amd64_gcc491/external/py2-parsimonious/0.6.1-eccfad/lib/python2.7/site-packages:/cvmfs/cms.cern.ch/slc6_amd64_gcc491/external/py2-ordereddict/1.1-eccfad/lib/python2.7/site-packages:/cvmfs/cms.cern.ch/slc6_amd64_gcc491/external/py2-markupsafe/0.23-eccfad/lib/python2.7/site-packages:/cvmfs/cms.cern.ch/slc6_amd64_gcc491/external/py2-jinja/2.7.2-eccfad/lib/python2.7/site-packages:/cvmfs/cms.cern.ch/slc6_amd64_gcc491/external/py2-futures/2.2.0-eccfad/lib/python2.7/site-packages:/cvmfs/cms.cern.ch/slc6_amd64_gcc491/external/py2-docopt/0.6.2-eccfad/lib/python2.7/site-packages:/cvmfs/cms.cern.ch/slc6_amd64_gcc491/external/py2-dablooms/0.9.1-eccfad/lib/python2.7/site-packages:/cvmfs/cms.cern.ch/slc6_amd64_gcc491/external/professor/1.0.0-eccfad7/lib/python2.7/site-packages:/cvmfs/cms.cern.ch/slc6_amd64_gcc491/cms/dbs-client/DBS_2_1_9-eccfad/lib:/cvmfs/cms.cern.ch/slc6_amd64_gcc491/cms/dbs-client/DBS_2_1_9-eccfad/lib/DBSAPI:/cvmfs/cms.cern.ch/slc6_amd64_gcc491/external/cvs2git/5419-eccfad/lib
KRB5CCNAME=FILE:/tmp/krb5cc_47972_pH3aJY
HISTCONTROL=ignoredups
SSH_ASKPASS=/usr/libexec/openssh/gnome-ssh-askpass
SRT_HERWIGPATH_SCRAMRTDEL=/cvmfs/cms.cern.ch/slc6_amd64_gcc491/external/herwigpp/2.7.1-eccfad2/share/Herwig++
SRT_PYTHIA8DATA_SCRAMRTDEL=/cvmfs/cms.cern.ch/slc6_amd64_gcc491/external/pythia8/209/share/Pythia8/xmldoc
ROOTSYS=/cvmfs/cms.cern.ch/slc6_amd64_gcc491/lcg/root/6.02.10-eccfad/
TEXINPUTS=:/afs/cern.ch/group/zh/latex/styles
HOME=/afs/cern.ch/user/r/rkunnawa
SHLVL=2
CMSSW_SEARCH_PATH=/afs/cern.ch/work/r/rkunnawa/Run2_Production/CMSSW_7_5_4/src:/afs/cern.ch/work/r/rkunnawa/Run2_Production/CMSSW_7_5_4/external/slc6_amd64_gcc491/data:/cvmfs/cms.cern.ch/slc6_amd64_gcc491/cms/cmssw/CMSSW_7_5_4/src:/cvmfs/cms.cern.ch/slc6_amd64_gcc491/cms/cmssw/CMSSW_7_5_4/external/slc6_amd64_gcc491/data
SRT_GENREFLEX_SCRAMRTDEL=/cvmfs/cms.cern.ch/slc6_amd64_gcc491/lcg/root/6.02.10-eccfad/bin/genreflex
SRT_G4LEDATA_SCRAMRTDEL=/cvmfs/cms.cern.ch/slc6_amd64_gcc491/external/geant4-G4EMLOW/6.35/data/G4EMLOW6.35
GENREFLEX=/cvmfs/cms.cern.ch/slc6_amd64_gcc491/lcg/root/6.02.10-eccfad/bin/genreflex
SRT_EVTGENDATA_SCRAMRTDEL=/cvmfs/cms.cern.ch/slc6_amd64_gcc491/external/evtgen/1.3.0-eccfad3/share
SRT_QTLIB_SCRAMRT=/cvmfs/cms.cern.ch/slc6_amd64_gcc491/external/qt/4.8.1-cms/lib
MALLOC_CONF=lg_chunk:18,lg_dirty_mult:4
SRT_CMSSW_DATA_PATH_SCRAMRTDEL=/cvmfs/cms.cern.ch/slc6_amd64_gcc491/cms
LOGNAME=rkunnawa
LCG_GFAL_INFOSYS=lcg-bdii.cern.ch:2170
HEPPDT_PARAM_PATH=/cvmfs/cms.cern.ch/slc6_amd64_gcc491/external/heppdt/3.03.00-cms
PYTHONPATH=/afs/cern.ch/work/r/rkunnawa/Run2_Production/CMSSW_7_5_4/python:/afs/cern.ch/work/r/rkunnawa/Run2_Production/CMSSW_7_5_4/lib/slc6_amd64_gcc491:/cvmfs/cms.cern.ch/slc6_amd64_gcc491/cms/cmssw/CMSSW_7_5_4/python:/cvmfs/cms.cern.ch/slc6_amd64_gcc491/cms/cmssw/CMSSW_7_5_4/lib/slc6_amd64_gcc491:/cvmfs/cms.cern.ch/slc6_amd64_gcc491/cms/coral/CORAL_2_3_21-eccfad9/slc6_amd64_gcc491/python:/cvmfs/cms.cern.ch/slc6_amd64_gcc491/cms/coral/CORAL_2_3_21-eccfad9/slc6_amd64_gcc491/lib:/cvmfs/cms.cern.ch/slc6_amd64_gcc491/external/pyqt/4.8.1-eccfad2/lib/python2.7/site-packages:/cvmfs/cms.cern.ch/slc6_amd64_gcc491/external/python-ldap/2.4.10-eccfad/lib/python2.7/site-packages:/cvmfs/cms.cern.ch/slc6_amd64_gcc491/external/py2-scipy/0.8.0-eccfad2/lib/python2.7/site-packages:/cvmfs/cms.cern.ch/slc6_amd64_gcc491/external/py2-pandas/0.16.0-eccfad/lib/python2.7/site-packages:/cvmfs/cms.cern.ch/slc6_amd64_gcc491/external/py2-matplotlib/1.2.1-eccfad2/lib/python2.7/site-packages:/cvmfs/cms.cern.ch/slc6_amd64_gcc491/external/yoda/1.3.1-eccfad/lib/python2.7/site-packages:/cvmfs/cms.cern.ch/slc6_amd64_gcc491/external/sip/4.11.2-eccfad2/lib/python2.7/site-packages:/cvmfs/cms.cern.ch/slc6_amd64_gcc491/external/llvm/3.6-eccfad/lib/python2.7/site-packages:/cvmfs/cms.cern.ch/slc6_amd64_gcc491/external/py2-sqlalchemy/0.8.2-eccfad2/lib/python2.7/site-packages:/cvmfs/cms.cern.ch/slc6_amd64_gcc491/external/py2-pycurl/7.19.0-eccfad/lib/python2.7/site-packages:/cvmfs/cms.cern.ch/slc6_amd64_gcc491/external/py2-pytz/2014.7-eccfad/lib/python2.7/site-packages:/cvmfs/cms.cern.ch/slc6_amd64_gcc491/external/py2-python-dateutil/1.5-eccfad/lib/python2.7/site-packages:/cvmfs/cms.cern.ch/slc6_amd64_gcc491/external/py2-numpy/1.9.2-eccfad/lib/python2.7/site-packages:/cvmfs/cms.cern.ch/slc6_amd64_gcc491/external/py2-lint/0.25.1-eccfad/lib/python2.7/site-packages:/cvmfs/cms.cern.ch/slc6_amd64_gcc491/external/py2-ipython/3.1.0/lib/python2.7/site-packages:/cvmfs/cms.cern.ch/slc6_amd64_gcc491/external/py2-dxr/1.0-eccfad/lib/python2.7/site-packages:/cvmfs/cms.cern.ch/slc6_amd64_gcc491/external/py2-cx-oracle/5.1-eccfad/lib/python2.7/site-packages:/cvmfs/cms.cern.ch/slc6_amd64_gcc491/external/py2-cjson/1.0.5-eccfad/lib/python2.7/site-packages:/cvmfs/cms.cern.ch/slc6_amd64_gcc491/external/frontier_client/2.8.11-eccfad/python/lib:/cvmfs/cms.cern.ch/slc6_amd64_gcc491/cms/das_client/v02.05.00-eccfad/bin:/cvmfs/cms.cern.ch/slc6_amd64_gcc491/external/cython/0.22-eccfad/lib/python2.7/site-packages:/cvmfs/cms.cern.ch/slc6_amd64_gcc491/external/rivet/2.2.1-eccfad2/lib/python2.7/site-packages:/cvmfs/cms.cern.ch/slc6_amd64_gcc491/lcg/root/6.02.10-eccfad/lib:/cvmfs/cms.cern.ch/slc6_amd64_gcc491/external/pyminuit2/0.0.1-eccfad6/lib/python2.7/site-packages:/cvmfs/cms.cern.ch/slc6_amd64_gcc491/external/py2-schema/0.3.1-eccfad/lib/python2.7/site-packages:/cvmfs/cms.cern.ch/slc6_amd64_gcc491/external/py2-PyYAML/3.11-eccfad/lib/python2.7/site-packages:/cvmfs/cms.cern.ch/slc6_amd64_gcc491/external/py2-pygithub/1.23.0-eccfad/lib/python2.7/site-packages:/cvmfs/cms.cern.ch/slc6_amd64_gcc491/external/py2-prettytable/0.7.2-eccfad/lib/python2.7/site-packages:/cvmfs/cms.cern.ch/slc6_amd64_gcc491/external/py2-networkx/1.8.1-eccfad2/lib/python2.7/site-packages:/cvmfs/cms.cern.ch/slc6_amd64_gcc491/external/py2-pygments/1.6-eccfad/lib/python2.7/site-packages:/cvmfs/cms.cern.ch/slc6_amd64_gcc491/external/py2-parsimonious/0.6.1-eccfad/lib/python2.7/site-packages:/cvmfs/cms.cern.ch/slc6_amd64_gcc491/external/py2-ordereddict/1.1-eccfad/lib/python2.7/site-packages:/cvmfs/cms.cern.ch/slc6_amd64_gcc491/external/py2-markupsafe/0.23-eccfad/lib/python2.7/site-packages:/cvmfs/cms.cern.ch/slc6_amd64_gcc491/external/py2-jinja/2.7.2-eccfad/lib/python2.7/site-packages:/cvmfs/cms.cern.ch/slc6_amd64_gcc491/external/py2-futures/2.2.0-eccfad/lib/python2.7/site-packages:/cvmfs/cms.cern.ch/slc6_amd64_gcc491/external/py2-docopt/0.6.2-eccfad/lib/python2.7/site-packages:/cvmfs/cms.cern.ch/slc6_amd64_gcc491/external/py2-dablooms/0.9.1-eccfad/lib/python2.7/site-packages:/cvmfs/cms.cern.ch/slc6_amd64_gcc491/external/professor/1.0.0-eccfad7/lib/python2.7/site-packages:/cvmfs/cms.cern.ch/slc6_amd64_gcc491/cms/dbs-client/DBS_2_1_9-eccfad/lib:/cvmfs/cms.cern.ch/slc6_amd64_gcc491/cms/dbs-client/DBS_2_1_9-eccfad/lib/DBSAPI:/cvmfs/cms.cern.ch/slc6_amd64_gcc491/external/cvs2git/5419-eccfad/lib:/cvmfs/cms.cern.ch/crab3/slc6_amd64_gcc481/cms/crabclient/3.3.1511/xlib/python2.6/site-packages:/cvmfs/cms.cern.ch/crab3/slc6_amd64_gcc481/cms/crabclient/3.3.1511/lib/python2.6/site-packages:/cvmfs/cms.cern.ch/crab3/slc6_amd64_gcc481/external/py2-ipython/0.10/lib/python2.6/site-packages:/cvmfs/cms.cern.ch/crab3/slc6_amd64_gcc481/cms/dbs3-client/3.3.111/xlib/python2.6/site-packages:/cvmfs/cms.cern.ch/crab3/slc6_amd64_gcc481/cms/dbs3-client/3.3.111/lib/python2.6/site-packages:/cvmfs/cms.cern.ch/crab3/slc6_amd64_gcc481/cms/dbs3-pycurl-client/3.3.111/xlib/python2.6/site-packages:/cvmfs/cms.cern.ch/crab3/slc6_amd64_gcc481/cms/dbs3-pycurl-client/3.3.111/lib/python2.6/site-packages:/cvmfs/cms.cern.ch/crab3/slc6_amd64_gcc481/external/py2-httplib2/0.7.1-comp9/lib/python2.6/site-packages:/cvmfs/cms.cern.ch/crab3/slc6_amd64_gcc481/external/py2-pycurl/7.19.3-comp9/lib/python2.6/site-packages:/cvmfs/cms.cern.ch/crab3/slc6_amd64_gcc481/external/py2-cjson/1.0.5-comp9/lib/python2.6/site-packages:/cvmfs/cms.cern.ch/crab3/slc6_amd64_gcc481/external/py2-sphinx/1.1.3-comp10/lib/python2.6/site-packages:/cvmfs/cms.cern.ch/crab3/slc6_amd64_gcc481/external/py2-pygments/1.3.1-comp10/lib/python2.6/site-packages:/cvmfs/cms.cern.ch/crab3/slc6_amd64_gcc481/external/py2-jinja/2.5.2-comp10/lib/python2.6/site-packages:/cvmfs/cms.cern.ch/crab3/slc6_amd64_gcc481/external/py2-docutils/0.9.1-comp9/lib/python2.6/site-packages:/cvmfs/cms.cern.ch/crab3/slc6_amd64_gcc481/external/py2-setuptools/18.3.2/lib/python2.6/site-packages
SRT_LD_LIBRARY_PATH_SCRAMRT=/afs/cern.ch/work/r/rkunnawa/Run2_Production/CMSSW_7_5_4/biglib/slc6_amd64_gcc491:/afs/cern.ch/work/r/rkunnawa/Run2_Production/CMSSW_7_5_4/lib/slc6_amd64_gcc491:/afs/cern.ch/work/r/rkunnawa/Run2_Production/CMSSW_7_5_4/external/slc6_amd64_gcc491/lib:/cvmfs/cms.cern.ch/slc6_amd64_gcc491/cms/cmssw/CMSSW_7_5_4/biglib/slc6_amd64_gcc491:/cvmfs/cms.cern.ch/slc6_amd64_gcc491/cms/cmssw/CMSSW_7_5_4/lib/slc6_amd64_gcc491:/cvmfs/cms.cern.ch/slc6_amd64_gcc491/cms/cmssw/CMSSW_7_5_4/external/slc6_amd64_gcc491/lib:/cvmfs/cms.cern.ch/slc6_amd64_gcc491/external/llvm/3.6-eccfad/lib:/cvmfs/cms.cern.ch/slc6_amd64_gcc491/external/gcc/4.9.1-cms/lib64:/cvmfs/cms.cern.ch/slc6_amd64_gcc491/external/gcc/4.9.1-cms/lib
CVS_RSH=ssh
QTLIB=/cvmfs/cms.cern.ch/slc6_amd64_gcc491/external/qt/4.8.1-cms/lib:/usr/lib64/qt-3.3/lib
SSH_CONNECTION=24.185.19.105 65395 188.184.69.57 22
DBS3_CLIENT_ROOT=/cvmfs/cms.cern.ch/crab3/slc6_amd64_gcc481/cms/dbs3-client/3.3.111/
MODULESHOME=/usr/share/Modules
LESSOPEN=||/usr/bin/lesspipe.sh %s
SRT_G4NEUTRONXSDATA_SCRAMRTDEL=/cvmfs/cms.cern.ch/slc6_amd64_gcc491/external/geant4-G4NEUTRONXS/1.4/data/G4NEUTRONXS1.4
FRONTIER_CLIENT=/cvmfs/cms.cern.ch/slc6_amd64_gcc491/external/frontier_client/2.8.11-eccfad/
CLHEP_PARAM_PATH=/cvmfs/cms.cern.ch/slc6_amd64_gcc491/external/clhep/2.1.4.1-eccfad
SRT_FRONTIER_CLIENT_SCRAMRTDEL=/cvmfs/cms.cern.ch/slc6_amd64_gcc491/external/frontier_client/2.8.11-eccfad/
PYTHIA8DATA=/cvmfs/cms.cern.ch/slc6_amd64_gcc491/external/pythia8/209/share/Pythia8/xmldoc
HERWIGPATH=/cvmfs/cms.cern.ch/slc6_amd64_gcc491/external/herwigpp/2.7.1-eccfad2/share/Herwig++
DISPLAY=localhost:22.0
SRT_G4SAIDXSDATA_SCRAMRTDEL=/cvmfs/cms.cern.ch/slc6_amd64_gcc491/external/geant4-G4SAIDDATA/1.1/data/G4SAIDDATA1.1
SRT_GIT_TEMPLATE_DIR_SCRAMRTDEL=/cvmfs/cms.cern.ch/slc6_amd64_gcc491/external/git/1.8.3.1-eccfad/share/git-core/templates
TEXMFHOME=/cvmfs/cms.cern.ch/slc6_amd64_gcc491/external/rivet/2.2.1-eccfad2/share/Rivet/texmf
RFIO_USE_CASTOR_V2=YES
CMSSW_VERSION=CMSSW_7_5_4
SHERPA_SHARE_PATH=/cvmfs/cms.cern.ch/slc6_amd64_gcc491/external/sherpa/2.1.1-eccfad2/share/SHERPA-MC
G_BROKEN_FILENAMES=1
SCRATCH=/tmp/rkunnawa
GIT_EXEC_PATH=/cvmfs/cms.cern.ch/slc6_amd64_gcc491/external/git/1.8.3.1-eccfad/libexec/git-core
SRT_VALGRIND_LIB_SCRAMRTDEL=/cvmfs/cms.cern.ch/slc6_amd64_gcc491/external/valgrind/3.10.1-eccfad/lib/valgrind
CMSSW_BASE=/afs/cern.ch/work/r/rkunnawa/Run2_Production/CMSSW_7_5_4
LOCALRT=/afs/cern.ch/work/r/rkunnawa/Run2_Production/CMSSW_7_5_4
DBS3_CLIENT_VERSION=3.3.111
BASH_FUNC_module()=() {  eval `/usr/bin/modulecmd bash $*`
}

DEBUG 2015-11-10 03:53:18,461: 	 cacheURL: https://cmsweb.cern.ch/crabcache
Log file name: 2015-11-10_035318_crab.log
INFO 2015-11-10 03:53:18,461: 	 Uploading log file...
INFO 2015-11-10 03:53:18,805: 	 Success: Log file uploaded successfully.
DEBUG 2015-11-10 03:53:18,806: 	 Retrieving username from SiteDB...
DEBUG 2015-11-10 03:53:20,876: 	 Username is: rkunnawa
INFO 2015-11-10 03:53:20,876: 	 Log file URL: https://cmsweb.cern.ch/crabcache/logfile?name=2015-11-10_035318_crab.log&username=rkunnawa
ERROR 2015-11-10 03:53:20,877: 	 	The log file /afs/cern.ch/work/r/rkunnawa/Run2_Production/CMSSW_7_5_4/src/PP/0T/step2_DIGI_L1_DIGI2RAW_HLT_RAW2DIGI_L1Reco_80/crab_20151110_035312/crab.log has been uploaded automatically to the CRAB cache.
	Please email the following URL 'https://cmsweb.cern.ch/crabcache/logfile?name=2015-11-10_035318_crab.log&username=rkunnawa' to hn-cms-computing-tools@cern.ch if you need help from Analysis Operations.
