# Conditions read from  CMS_CONDITIONS  via FrontierProd 
DEBUG 2015-11-09 20:14:38,824: 	 Executing command: 'submit'
DEBUG 2015-11-09 20:14:38,825: 	 Found CRAB cache file /afs/cern.ch/user/r/rkunnawa/.crab3
DEBUG 2015-11-09 20:14:38,838: 	 Checking credentials
DEBUG 2015-11-09 20:14:38,839: 	 Found proxy file /tmp/x509up_u47972
DEBUG 2015-11-09 20:14:38,839: 	 Getting proxy life time left
DEBUG 2015-11-09 20:14:39,547: 	 Executing : 
 command : voms-proxy-info -file /tmp/x509up_u47972 -timeleft
 output : 81833

 error: 
 retcode : 0
DEBUG 2015-11-09 20:14:40,166: 	 Executing : 
 command : voms-proxy-info -file /tmp/x509up_u47972 -actimeleft
 output : 81831

 error: 
 retcode : 0
DEBUG 2015-11-09 20:14:40,166: 	 Proxy valid for 22:43:53 hours
INFO 2015-11-09 20:14:40,166: 	 Will use CRAB configuration file crabConfig.py
DEBUG 2015-11-09 20:14:40,166: 	 Loading CRAB configuration file.
DEBUG 2015-11-09 20:14:40,167: 	 Will use CRAB PrivateMC plugin (i.e. will run a MC generation job type).
DEBUG 2015-11-09 20:14:40,329: 	 Executing : 
 command : openssl x509 -in ~/.globus/usercert.pem -subject -noout
 output : subject= /DC=ch/DC=cern/OU=Organic Units/OU=Users/CN=rkunnawa/CN=748357/CN=Raghav Kunnawalkam Elayavalli

 error: WARNING: can't open config file: /build/dmwmbld/srv/state/dmwmbld/builds/comp_gcc481/w/tmp/BUILDROOT/ef35842be28ecca6d10195ea8182a5ac/build/dmwmbld/srv/state/dmwmbld/builds/comp_gcc481/w/slc6_amd64_gcc481/external/openssl/1.0.1p/ssl/openssl.cnf

 retcode : 0
DEBUG 2015-11-09 20:14:40,329: 	 Checking credentials
DEBUG 2015-11-09 20:14:40,329: 	 Found proxy file /tmp/x509up_u47972
DEBUG 2015-11-09 20:14:40,330: 	 Getting proxy life time left
DEBUG 2015-11-09 20:14:40,838: 	 Executing : 
 command : voms-proxy-info -file /tmp/x509up_u47972 -timeleft
 output : 81832

 error: 
 retcode : 0
DEBUG 2015-11-09 20:14:41,447: 	 Executing : 
 command : voms-proxy-info -file /tmp/x509up_u47972 -actimeleft
 output : 81830

 error: 
 retcode : 0
DEBUG 2015-11-09 20:14:41,447: 	 Proxy valid for 22:43:52 hours
DEBUG 2015-11-09 20:14:42,057: 	 Executing : 
 command : env X509_USER_PROXY=/tmp/x509up_u47972 voms-proxy-info -fqan
 output : /cms/Role=NULL/Capability=NULL
/cms/uscms/Role=NULL/Capability=NULL

 error: 
 retcode : 0
DEBUG 2015-11-09 20:14:42,476: 	 Registering user credentials for server /DC=ch/DC=cern/OU=computers/CN=vocms(045|052|021|031|0118|0118a|0119).cern.ch
DEBUG 2015-11-09 20:14:42,592: 	 Executing : 
 command : openssl x509 -in ~/.globus/usercert.pem -subject -noout
 output : subject= /DC=ch/DC=cern/OU=Organic Units/OU=Users/CN=rkunnawa/CN=748357/CN=Raghav Kunnawalkam Elayavalli

 error: WARNING: can't open config file: /build/dmwmbld/srv/state/dmwmbld/builds/comp_gcc481/w/tmp/BUILDROOT/ef35842be28ecca6d10195ea8182a5ac/build/dmwmbld/srv/state/dmwmbld/builds/comp_gcc481/w/slc6_amd64_gcc481/external/openssl/1.0.1p/ssl/openssl.cnf

 retcode : 0
DEBUG 2015-11-09 20:14:42,592: 	 Getting myproxy life time left for myproxy.cern.ch
DEBUG 2015-11-09 20:14:42,592: 	 Calculating hash of /DC=ch/DC=cern/OU=Organic Units/OU=Users/CN=rkunnawa/CN=748357/CN=Raghav Kunnawalkam Elayavalli_cmsweb.cern.ch for credential name
DEBUG 2015-11-09 20:14:43,198: 	 Executing : 
 command : myproxy-info -l f177240e44e51f49e4026efe0693b4e2b9fc52c9 -s myproxy.cern.ch
 output : username: f177240e44e51f49e4026efe0693b4e2b9fc52c9
owner: /DC=ch/DC=cern/OU=Organic Units/OU=Users/CN=rkunnawa/CN=748357/CN=Raghav Kunnawalkam Elayavalli
  renewal policy: /DC=ch/DC=cern/OU=computers/CN=vocms(045|052|021|031|0118|0118a|0119).cern.ch
  trusted retrieval policy: /DC=ch/DC=cern/OU=computers/CN=vocms(045|052|021|031|0118|0118a|0119).cern.ch
  timeleft: 428:46:48  (17.9 days)

 error: 
 retcode : 0
DEBUG 2015-11-09 20:14:43,200: 	 Myproxy is valid: 1543608
DEBUG 2015-11-09 20:14:43,200: 	 Command use: submit
DEBUG 2015-11-09 20:14:43,200: 	 Options use: ['-c', 'crabConfig.py']
DEBUG 2015-11-09 20:14:43,599: 	 CRABClient version: 3.3.1511
DEBUG 2015-11-09 20:14:43,600: 	 Instance is prod
DEBUG 2015-11-09 20:14:43,600: 	 Server base url is cmsweb.cern.ch
DEBUG 2015-11-09 20:14:43,600: 	 Command url /crabserver/prod/workflow
DEBUG 2015-11-09 20:14:43,600: 	 Started submission
DEBUG 2015-11-09 20:14:43,600: 	 Working on /afs/cern.ch/work/r/rkunnawa/Run2_Production/CMSSW_7_5_4/src/PP/0T/QCD_Pt_0T_5p02TeV_TuneCUETP8M1_cfi_GEN_SIM_50/crab_20151109_201440
DEBUG 2015-11-09 20:14:44,150: 	 Loading required information from the environment
DEBUG 2015-11-09 20:14:44,150: 	 Found CMSSW_7_5_4 for slc6_amd64_gcc491 with base /afs/cern.ch/work/r/rkunnawa/Run2_Production/CMSSW_7_5_4
DEBUG 2015-11-09 20:14:44,208: 	 UNIQUE NAME: tarUUID 1ac5be42-24bd-44f7-8208-fbb42554a5c5 
DEBUG 2015-11-09 20:14:44,209: 	 self.config: from WMCore.Configuration import Configuration
config = Configuration()
config.section_('General')
config.General.transferOutputs = True
config.section_('JobType')
config.JobType.psetName = 'QCD_Pt_0T_5p02TeV_TuneCUETP8M1_cfi_GEN_SIM_50.py'
config.JobType.pluginName = 'PrivateMC'
config.JobType.inputFiles = ['rssLimit']
config.JobType.outputFiles = ['step1.root']
config.section_('Data')
config.Data.outputDatasetTag = 'Pythia8_Dijet_0T_pthat50_pp_TuneCUETP8M1_5020GeV_PrivMC'
config.Data.totalUnits = 60000
config.Data.unitsPerJob = 100
config.Data.splitting = 'EventBased'
config.Data.outputPrimaryDataset = 'PYTHIA_QCD_0T_TuneCUETP8M1_cfi_GEN_SIM_5020GeV'
config.Data.publication = True
config.section_('User')
config.section_('Site')
config.Site.whitelist = ['T2_US_MIT']
config.Site.storageSite = 'T2_US_MIT'

DEBUG 2015-11-09 20:14:44,209: 	 self.config.JobType.psetName: QCD_Pt_0T_5p02TeV_TuneCUETP8M1_cfi_GEN_SIM_50.py
INFO 2015-11-09 20:14:44,209: 	 Importing CMSSW configuration QCD_Pt_0T_5p02TeV_TuneCUETP8M1_cfi_GEN_SIM_50.py
INFO 2015-11-09 20:14:46,700: 	 Finished importing CMSSW configuration QCD_Pt_0T_5p02TeV_TuneCUETP8M1_cfi_GEN_SIM_50.py
DEBUG 2015-11-09 20:14:46,700: 	 Writing CMSSW configuration to /afs/cern.ch/work/r/rkunnawa/Run2_Production/CMSSW_7_5_4/src/PP/0T/QCD_Pt_0T_5p02TeV_TuneCUETP8M1_cfi_GEN_SIM_50/crab_20151109_201440/inputs/PSet.py
DEBUG 2015-11-09 20:14:47,257: 	 The following EDM output files will be collected: ['step1.root']
DEBUG 2015-11-09 20:14:47,258: 	 The following TFile output files will be collected: []
DEBUG 2015-11-09 20:14:47,258: 	 The following user output files will be collected: []
DEBUG 2015-11-09 20:14:47,258: 	 Loading required information from the environment
DEBUG 2015-11-09 20:14:47,258: 	 Found CMSSW_7_5_4 for slc6_amd64_gcc491 with base /afs/cern.ch/work/r/rkunnawa/Run2_Production/CMSSW_7_5_4
DEBUG 2015-11-09 20:14:47,258: 	 Making tarball in /afs/cern.ch/work/r/rkunnawa/Run2_Production/CMSSW_7_5_4/src/PP/0T/QCD_Pt_0T_5p02TeV_TuneCUETP8M1_cfi_GEN_SIM_50/crab_20151109_201440/inputs/1ac5be42-24bd-44f7-8208-fbb42554a5c5default.tgz
DEBUG 2015-11-09 20:14:47,259: 	 Checking directory /afs/cern.ch/work/r/rkunnawa/Run2_Production/CMSSW_7_5_4/lib
DEBUG 2015-11-09 20:14:47,259: 	 Adding directory /afs/cern.ch/work/r/rkunnawa/Run2_Production/CMSSW_7_5_4/lib to tarball
DEBUG 2015-11-09 20:14:47,299: 	 Checking directory /afs/cern.ch/work/r/rkunnawa/Run2_Production/CMSSW_7_5_4/biglib
DEBUG 2015-11-09 20:14:47,299: 	 Adding directory /afs/cern.ch/work/r/rkunnawa/Run2_Production/CMSSW_7_5_4/biglib to tarball
DEBUG 2015-11-09 20:14:47,300: 	 Checking directory /afs/cern.ch/work/r/rkunnawa/Run2_Production/CMSSW_7_5_4/module
DEBUG 2015-11-09 20:14:47,496: 	 Adding file rssLimit to tarball
DEBUG 2015-11-09 20:14:47,701: 	 Uploading archive /afs/cern.ch/work/r/rkunnawa/Run2_Production/CMSSW_7_5_4/src/PP/0T/QCD_Pt_0T_5p02TeV_TuneCUETP8M1_cfi_GEN_SIM_50/crab_20151109_201440/inputs/1ac5be42-24bd-44f7-8208-fbb42554a5c5default.tgz to the CRAB cache. Using URI https://cmsweb.cern.ch/crabcache
DEBUG 2015-11-09 20:14:48,248: 	 Result uploading input files: a461f2d896df30830572a6a365b19a87b7472592637de31bf83359d9d4d36a3f.tar.gz 
INFO 2015-11-09 20:14:48,248: 	 Sending the request to the server
DEBUG 2015-11-09 20:14:48,248: 	 Submitting {'maxjobruntime': 1250, 'adduserfiles': ['rssLimit'], 'ignorelocality': 0, 'savelogsflag': 0, 'useparent': 0, 'asyncdest': 'T2_US_MIT', 'algoargs': 100, 'cachefilename': 'a461f2d896df30830572a6a365b19a87b7472592637de31bf83359d9d4d36a3f.tar.gz', 'numcores': 1, 'addoutputfiles': [], 'generator': 'pythia', 'maxmemory': 2000, 'publishdbsurl': 'https://cmsweb.cern.ch/dbs/prod/phys03/DBSWriter', 'priority': 10, 'jobsw': 'CMSSW_7_5_4', 'edmoutfiles': ['step1.root'], 'userfiles': [], 'primarydataset': 'PYTHIA_QCD_0T_TuneCUETP8M1_cfi_GEN_SIM_5020GeV', 'inputdata': '', 'dryrun': 0, 'workflow': 'crab_20151109_201440', 'sitewhitelist': ['T2_US_MIT'], 'nonprodsw': 0, 'tfileoutfiles': [], 'oneEventMode': 0, 'cacheurl': 'https://cmsweb.cern.ch/crabcache', 'saveoutput': 1, 'publication': 1, 'jobarch': 'slc6_amd64_gcc491', 'totalunits': 60000, 'splitalgo': 'EventBased', 'nonvaliddata': 0, 'dbsurl': 'https://cmsweb.cern.ch/dbs/prod/global/DBSReader', 'publishgroupname': 0, 'jobtype': 'PrivateMC', 'publishname2': 'Pythia8_Dijet_0T_pthat50_pp_TuneCUETP8M1_5020GeV_PrivMC'} 
DEBUG 2015-11-09 20:14:48,249: 	 Encoded submit request: maxjobruntime=1250&ignorelocality=0&savelogsflag=0&useparent=0&asyncdest=T2_US_MIT&algoargs=100&cachefilename=a461f2d896df30830572a6a365b19a87b7472592637de31bf83359d9d4d36a3f.tar.gz&numcores=1&generator=pythia&maxmemory=2000&publishdbsurl=https%3A%2F%2Fcmsweb.cern.ch%2Fdbs%2Fprod%2Fphys03%2FDBSWriter&priority=10&jobsw=CMSSW_7_5_4&primarydataset=PYTHIA_QCD_0T_TuneCUETP8M1_cfi_GEN_SIM_5020GeV&inputdata=&dryrun=0&workflow=crab_20151109_201440&nonprodsw=0&oneEventMode=0&cacheurl=https%3A%2F%2Fcmsweb.cern.ch%2Fcrabcache&saveoutput=1&publication=1&jobarch=slc6_amd64_gcc491&totalunits=60000&splitalgo=EventBased&nonvaliddata=0&dbsurl=https%3A%2F%2Fcmsweb.cern.ch%2Fdbs%2Fprod%2Fglobal%2FDBSReader&publishgroupname=0&jobtype=PrivateMC&publishname2=Pythia8_Dijet_0T_pthat50_pp_TuneCUETP8M1_5020GeV_PrivMC&adduserfiles=rssLimit&sitewhitelist=T2_US_MIT&edmoutfiles=step1.root
DEBUG 2015-11-09 20:14:49,023: 	 Result: {'result': [{'RequestName': '151109_191448:rkunnawa_crab_20151109_201440'}]}
INFO 2015-11-09 20:14:49,026: 	 Success: Your task has been delivered to the CRAB3 server.
INFO 2015-11-09 20:14:49,026: 	 Task name: 151109_191448:rkunnawa_crab_20151109_201440
INFO 2015-11-09 20:14:49,026: 	 Please use 'crab status' to check how the submission process proceeds.
DEBUG 2015-11-09 20:14:49,026: 	 About to return
INFO 2015-11-09 20:14:49,029: 	 Log file is /afs/cern.ch/work/r/rkunnawa/Run2_Production/CMSSW_7_5_4/src/PP/0T/QCD_Pt_0T_5p02TeV_TuneCUETP8M1_cfi_GEN_SIM_50/crab_20151109_201440/crab.log
