# Conditions read from  CMS_CONDITIONS  via FrontierProd 
DEBUG 2015-11-09 19:05:40,546: 	 Executing command: 'submit'
DEBUG 2015-11-09 19:05:40,547: 	 Found CRAB cache file /afs/cern.ch/user/r/rkunnawa/.crab3
DEBUG 2015-11-09 19:05:40,557: 	 Checking credentials
DEBUG 2015-11-09 19:05:40,558: 	 Found proxy file /tmp/x509up_u47972
DEBUG 2015-11-09 19:05:40,558: 	 Getting proxy life time left
DEBUG 2015-11-09 19:05:41,064: 	 Executing : 
 command : voms-proxy-info -file /tmp/x509up_u47972 -timeleft
 output : 85959

 error: 
 retcode : 0
DEBUG 2015-11-09 19:05:41,569: 	 Executing : 
 command : voms-proxy-info -file /tmp/x509up_u47972 -actimeleft
 output : 85959

 error: 
 retcode : 0
DEBUG 2015-11-09 19:05:41,570: 	 Proxy valid for 23:52:39 hours
INFO 2015-11-09 19:05:41,570: 	 Will use CRAB configuration file crabConfig.py
DEBUG 2015-11-09 19:05:41,570: 	 Loading CRAB configuration file.
DEBUG 2015-11-09 19:05:41,575: 	 Will use CRAB PrivateMC plugin (i.e. will run a MC generation job type).
DEBUG 2015-11-09 19:05:41,812: 	 Executing : 
 command : openssl x509 -in ~/.globus/usercert.pem -subject -noout
 output : subject= /DC=ch/DC=cern/OU=Organic Units/OU=Users/CN=rkunnawa/CN=748357/CN=Raghav Kunnawalkam Elayavalli

 error: WARNING: can't open config file: /build/dmwmbld/srv/state/dmwmbld/builds/comp_gcc481/w/tmp/BUILDROOT/ef35842be28ecca6d10195ea8182a5ac/build/dmwmbld/srv/state/dmwmbld/builds/comp_gcc481/w/slc6_amd64_gcc481/external/openssl/1.0.1p/ssl/openssl.cnf

 retcode : 0
DEBUG 2015-11-09 19:05:41,813: 	 Checking credentials
DEBUG 2015-11-09 19:05:41,813: 	 Found proxy file /tmp/x509up_u47972
DEBUG 2015-11-09 19:05:41,813: 	 Getting proxy life time left
DEBUG 2015-11-09 19:05:42,321: 	 Executing : 
 command : voms-proxy-info -file /tmp/x509up_u47972 -timeleft
 output : 85958

 error: 
 retcode : 0
DEBUG 2015-11-09 19:05:42,831: 	 Executing : 
 command : voms-proxy-info -file /tmp/x509up_u47972 -actimeleft
 output : 85958

 error: 
 retcode : 0
DEBUG 2015-11-09 19:05:42,831: 	 Proxy valid for 23:52:38 hours
DEBUG 2015-11-09 19:05:43,337: 	 Executing : 
 command : env X509_USER_PROXY=/tmp/x509up_u47972 voms-proxy-info -fqan
 output : /cms/Role=NULL/Capability=NULL
/cms/uscms/Role=NULL/Capability=NULL

 error: 
 retcode : 0
DEBUG 2015-11-09 19:05:43,719: 	 Registering user credentials for server /DC=ch/DC=cern/OU=computers/CN=vocms(045|052|021|031|0118|0118a|0119).cern.ch
DEBUG 2015-11-09 19:05:43,829: 	 Executing : 
 command : openssl x509 -in ~/.globus/usercert.pem -subject -noout
 output : subject= /DC=ch/DC=cern/OU=Organic Units/OU=Users/CN=rkunnawa/CN=748357/CN=Raghav Kunnawalkam Elayavalli

 error: WARNING: can't open config file: /build/dmwmbld/srv/state/dmwmbld/builds/comp_gcc481/w/tmp/BUILDROOT/ef35842be28ecca6d10195ea8182a5ac/build/dmwmbld/srv/state/dmwmbld/builds/comp_gcc481/w/slc6_amd64_gcc481/external/openssl/1.0.1p/ssl/openssl.cnf

 retcode : 0
DEBUG 2015-11-09 19:05:43,829: 	 Getting myproxy life time left for myproxy.cern.ch
DEBUG 2015-11-09 19:05:43,829: 	 Calculating hash of /DC=ch/DC=cern/OU=Organic Units/OU=Users/CN=rkunnawa/CN=748357/CN=Raghav Kunnawalkam Elayavalli_cmsweb.cern.ch for credential name
DEBUG 2015-11-09 19:05:44,035: 	 Executing : 
 command : myproxy-info -l f177240e44e51f49e4026efe0693b4e2b9fc52c9 -s myproxy.cern.ch
 output : username: f177240e44e51f49e4026efe0693b4e2b9fc52c9
owner: /DC=ch/DC=cern/OU=Organic Units/OU=Users/CN=rkunnawa/CN=748357/CN=Raghav Kunnawalkam Elayavalli
  renewal policy: /DC=ch/DC=cern/OU=computers/CN=vocms(045|052|021|031|0118|0118a|0119).cern.ch
  trusted retrieval policy: /DC=ch/DC=cern/OU=computers/CN=vocms(045|052|021|031|0118|0118a|0119).cern.ch
  timeleft: 429:55:48  (17.9 days)

 error: 
 retcode : 0
DEBUG 2015-11-09 19:05:44,036: 	 Myproxy is valid: 1547748
DEBUG 2015-11-09 19:05:44,036: 	 Command use: submit
DEBUG 2015-11-09 19:05:44,036: 	 Options use: ['-c', 'crabConfig.py']
DEBUG 2015-11-09 19:05:44,645: 	 CRABClient version: 3.3.1511
DEBUG 2015-11-09 19:05:44,645: 	 Instance is prod
DEBUG 2015-11-09 19:05:44,645: 	 Server base url is cmsweb.cern.ch
DEBUG 2015-11-09 19:05:44,645: 	 Command url /crabserver/prod/workflow
DEBUG 2015-11-09 19:05:44,645: 	 Started submission
DEBUG 2015-11-09 19:05:44,645: 	 Working on /afs/cern.ch/work/r/rkunnawa/Run2_Production/CMSSW_7_5_4/src/PbPb/0T/QCD_0T_TuneCUETP8M1_cfi_GEN_SIM_170/crab_20151109_190541
DEBUG 2015-11-09 19:05:45,068: 	 Loading required information from the environment
DEBUG 2015-11-09 19:05:45,069: 	 Found CMSSW_7_5_4 for slc6_amd64_gcc491 with base /afs/cern.ch/work/r/rkunnawa/Run2_Production/CMSSW_7_5_4
DEBUG 2015-11-09 19:05:45,087: 	 UNIQUE NAME: tarUUID a26f34f2-4410-427f-aba8-3da0bdd1f708 
DEBUG 2015-11-09 19:05:45,088: 	 self.config: from WMCore.Configuration import Configuration
config = Configuration()
config.section_('General')
config.General.transferOutputs = True
config.section_('JobType')
config.JobType.psetName = 'QCD_0T_TuneCUETP8M1_cfi_GEN_SIM_170.py'
config.JobType.pluginName = 'PrivateMC'
config.JobType.inputFiles = ['rssLimit']
config.JobType.outputFiles = ['step1.root']
config.section_('Data')
config.Data.outputDatasetTag = 'Pythia8_Dijet_0T_pthat170_pp_TuneCUETP8M1_Hydjet_MinBias_5020GeV_PrivMC'
config.Data.totalUnits = 60000
config.Data.unitsPerJob = 100
config.Data.splitting = 'EventBased'
config.Data.outputPrimaryDataset = 'PYTHIA_QCD_0T_TuneCUETP8M1_cfi_GEN_SIM_5020GeV'
config.Data.publication = True
config.section_('User')
config.section_('Site')
config.Site.whitelist = ['T2_US_MIT']
config.Site.storageSite = 'T2_US_MIT'

DEBUG 2015-11-09 19:05:45,088: 	 self.config.JobType.psetName: QCD_0T_TuneCUETP8M1_cfi_GEN_SIM_170.py
INFO 2015-11-09 19:05:45,088: 	 Importing CMSSW configuration QCD_0T_TuneCUETP8M1_cfi_GEN_SIM_170.py
INFO 2015-11-09 19:05:46,663: 	 Finished importing CMSSW configuration QCD_0T_TuneCUETP8M1_cfi_GEN_SIM_170.py
DEBUG 2015-11-09 19:05:46,663: 	 Writing CMSSW configuration to /afs/cern.ch/work/r/rkunnawa/Run2_Production/CMSSW_7_5_4/src/PbPb/0T/QCD_0T_TuneCUETP8M1_cfi_GEN_SIM_170/crab_20151109_190541/inputs/PSet.py
DEBUG 2015-11-09 19:05:47,085: 	 The following EDM output files will be collected: ['step1.root']
DEBUG 2015-11-09 19:05:47,085: 	 The following TFile output files will be collected: []
DEBUG 2015-11-09 19:05:47,085: 	 The following user output files will be collected: []
DEBUG 2015-11-09 19:05:47,085: 	 Loading required information from the environment
DEBUG 2015-11-09 19:05:47,085: 	 Found CMSSW_7_5_4 for slc6_amd64_gcc491 with base /afs/cern.ch/work/r/rkunnawa/Run2_Production/CMSSW_7_5_4
DEBUG 2015-11-09 19:05:47,085: 	 Making tarball in /afs/cern.ch/work/r/rkunnawa/Run2_Production/CMSSW_7_5_4/src/PbPb/0T/QCD_0T_TuneCUETP8M1_cfi_GEN_SIM_170/crab_20151109_190541/inputs/a26f34f2-4410-427f-aba8-3da0bdd1f708default.tgz
DEBUG 2015-11-09 19:05:47,086: 	 Checking directory /afs/cern.ch/work/r/rkunnawa/Run2_Production/CMSSW_7_5_4/lib
DEBUG 2015-11-09 19:05:47,086: 	 Adding directory /afs/cern.ch/work/r/rkunnawa/Run2_Production/CMSSW_7_5_4/lib to tarball
DEBUG 2015-11-09 19:05:47,091: 	 Checking directory /afs/cern.ch/work/r/rkunnawa/Run2_Production/CMSSW_7_5_4/biglib
DEBUG 2015-11-09 19:05:47,091: 	 Adding directory /afs/cern.ch/work/r/rkunnawa/Run2_Production/CMSSW_7_5_4/biglib to tarball
DEBUG 2015-11-09 19:05:47,092: 	 Checking directory /afs/cern.ch/work/r/rkunnawa/Run2_Production/CMSSW_7_5_4/module
DEBUG 2015-11-09 19:05:47,112: 	 Adding file rssLimit to tarball
DEBUG 2015-11-09 19:05:47,214: 	 Uploading archive /afs/cern.ch/work/r/rkunnawa/Run2_Production/CMSSW_7_5_4/src/PbPb/0T/QCD_0T_TuneCUETP8M1_cfi_GEN_SIM_170/crab_20151109_190541/inputs/a26f34f2-4410-427f-aba8-3da0bdd1f708default.tgz to the CRAB cache. Using URI https://cmsweb.cern.ch/crabcache
DEBUG 2015-11-09 19:05:47,716: 	 Result uploading input files: 0a2a6a16dc916efd60b49c93ae375b2a2b858d500872e02b45f014b532854461.tar.gz 
INFO 2015-11-09 19:05:47,717: 	 Sending the request to the server
DEBUG 2015-11-09 19:05:47,717: 	 Submitting {'maxjobruntime': 1250, 'adduserfiles': ['rssLimit'], 'ignorelocality': 0, 'savelogsflag': 0, 'useparent': 0, 'asyncdest': 'T2_US_MIT', 'algoargs': 100, 'cachefilename': '0a2a6a16dc916efd60b49c93ae375b2a2b858d500872e02b45f014b532854461.tar.gz', 'numcores': 1, 'addoutputfiles': [], 'generator': 'pythia', 'maxmemory': 2000, 'publishdbsurl': 'https://cmsweb.cern.ch/dbs/prod/phys03/DBSWriter', 'priority': 10, 'jobsw': 'CMSSW_7_5_4', 'edmoutfiles': ['step1.root'], 'userfiles': [], 'primarydataset': 'PYTHIA_QCD_0T_TuneCUETP8M1_cfi_GEN_SIM_5020GeV', 'inputdata': '', 'dryrun': 0, 'workflow': 'crab_20151109_190541', 'sitewhitelist': ['T2_US_MIT'], 'nonprodsw': 0, 'tfileoutfiles': [], 'oneEventMode': 0, 'cacheurl': 'https://cmsweb.cern.ch/crabcache', 'saveoutput': 1, 'publication': 1, 'jobarch': 'slc6_amd64_gcc491', 'totalunits': 60000, 'splitalgo': 'EventBased', 'nonvaliddata': 0, 'dbsurl': 'https://cmsweb.cern.ch/dbs/prod/global/DBSReader', 'publishgroupname': 0, 'jobtype': 'PrivateMC', 'publishname2': 'Pythia8_Dijet_0T_pthat170_pp_TuneCUETP8M1_Hydjet_MinBias_5020GeV_PrivMC'} 
DEBUG 2015-11-09 19:05:47,717: 	 Encoded submit request: maxjobruntime=1250&ignorelocality=0&savelogsflag=0&useparent=0&asyncdest=T2_US_MIT&algoargs=100&cachefilename=0a2a6a16dc916efd60b49c93ae375b2a2b858d500872e02b45f014b532854461.tar.gz&numcores=1&generator=pythia&maxmemory=2000&publishdbsurl=https%3A%2F%2Fcmsweb.cern.ch%2Fdbs%2Fprod%2Fphys03%2FDBSWriter&priority=10&jobsw=CMSSW_7_5_4&primarydataset=PYTHIA_QCD_0T_TuneCUETP8M1_cfi_GEN_SIM_5020GeV&inputdata=&dryrun=0&workflow=crab_20151109_190541&nonprodsw=0&oneEventMode=0&cacheurl=https%3A%2F%2Fcmsweb.cern.ch%2Fcrabcache&saveoutput=1&publication=1&jobarch=slc6_amd64_gcc491&totalunits=60000&splitalgo=EventBased&nonvaliddata=0&dbsurl=https%3A%2F%2Fcmsweb.cern.ch%2Fdbs%2Fprod%2Fglobal%2FDBSReader&publishgroupname=0&jobtype=PrivateMC&publishname2=Pythia8_Dijet_0T_pthat170_pp_TuneCUETP8M1_Hydjet_MinBias_5020GeV_PrivMC&adduserfiles=rssLimit&sitewhitelist=T2_US_MIT&edmoutfiles=step1.root
DEBUG 2015-11-09 19:05:48,754: 	 Result: {'result': [{'RequestName': '151109_180548:rkunnawa_crab_20151109_190541'}]}
INFO 2015-11-09 19:05:48,780: 	 Success: Your task has been delivered to the CRAB3 server.
INFO 2015-11-09 19:05:48,780: 	 Task name: 151109_180548:rkunnawa_crab_20151109_190541
INFO 2015-11-09 19:05:48,781: 	 Please use 'crab status' to check how the submission process proceeds.
DEBUG 2015-11-09 19:05:48,781: 	 About to return
INFO 2015-11-09 19:05:48,784: 	 Log file is /afs/cern.ch/work/r/rkunnawa/Run2_Production/CMSSW_7_5_4/src/PbPb/0T/QCD_0T_TuneCUETP8M1_cfi_GEN_SIM_170/crab_20151109_190541/crab.log
