# Conditions read from  CMS_CONDITIONS  via FrontierProd 
DEBUG 2015-11-09 19:04:59,376: 	 Executing command: 'submit'
DEBUG 2015-11-09 19:04:59,377: 	 Found CRAB cache file /afs/cern.ch/user/r/rkunnawa/.crab3
DEBUG 2015-11-09 19:04:59,390: 	 Checking credentials
DEBUG 2015-11-09 19:04:59,390: 	 Found proxy file /tmp/x509up_u47972
DEBUG 2015-11-09 19:04:59,390: 	 Getting proxy life time left
DEBUG 2015-11-09 19:05:00,000: 	 Executing : 
 command : voms-proxy-info -file /tmp/x509up_u47972 -timeleft
 output : 86001

 error: 
 retcode : 0
DEBUG 2015-11-09 19:05:00,509: 	 Executing : 
 command : voms-proxy-info -file /tmp/x509up_u47972 -actimeleft
 output : 86000

 error: 
 retcode : 0
DEBUG 2015-11-09 19:05:00,510: 	 Proxy valid for 23:53:21 hours
INFO 2015-11-09 19:05:00,510: 	 Will use CRAB configuration file crabConfig.py
DEBUG 2015-11-09 19:05:00,510: 	 Loading CRAB configuration file.
DEBUG 2015-11-09 19:05:00,513: 	 Will use CRAB PrivateMC plugin (i.e. will run a MC generation job type).
DEBUG 2015-11-09 19:05:00,631: 	 Executing : 
 command : openssl x509 -in ~/.globus/usercert.pem -subject -noout
 output : subject= /DC=ch/DC=cern/OU=Organic Units/OU=Users/CN=rkunnawa/CN=748357/CN=Raghav Kunnawalkam Elayavalli

 error: WARNING: can't open config file: /build/dmwmbld/srv/state/dmwmbld/builds/comp_gcc481/w/tmp/BUILDROOT/ef35842be28ecca6d10195ea8182a5ac/build/dmwmbld/srv/state/dmwmbld/builds/comp_gcc481/w/slc6_amd64_gcc481/external/openssl/1.0.1p/ssl/openssl.cnf

 retcode : 0
DEBUG 2015-11-09 19:05:00,631: 	 Checking credentials
DEBUG 2015-11-09 19:05:00,631: 	 Found proxy file /tmp/x509up_u47972
DEBUG 2015-11-09 19:05:00,632: 	 Getting proxy life time left
DEBUG 2015-11-09 19:05:01,137: 	 Executing : 
 command : voms-proxy-info -file /tmp/x509up_u47972 -timeleft
 output : 85999

 error: 
 retcode : 0
DEBUG 2015-11-09 19:05:01,644: 	 Executing : 
 command : voms-proxy-info -file /tmp/x509up_u47972 -actimeleft
 output : 85999

 error: 
 retcode : 0
DEBUG 2015-11-09 19:05:01,644: 	 Proxy valid for 23:53:19 hours
DEBUG 2015-11-09 19:05:02,149: 	 Executing : 
 command : env X509_USER_PROXY=/tmp/x509up_u47972 voms-proxy-info -fqan
 output : /cms/Role=NULL/Capability=NULL
/cms/uscms/Role=NULL/Capability=NULL

 error: 
 retcode : 0
DEBUG 2015-11-09 19:05:02,530: 	 Registering user credentials for server /DC=ch/DC=cern/OU=computers/CN=vocms(045|052|021|031|0118|0118a|0119).cern.ch
DEBUG 2015-11-09 19:05:02,642: 	 Executing : 
 command : openssl x509 -in ~/.globus/usercert.pem -subject -noout
 output : subject= /DC=ch/DC=cern/OU=Organic Units/OU=Users/CN=rkunnawa/CN=748357/CN=Raghav Kunnawalkam Elayavalli

 error: WARNING: can't open config file: /build/dmwmbld/srv/state/dmwmbld/builds/comp_gcc481/w/tmp/BUILDROOT/ef35842be28ecca6d10195ea8182a5ac/build/dmwmbld/srv/state/dmwmbld/builds/comp_gcc481/w/slc6_amd64_gcc481/external/openssl/1.0.1p/ssl/openssl.cnf

 retcode : 0
DEBUG 2015-11-09 19:05:02,643: 	 Getting myproxy life time left for myproxy.cern.ch
DEBUG 2015-11-09 19:05:02,643: 	 Calculating hash of /DC=ch/DC=cern/OU=Organic Units/OU=Users/CN=rkunnawa/CN=748357/CN=Raghav Kunnawalkam Elayavalli_cmsweb.cern.ch for credential name
DEBUG 2015-11-09 19:05:03,047: 	 Executing : 
 command : myproxy-info -l f177240e44e51f49e4026efe0693b4e2b9fc52c9 -s myproxy.cern.ch
 output : username: f177240e44e51f49e4026efe0693b4e2b9fc52c9
owner: /DC=ch/DC=cern/OU=Organic Units/OU=Users/CN=rkunnawa/CN=748357/CN=Raghav Kunnawalkam Elayavalli
  renewal policy: /DC=ch/DC=cern/OU=computers/CN=vocms(045|052|021|031|0118|0118a|0119).cern.ch
  trusted retrieval policy: /DC=ch/DC=cern/OU=computers/CN=vocms(045|052|021|031|0118|0118a|0119).cern.ch
  timeleft: 429:56:29  (17.9 days)

 error: 
 retcode : 0
DEBUG 2015-11-09 19:05:03,048: 	 Myproxy is valid: 1547789
DEBUG 2015-11-09 19:05:03,048: 	 Command use: submit
DEBUG 2015-11-09 19:05:03,048: 	 Options use: ['-c', 'crabConfig.py']
DEBUG 2015-11-09 19:05:03,401: 	 CRABClient version: 3.3.1511
DEBUG 2015-11-09 19:05:03,401: 	 Instance is prod
DEBUG 2015-11-09 19:05:03,401: 	 Server base url is cmsweb.cern.ch
DEBUG 2015-11-09 19:05:03,401: 	 Command url /crabserver/prod/workflow
DEBUG 2015-11-09 19:05:03,401: 	 Started submission
DEBUG 2015-11-09 19:05:03,401: 	 Working on /afs/cern.ch/work/r/rkunnawa/Run2_Production/CMSSW_7_5_4/src/PbPb/0T/QCD_0T_TuneCUETP8M1_cfi_GEN_SIM_30/crab_20151109_190500
DEBUG 2015-11-09 19:05:03,999: 	 Loading required information from the environment
DEBUG 2015-11-09 19:05:03,999: 	 Found CMSSW_7_5_4 for slc6_amd64_gcc491 with base /afs/cern.ch/work/r/rkunnawa/Run2_Production/CMSSW_7_5_4
DEBUG 2015-11-09 19:05:04,023: 	 UNIQUE NAME: tarUUID 8e570f28-fb72-4c2f-b1ff-07556a88417d 
DEBUG 2015-11-09 19:05:04,024: 	 self.config: from WMCore.Configuration import Configuration
config = Configuration()
config.section_('General')
config.General.transferOutputs = True
config.section_('JobType')
config.JobType.psetName = 'QCD_0T_TuneCUETP8M1_cfi_GEN_SIM_30.py'
config.JobType.pluginName = 'PrivateMC'
config.JobType.inputFiles = ['rssLimit']
config.JobType.outputFiles = ['step1.root']
config.section_('Data')
config.Data.outputDatasetTag = 'Pythia8_Dijet_0T_pthat30_pp_TuneCUETP8M1_Hydjet_MinBias_5020GeV_PrivMC'
config.Data.totalUnits = 60000
config.Data.unitsPerJob = 100
config.Data.splitting = 'EventBased'
config.Data.outputPrimaryDataset = 'PYTHIA_QCD_0T_TuneCUETP8M1_cfi_GEN_SIM_5020GeV'
config.Data.publication = True
config.section_('User')
config.section_('Site')
config.Site.whitelist = ['T2_US_MIT']
config.Site.storageSite = 'T2_US_MIT'

DEBUG 2015-11-09 19:05:04,024: 	 self.config.JobType.psetName: QCD_0T_TuneCUETP8M1_cfi_GEN_SIM_30.py
INFO 2015-11-09 19:05:04,024: 	 Importing CMSSW configuration QCD_0T_TuneCUETP8M1_cfi_GEN_SIM_30.py
INFO 2015-11-09 19:05:07,858: 	 Finished importing CMSSW configuration QCD_0T_TuneCUETP8M1_cfi_GEN_SIM_30.py
DEBUG 2015-11-09 19:05:07,859: 	 Writing CMSSW configuration to /afs/cern.ch/work/r/rkunnawa/Run2_Production/CMSSW_7_5_4/src/PbPb/0T/QCD_0T_TuneCUETP8M1_cfi_GEN_SIM_30/crab_20151109_190500/inputs/PSet.py
DEBUG 2015-11-09 19:05:08,285: 	 The following EDM output files will be collected: ['step1.root']
DEBUG 2015-11-09 19:05:08,285: 	 The following TFile output files will be collected: []
DEBUG 2015-11-09 19:05:08,285: 	 The following user output files will be collected: []
DEBUG 2015-11-09 19:05:08,285: 	 Loading required information from the environment
DEBUG 2015-11-09 19:05:08,285: 	 Found CMSSW_7_5_4 for slc6_amd64_gcc491 with base /afs/cern.ch/work/r/rkunnawa/Run2_Production/CMSSW_7_5_4
DEBUG 2015-11-09 19:05:08,285: 	 Making tarball in /afs/cern.ch/work/r/rkunnawa/Run2_Production/CMSSW_7_5_4/src/PbPb/0T/QCD_0T_TuneCUETP8M1_cfi_GEN_SIM_30/crab_20151109_190500/inputs/8e570f28-fb72-4c2f-b1ff-07556a88417ddefault.tgz
DEBUG 2015-11-09 19:05:08,287: 	 Checking directory /afs/cern.ch/work/r/rkunnawa/Run2_Production/CMSSW_7_5_4/lib
DEBUG 2015-11-09 19:05:08,287: 	 Adding directory /afs/cern.ch/work/r/rkunnawa/Run2_Production/CMSSW_7_5_4/lib to tarball
DEBUG 2015-11-09 19:05:08,291: 	 Checking directory /afs/cern.ch/work/r/rkunnawa/Run2_Production/CMSSW_7_5_4/biglib
DEBUG 2015-11-09 19:05:08,291: 	 Adding directory /afs/cern.ch/work/r/rkunnawa/Run2_Production/CMSSW_7_5_4/biglib to tarball
DEBUG 2015-11-09 19:05:08,292: 	 Checking directory /afs/cern.ch/work/r/rkunnawa/Run2_Production/CMSSW_7_5_4/module
DEBUG 2015-11-09 19:05:08,347: 	 Adding file rssLimit to tarball
DEBUG 2015-11-09 19:05:08,447: 	 Uploading archive /afs/cern.ch/work/r/rkunnawa/Run2_Production/CMSSW_7_5_4/src/PbPb/0T/QCD_0T_TuneCUETP8M1_cfi_GEN_SIM_30/crab_20151109_190500/inputs/8e570f28-fb72-4c2f-b1ff-07556a88417ddefault.tgz to the CRAB cache. Using URI https://cmsweb.cern.ch/crabcache
DEBUG 2015-11-09 19:05:08,991: 	 Result uploading input files: 2215b4ca718182e2b0cd890667be42117373ca3c727998316ada608c6d2f8cb4.tar.gz 
INFO 2015-11-09 19:05:08,992: 	 Sending the request to the server
DEBUG 2015-11-09 19:05:08,992: 	 Submitting {'maxjobruntime': 1250, 'adduserfiles': ['rssLimit'], 'ignorelocality': 0, 'savelogsflag': 0, 'useparent': 0, 'asyncdest': 'T2_US_MIT', 'algoargs': 100, 'cachefilename': '2215b4ca718182e2b0cd890667be42117373ca3c727998316ada608c6d2f8cb4.tar.gz', 'numcores': 1, 'addoutputfiles': [], 'generator': 'pythia', 'maxmemory': 2000, 'publishdbsurl': 'https://cmsweb.cern.ch/dbs/prod/phys03/DBSWriter', 'priority': 10, 'jobsw': 'CMSSW_7_5_4', 'edmoutfiles': ['step1.root'], 'userfiles': [], 'primarydataset': 'PYTHIA_QCD_0T_TuneCUETP8M1_cfi_GEN_SIM_5020GeV', 'inputdata': '', 'dryrun': 0, 'workflow': 'crab_20151109_190500', 'sitewhitelist': ['T2_US_MIT'], 'nonprodsw': 0, 'tfileoutfiles': [], 'oneEventMode': 0, 'cacheurl': 'https://cmsweb.cern.ch/crabcache', 'saveoutput': 1, 'publication': 1, 'jobarch': 'slc6_amd64_gcc491', 'totalunits': 60000, 'splitalgo': 'EventBased', 'nonvaliddata': 0, 'dbsurl': 'https://cmsweb.cern.ch/dbs/prod/global/DBSReader', 'publishgroupname': 0, 'jobtype': 'PrivateMC', 'publishname2': 'Pythia8_Dijet_0T_pthat30_pp_TuneCUETP8M1_Hydjet_MinBias_5020GeV_PrivMC'} 
DEBUG 2015-11-09 19:05:08,993: 	 Encoded submit request: maxjobruntime=1250&ignorelocality=0&savelogsflag=0&useparent=0&asyncdest=T2_US_MIT&algoargs=100&cachefilename=2215b4ca718182e2b0cd890667be42117373ca3c727998316ada608c6d2f8cb4.tar.gz&numcores=1&generator=pythia&maxmemory=2000&publishdbsurl=https%3A%2F%2Fcmsweb.cern.ch%2Fdbs%2Fprod%2Fphys03%2FDBSWriter&priority=10&jobsw=CMSSW_7_5_4&primarydataset=PYTHIA_QCD_0T_TuneCUETP8M1_cfi_GEN_SIM_5020GeV&inputdata=&dryrun=0&workflow=crab_20151109_190500&nonprodsw=0&oneEventMode=0&cacheurl=https%3A%2F%2Fcmsweb.cern.ch%2Fcrabcache&saveoutput=1&publication=1&jobarch=slc6_amd64_gcc491&totalunits=60000&splitalgo=EventBased&nonvaliddata=0&dbsurl=https%3A%2F%2Fcmsweb.cern.ch%2Fdbs%2Fprod%2Fglobal%2FDBSReader&publishgroupname=0&jobtype=PrivateMC&publishname2=Pythia8_Dijet_0T_pthat30_pp_TuneCUETP8M1_Hydjet_MinBias_5020GeV_PrivMC&adduserfiles=rssLimit&sitewhitelist=T2_US_MIT&edmoutfiles=step1.root
DEBUG 2015-11-09 19:05:10,147: 	 Result: {'result': [{'RequestName': '151109_180509:rkunnawa_crab_20151109_190500'}]}
INFO 2015-11-09 19:05:10,150: 	 Success: Your task has been delivered to the CRAB3 server.
INFO 2015-11-09 19:05:10,151: 	 Task name: 151109_180509:rkunnawa_crab_20151109_190500
INFO 2015-11-09 19:05:10,151: 	 Please use 'crab status' to check how the submission process proceeds.
DEBUG 2015-11-09 19:05:10,151: 	 About to return
INFO 2015-11-09 19:05:10,155: 	 Log file is /afs/cern.ch/work/r/rkunnawa/Run2_Production/CMSSW_7_5_4/src/PbPb/0T/QCD_0T_TuneCUETP8M1_cfi_GEN_SIM_30/crab_20151109_190500/crab.log
DEBUG 2015-11-10 03:07:28,143: 	 Executing command: 'status'
DEBUG 2015-11-10 03:07:28,144: 	 Found CRAB cache file /afs/cern.ch/user/r/rkunnawa/.crab3
DEBUG 2015-11-10 03:07:28,175: 	 Checking credentials
DEBUG 2015-11-10 03:07:28,176: 	 Found proxy file /tmp/x509up_u47972
DEBUG 2015-11-10 03:07:28,176: 	 Getting proxy life time left
DEBUG 2015-11-10 03:07:28,983: 	 Executing : 
 command : voms-proxy-info -file /tmp/x509up_u47972 -timeleft
 output : 86127

 error: 
 retcode : 0
DEBUG 2015-11-10 03:07:29,593: 	 Executing : 
 command : voms-proxy-info -file /tmp/x509up_u47972 -actimeleft
 output : 86126

 error: 
 retcode : 0
DEBUG 2015-11-10 03:07:29,594: 	 Proxy valid for 23:55:27 hours
DEBUG 2015-11-10 03:07:29,760: 	 Executing : 
 command : openssl x509 -in ~/.globus/usercert.pem -subject -noout
 output : subject= /DC=ch/DC=cern/OU=Organic Units/OU=Users/CN=rkunnawa/CN=748357/CN=Raghav Kunnawalkam Elayavalli

 error: WARNING: can't open config file: /build/dmwmbld/srv/state/dmwmbld/builds/comp_gcc481/w/tmp/BUILDROOT/ef35842be28ecca6d10195ea8182a5ac/build/dmwmbld/srv/state/dmwmbld/builds/comp_gcc481/w/slc6_amd64_gcc481/external/openssl/1.0.1p/ssl/openssl.cnf

 retcode : 0
DEBUG 2015-11-10 03:07:29,760: 	 Checking credentials
DEBUG 2015-11-10 03:07:29,760: 	 Found proxy file /tmp/x509up_u47972
DEBUG 2015-11-10 03:07:29,761: 	 Getting proxy life time left
DEBUG 2015-11-10 03:07:30,371: 	 Executing : 
 command : voms-proxy-info -file /tmp/x509up_u47972 -timeleft
 output : 86125

 error: 
 retcode : 0
DEBUG 2015-11-10 03:07:30,987: 	 Executing : 
 command : voms-proxy-info -file /tmp/x509up_u47972 -actimeleft
 output : 86125

 error: 
 retcode : 0
DEBUG 2015-11-10 03:07:30,987: 	 Proxy valid for 23:55:25 hours
ERROR 2015-11-10 03:12:30,990: 	 (28, 'Operation timed out after 300000 milliseconds with 0 bytes received')
ERROR 2015-11-10 03:12:30,990: 	 Caught exception
Traceback (most recent call last):
  File "/cvmfs/cms.cern.ch/crab3/slc6_amd64_gcc481/cms/crabclient/3.3.1511/bin/crab", line 159, in <module>
    client()
  File "/cvmfs/cms.cern.ch/crab3/slc6_amd64_gcc481/cms/crabclient/3.3.1511/bin/crab", line 145, in __call__
    self.cmd = sub_cmd(self.logger, args[1:])
  File "/cvmfs/cms.cern.ch/crab3/slc6_amd64_gcc481/cms/crabclient/3.3.1511/lib/python2.6/site-packages/CRABClient/Commands/SubCommand.py", line 336, in __init__
    self.handleProxy(proxyOptsSetPlace)
  File "/cvmfs/cms.cern.ch/crab3/slc6_amd64_gcc481/cms/crabclient/3.3.1511/lib/python2.6/site-packages/CRABClient/Commands/SubCommand.py", line 411, in handleProxy
    all_task_workers_dns = server_info('delegatedn', self.serverurl, self.proxyfilename, baseurl)
  File "/cvmfs/cms.cern.ch/crab3/slc6_amd64_gcc481/cms/crabclient/3.3.1511/lib/python2.6/site-packages/CRABClient/ClientUtilities.py", line 663, in server_info
    dictresult, status, reason = server.get(baseurl, requestdict)
  File "/cvmfs/cms.cern.ch/crab3/slc6_amd64_gcc481/cms/crabclient/3.3.1511/lib/python2.6/site-packages/RESTInteractions.py", line 63, in get
    return self.makeRequest(uri = uri, data = data, verb = 'GET')
  File "/cvmfs/cms.cern.ch/crab3/slc6_amd64_gcc481/cms/crabclient/3.3.1511/lib/python2.6/site-packages/RESTInteractions.py", line 113, in makeRequest
    capath=caCertPath)#, verbose=True)# for debug
  File "/cvmfs/cms.cern.ch/crab3/slc6_amd64_gcc481/cms/crabclient/3.3.1511/lib/python2.6/site-packages/WMCore/Services/pycurl_manager.py", line 158, in request
    curl.perform()
error: (28, 'Operation timed out after 300000 milliseconds with 0 bytes received')
INFO 2015-11-10 03:12:30,990: 	 It seems the CMSWEB frontend is not responding. Please check: https://twiki.cern.ch/twiki/bin/viewauth/CMS/ScheduledInterventions
